2016-12-04 18:00:53.8188|INFO|TraineeHelper.Web.Helpers.NLogger|JSON
Method: POST
URL: http://localhost:57906/get/token
Controller : TraineeHelper.Web.Controllers.AuthenticateController
Action : Authenticate
Action Parameters : {"messageFormat":"JSON","messageArguments":[{"user":{"Id":null,"UserType":null,"UserName":null,"Password":"123456","Email":"bobo@gmail.com","Location":null,"Description":null,"PhoneNumber":null,"PhoneVisibility":false,"UserVisibility":true,"IsActive":true,"Created":"\/Date(1480867253627)\/","Modified":"\/Date(1480867253627)\/","Name":null,"Birthday":"\/Date(-62135596800000)\/"}}]}

2016-12-04 18:01:08.8663|INFO|TraineeHelper.Web.Helpers.NLogger|JSON
Method: GET
URL: http://localhost:57906/findUser?userName=u
Controller : TraineeHelper.Web.Controllers.SearchDataController
Action : FindUser
Action Parameters : {"messageFormat":"JSON","messageArguments":[{"userName":"u"}]}

2016-12-04 18:01:26.6300|INFO|TraineeHelper.Web.Helpers.NLogger|JSON
Method: POST
URL: http://localhost:57906/RequestConnection
Controller : TraineeHelper.Web.Controllers.ConnectionController
Action : RequestConnection
Action Parameters : {"messageFormat":"JSON","messageArguments":[{"model":{"Id":null,"Addressed":"582dc19ba719fa2f406f774a","ToAddressee":"58341fc6a719fa3138095e1c","ConnectionStatus":0,"ConnectionType":0,"IsActive":false,"Description":null,"Created":"\/Date(-62135596800000)\/","Modified":"\/Date(-62135596800000)\/"}}]}

2016-12-04 18:02:10.1670|INFO|TraineeHelper.Web.Helpers.NLogger|JSON
Method: POST
URL: http://localhost:57906/get/token
Controller : TraineeHelper.Web.Controllers.AuthenticateController
Action : Authenticate
Action Parameters : {"messageFormat":"JSON","messageArguments":[{"user":{"Id":null,"UserType":null,"UserName":null,"Password":"123456","Email":"momo@gmail.com","Location":null,"Description":null,"PhoneNumber":null,"PhoneVisibility":false,"UserVisibility":true,"IsActive":true,"Created":"\/Date(1480867330162)\/","Modified":"\/Date(1480867330162)\/","Name":null,"Birthday":"\/Date(-62135596800000)\/"}}]}

2016-12-04 18:02:19.3475|INFO|TraineeHelper.Web.Helpers.NLogger|JSON
Method: POST
URL: http://localhost:57906/ApproveRequest?id=58443dd9a719fa3db8af80a0
Controller : TraineeHelper.Web.Controllers.ConnectionController
Action : ApproveRequest
Action Parameters : {"messageFormat":"JSON","messageArguments":[{"id":"58443dd9a719fa3db8af80a0"}]}

2016-12-04 18:05:20.8502|INFO|TraineeHelper.Web.Helpers.NLogger|JSON
Method: POST
URL: http://localhost:57906/RequestConnection
Controller : TraineeHelper.Web.Controllers.ConnectionController
Action : RequestConnection
Action Parameters : {"messageFormat":"JSON","messageArguments":[{"model":{"Id":null,"Addressed":"582dc19ba719fa2f406f774a","ToAddressee":"58341fc6a719fa3138095e1c","ConnectionStatus":0,"ConnectionType":0,"IsActive":false,"Description":null,"Created":"\/Date(-62135596800000)\/","Modified":"\/Date(-62135596800000)\/"}}]}

2016-12-04 18:07:25.4971|INFO|TraineeHelper.Web.Helpers.NLogger|JSON
Method: POST
URL: http://localhost:57906/RequestConnection
Controller : TraineeHelper.Web.Controllers.ConnectionController
Action : RequestConnection
Action Parameters : {"messageFormat":"JSON","messageArguments":[{"model":{"Id":null,"Addressed":"582dc19ba719fa2f406f774a","ToAddressee":"58341fc6a719fa3138095e1c","ConnectionStatus":0,"ConnectionType":0,"IsActive":false,"Description":null,"Created":"\/Date(-62135596800000)\/","Modified":"\/Date(-62135596800000)\/"}}]}

2016-12-04 18:09:01.7304|INFO|TraineeHelper.Web.Helpers.NLogger|JSON
Method: GET
URL: http://localhost:57906/findUser?userName=u
Controller : TraineeHelper.Web.Controllers.SearchDataController
Action : FindUser
Action Parameters : {"messageFormat":"JSON","messageArguments":[{"userName":"u"}]}

2016-12-04 18:32:36.3269|INFO|TraineeHelper.Web.Helpers.NLogger|JSON
Method: POST
URL: http://localhost:57906/RequestConnection
Controller : TraineeHelper.Web.Controllers.ConnectionController
Action : RequestConnection
Action Parameters : {"messageFormat":"JSON","messageArguments":[{"model":{"Id":null,"Addressed":"582dc19ba719fa2f406f774a","ToAddressee":"58341fc6a719fa3138095e1c","ConnectionStatus":0,"ConnectionType":0,"IsActive":false,"Description":null,"Created":"\/Date(-62135596800000)\/","Modified":"\/Date(-62135596800000)\/"}}]}

2016-12-04 18:34:12.0933|INFO|TraineeHelper.Web.Helpers.NLogger|JSON
Method: GET
URL: http://localhost:57906/findUser?userName=u
Controller : TraineeHelper.Web.Controllers.SearchDataController
Action : FindUser
Action Parameters : {"messageFormat":"JSON","messageArguments":[{"userName":"u"}]}

2016-12-04 18:34:36.6194|INFO|TraineeHelper.Web.Helpers.NLogger|JSON
Method: POST
URL: http://localhost:57906/get/token
Controller : TraineeHelper.Web.Controllers.AuthenticateController
Action : Authenticate
Action Parameters : {"messageFormat":"JSON","messageArguments":[{"user":{"Id":null,"UserType":null,"UserName":null,"Password":"123456","Email":"bobo@gmail.com","Location":null,"Description":null,"PhoneNumber":null,"PhoneVisibility":false,"UserVisibility":true,"IsActive":true,"Created":"\/Date(1480869276613)\/","Modified":"\/Date(1480869276613)\/","Name":null,"Birthday":"\/Date(-62135596800000)\/"}}]}

2016-12-04 18:34:50.8056|INFO|TraineeHelper.Web.Helpers.NLogger|JSON
Method: GET
URL: http://localhost:57906/findUser?userName=u
Controller : TraineeHelper.Web.Controllers.SearchDataController
Action : FindUser
Action Parameters : {"messageFormat":"JSON","messageArguments":[{"userName":"u"}]}

2016-12-04 18:35:07.7469|INFO|TraineeHelper.Web.Helpers.NLogger|JSON
Method: GET
URL: http://localhost:57906/findUser?userName=u
Controller : TraineeHelper.Web.Controllers.SearchDataController
Action : FindUser
Action Parameters : {"messageFormat":"JSON","messageArguments":[{"userName":"u"}]}

2016-12-04 18:38:29.2592|INFO|TraineeHelper.Web.Helpers.NLogger|JSON
Method: GET
URL: http://localhost:57906/api/ConnectionInformation?id=5842d72ba719fa2bfc479da0
Controller : TraineeHelper.Web.Controllers.ConnectionController
Action : ConnectionInformation
Action Parameters : {"messageFormat":"JSON","messageArguments":[{"id":"5842d72ba719fa2bfc479da0"}]}

2016-12-04 18:38:29.3072|INFO|TraineeHelper.Web.Helpers.NLogger|JSON
Method: GET
URL: http://localhost:57906/FinduserById?userId=58341fc6a719fa3138095e1c
Controller : TraineeHelper.Web.Controllers.SearchDataController
Action : FinduserById
Action Parameters : {"messageFormat":"JSON","messageArguments":[{"userId":"58341fc6a719fa3138095e1c"}]}

2016-12-04 18:59:31.6760|INFO|TraineeHelper.Web.Helpers.NLogger|JSON
Method: GET
URL: http://localhost:57906/api/ConnectionInformation?id=5842d72ba719fa2bfc479da0
Controller : TraineeHelper.Web.Controllers.ConnectionController
Action : ConnectionInformation
Action Parameters : {"messageFormat":"JSON","messageArguments":[{"id":"5842d72ba719fa2bfc479da0"}]}

2016-12-04 18:59:32.0228|INFO|TraineeHelper.Web.Helpers.NLogger|JSON
Method: GET
URL: http://localhost:57906/FinduserById?userId=58341fc6a719fa3138095e1c
Controller : TraineeHelper.Web.Controllers.SearchDataController
Action : FinduserById
Action Parameters : {"messageFormat":"JSON","messageArguments":[{"userId":"58341fc6a719fa3138095e1c"}]}

2016-12-04 20:10:59.3394|INFO|TraineeHelper.Web.Helpers.NLogger|JSON
Method: GET
URL: http://localhost:57906/api/ConnectionInformation?id=5842d72ba719fa2bfc479da0
Controller : TraineeHelper.Web.Controllers.ConnectionController
Action : ConnectionInformation
Action Parameters : {"messageFormat":"JSON","messageArguments":[{"id":"5842d72ba719fa2bfc479da0"}]}

2016-12-04 20:10:59.7082|INFO|TraineeHelper.Web.Helpers.NLogger|JSON
Method: GET
URL: http://localhost:57906/FinduserById?userId=58341fc6a719fa3138095e1c
Controller : TraineeHelper.Web.Controllers.SearchDataController
Action : FinduserById
Action Parameters : {"messageFormat":"JSON","messageArguments":[{"userId":"58341fc6a719fa3138095e1c"}]}

2016-12-04 20:20:08.3343|INFO|TraineeHelper.Web.Helpers.NLogger|JSON
Method: GET
URL: http://localhost:57906/api/ConnectionInformation?id=5842d72ba719fa2bfc479da0
Controller : TraineeHelper.Web.Controllers.ConnectionController
Action : ConnectionInformation
Action Parameters : {"messageFormat":"JSON","messageArguments":[{"id":"5842d72ba719fa2bfc479da0"}]}

2016-12-04 20:20:08.6919|INFO|TraineeHelper.Web.Helpers.NLogger|JSON
Method: GET
URL: http://localhost:57906/FinduserById?userId=58341fc6a719fa3138095e1c
Controller : TraineeHelper.Web.Controllers.SearchDataController
Action : FinduserById
Action Parameters : {"messageFormat":"JSON","messageArguments":[{"userId":"58341fc6a719fa3138095e1c"}]}

