2016-11-16 09:44:36.3530|INFO|TraineeHelper.Web.Helpers.NLogger|JSON
Method: POST
URL: http://localhost:57906/ViewUser
Controller : TraineeHelper.Web.Controllers.SearchDataController
Action : ViewUser
Action Parameters : {"messageFormat":"JSON","messageArguments":[{"userProfileDemoContext":{"Id":"581b1f6da719fa2e8c18a0f4","UserType":null,"UserName":null}}]}

2016-11-16 09:45:07.4043|INFO|TraineeHelper.Web.Helpers.NLogger|JSON
Method: POST
URL: http://localhost:57906/ViewUser
Controller : TraineeHelper.Web.Controllers.SearchDataController
Action : ViewUser
Action Parameters : {"messageFormat":"JSON","messageArguments":[{"userProfileDemoContext":{"Id":"581b1f6da719fa2e8c18a0f4","UserType":null,"UserName":null}}]}

2016-11-16 09:56:50.4234|INFO|TraineeHelper.Web.Helpers.NLogger|JSON
Method: POST
URL: http://localhost:57906/findUser?userName=a
Controller : TraineeHelper.Web.Controllers.SearchDataController
Action : FindUser
Action Parameters : {"messageFormat":"JSON","messageArguments":[{"userName":"a"}]}

2016-11-16 09:57:15.2125|INFO|TraineeHelper.Web.Helpers.NLogger|JSON
Method: POST
URL: http://localhost:57906/ViewUser
Controller : TraineeHelper.Web.Controllers.SearchDataController
Action : ViewUser
Action Parameters : {"messageFormat":"JSON","messageArguments":[{"userProfileDemoContext":{"Id":"581b1f6da719fa2e8c18a0f4","UserType":null,"UserName":null}}]}

2016-11-16 09:58:00.0089|INFO|TraineeHelper.Web.Helpers.NLogger|JSON
Method: POST
URL: http://localhost:57906/findUser?userName=a
Controller : TraineeHelper.Web.Controllers.SearchDataController
Action : FindUser
Action Parameters : {"messageFormat":"JSON","messageArguments":[{"userName":"a"}]}

2016-11-16 09:58:01.6319|INFO|TraineeHelper.Web.Helpers.NLogger|JSON
Method: POST
URL: http://localhost:57906/ViewUser
Controller : TraineeHelper.Web.Controllers.SearchDataController
Action : ViewUser
Action Parameters : {"messageFormat":"JSON","messageArguments":[{"userProfileDemoContext":{"Id":"581b1f6da719fa2e8c18a0f4","UserType":null,"UserName":null}}]}

2016-11-16 09:58:25.5230|INFO|TraineeHelper.Web.Helpers.NLogger|JSON
Method: POST
URL: http://localhost:57906/findUser?userName=a
Controller : TraineeHelper.Web.Controllers.SearchDataController
Action : FindUser
Action Parameters : {"messageFormat":"JSON","messageArguments":[{"userName":"a"}]}

2016-11-16 09:58:26.5267|INFO|TraineeHelper.Web.Helpers.NLogger|JSON
Method: POST
URL: http://localhost:57906/ViewUser
Controller : TraineeHelper.Web.Controllers.SearchDataController
Action : ViewUser
Action Parameters : {"messageFormat":"JSON","messageArguments":[{"userProfileDemoContext":{"Id":"581b1f6da719fa2e8c18a0f4","UserType":null,"UserName":null}}]}

2016-11-16 09:58:52.3188|INFO|TraineeHelper.Web.Helpers.NLogger|JSON
Method: POST
URL: http://localhost:57906/findUser?userName=a
Controller : TraineeHelper.Web.Controllers.SearchDataController
Action : FindUser
Action Parameters : {"messageFormat":"JSON","messageArguments":[{"userName":"a"}]}

2016-11-16 09:58:54.1105|INFO|TraineeHelper.Web.Helpers.NLogger|JSON
Method: POST
URL: http://localhost:57906/ViewUser
Controller : TraineeHelper.Web.Controllers.SearchDataController
Action : ViewUser
Action Parameters : {"messageFormat":"JSON","messageArguments":[{"userProfileDemoContext":{"Id":"581b1f6da719fa2e8c18a0f4","UserType":null,"UserName":null}}]}

2016-11-16 10:00:00.8002|INFO|TraineeHelper.Web.Helpers.NLogger|JSON
Method: POST
URL: http://localhost:57906/findUser?userName=a
Controller : TraineeHelper.Web.Controllers.SearchDataController
Action : FindUser
Action Parameters : {"messageFormat":"JSON","messageArguments":[{"userName":"a"}]}

2016-11-16 10:00:01.6660|INFO|TraineeHelper.Web.Helpers.NLogger|JSON
Method: POST
URL: http://localhost:57906/ViewUser
Controller : TraineeHelper.Web.Controllers.SearchDataController
Action : ViewUser
Action Parameters : {"messageFormat":"JSON","messageArguments":[{"userProfileDemoContext":{"Id":"581b1f6da719fa2e8c18a0f4","UserType":null,"UserName":null}}]}

2016-11-16 10:00:28.6456|INFO|TraineeHelper.Web.Helpers.NLogger|JSON
Method: POST
URL: http://localhost:57906/findUser?userName=a
Controller : TraineeHelper.Web.Controllers.SearchDataController
Action : FindUser
Action Parameters : {"messageFormat":"JSON","messageArguments":[{"userName":"a"}]}

2016-11-16 10:00:32.2002|INFO|TraineeHelper.Web.Helpers.NLogger|JSON
Method: POST
URL: http://localhost:57906/findUser?userName=a
Controller : TraineeHelper.Web.Controllers.SearchDataController
Action : FindUser
Action Parameters : {"messageFormat":"JSON","messageArguments":[{"userName":"a"}]}

2016-11-16 10:00:32.9853|INFO|TraineeHelper.Web.Helpers.NLogger|JSON
Method: POST
URL: http://localhost:57906/ViewUser
Controller : TraineeHelper.Web.Controllers.SearchDataController
Action : ViewUser
Action Parameters : {"messageFormat":"JSON","messageArguments":[{"userProfileDemoContext":{"Id":"581b1f6da719fa2e8c18a0f4","UserType":null,"UserName":null}}]}

2016-11-16 10:14:25.0302|INFO|TraineeHelper.Web.Helpers.NLogger|JSON
Method: POST
URL: http://localhost:57906/findUser?userName=q
Controller : TraineeHelper.Web.Controllers.SearchDataController
Action : FindUser
Action Parameters : {"messageFormat":"JSON","messageArguments":[{"userName":"q"}]}

2016-11-16 10:14:30.5454|INFO|TraineeHelper.Web.Helpers.NLogger|JSON
Method: POST
URL: http://localhost:57906/findUser?userName=a
Controller : TraineeHelper.Web.Controllers.SearchDataController
Action : FindUser
Action Parameters : {"messageFormat":"JSON","messageArguments":[{"userName":"a"}]}

2016-11-16 10:14:31.8530|INFO|TraineeHelper.Web.Helpers.NLogger|JSON
Method: POST
URL: http://localhost:57906/ViewUser
Controller : TraineeHelper.Web.Controllers.SearchDataController
Action : ViewUser
Action Parameters : {"messageFormat":"JSON","messageArguments":[{"userProfileDemoContext":{"Id":"581b1f6da719fa2e8c18a0f4","UserType":null,"UserName":null}}]}

2016-11-16 10:18:05.7836|INFO|TraineeHelper.Web.Helpers.NLogger|JSON
Method: POST
URL: http://localhost:57906/findUser?userName=a
Controller : TraineeHelper.Web.Controllers.SearchDataController
Action : FindUser
Action Parameters : {"messageFormat":"JSON","messageArguments":[{"userName":"a"}]}

2016-11-16 10:18:07.2544|INFO|TraineeHelper.Web.Helpers.NLogger|JSON
Method: POST
URL: http://localhost:57906/ViewUser
Controller : TraineeHelper.Web.Controllers.SearchDataController
Action : ViewUser
Action Parameters : {"messageFormat":"JSON","messageArguments":[{"userProfileDemoContext":{"Id":"581b1f6da719fa2e8c18a0f4","UserType":null,"UserName":null}}]}

2016-11-16 10:18:47.3217|INFO|TraineeHelper.Web.Helpers.NLogger|JSON
Method: POST
URL: http://localhost:57906/findUser?userName=a
Controller : TraineeHelper.Web.Controllers.SearchDataController
Action : FindUser
Action Parameters : {"messageFormat":"JSON","messageArguments":[{"userName":"a"}]}

2016-11-16 10:19:02.7971|INFO|TraineeHelper.Web.Helpers.NLogger|JSON
Method: POST
URL: http://localhost:57906/ViewUser
Controller : TraineeHelper.Web.Controllers.SearchDataController
Action : ViewUser
Action Parameters : {"messageFormat":"JSON","messageArguments":[{"userProfileDemoContext":{"Id":"581b1f6da719fa2e8c18a0f4","UserType":null,"UserName":null}}]}

2016-11-16 10:20:43.5823|INFO|TraineeHelper.Web.Helpers.NLogger|JSON
Method: POST
URL: http://localhost:57906/findUser?userName=a
Controller : TraineeHelper.Web.Controllers.SearchDataController
Action : FindUser
Action Parameters : {"messageFormat":"JSON","messageArguments":[{"userName":"a"}]}

2016-11-16 10:20:45.9035|INFO|TraineeHelper.Web.Helpers.NLogger|JSON
Method: POST
URL: http://localhost:57906/ViewUser
Controller : TraineeHelper.Web.Controllers.SearchDataController
Action : ViewUser
Action Parameters : {"messageFormat":"JSON","messageArguments":[{"userProfileDemoContext":{"Id":"581b1f6da719fa2e8c18a0f4","UserType":null,"UserName":null}}]}

2016-11-16 10:23:49.5684|INFO|TraineeHelper.Web.Helpers.NLogger|JSON
Method: POST
URL: http://localhost:57906/findUser?userName=a
Controller : TraineeHelper.Web.Controllers.SearchDataController
Action : FindUser
Action Parameters : {"messageFormat":"JSON","messageArguments":[{"userName":"a"}]}

2016-11-16 10:23:51.3099|INFO|TraineeHelper.Web.Helpers.NLogger|JSON
Method: POST
URL: http://localhost:57906/ViewUser
Controller : TraineeHelper.Web.Controllers.SearchDataController
Action : ViewUser
Action Parameters : {"messageFormat":"JSON","messageArguments":[{"userProfileDemoContext":{"Id":"581b1f6da719fa2e8c18a0f4","UserType":null,"UserName":null}}]}

2016-11-16 10:24:57.9915|INFO|TraineeHelper.Web.Helpers.NLogger|JSON
Method: POST
URL: http://localhost:57906/findUser?userName=a
Controller : TraineeHelper.Web.Controllers.SearchDataController
Action : FindUser
Action Parameters : {"messageFormat":"JSON","messageArguments":[{"userName":"a"}]}

2016-11-16 10:24:59.4823|INFO|TraineeHelper.Web.Helpers.NLogger|JSON
Method: POST
URL: http://localhost:57906/ViewUser
Controller : TraineeHelper.Web.Controllers.SearchDataController
Action : ViewUser
Action Parameters : {"messageFormat":"JSON","messageArguments":[{"userProfileDemoContext":{"Id":"581b1f6da719fa2e8c18a0f4","UserType":null,"UserName":null}}]}

2016-11-16 10:27:18.5806|INFO|TraineeHelper.Web.Helpers.NLogger|JSON
Method: POST
URL: http://localhost:57906/findUser?userName=a
Controller : TraineeHelper.Web.Controllers.SearchDataController
Action : FindUser
Action Parameters : {"messageFormat":"JSON","messageArguments":[{"userName":"a"}]}

2016-11-16 10:27:23.6818|INFO|TraineeHelper.Web.Helpers.NLogger|JSON
Method: POST
URL: http://localhost:57906/ViewUser
Controller : TraineeHelper.Web.Controllers.SearchDataController
Action : ViewUser
Action Parameters : {"messageFormat":"JSON","messageArguments":[{"userProfileDemoContext":{"Id":"581b1f6da719fa2e8c18a0f4","UserType":null,"UserName":null}}]}

2016-11-16 10:28:59.5441|INFO|TraineeHelper.Web.Helpers.NLogger|JSON
Method: POST
URL: http://localhost:57906/findUser?userName=a
Controller : TraineeHelper.Web.Controllers.SearchDataController
Action : FindUser
Action Parameters : {"messageFormat":"JSON","messageArguments":[{"userName":"a"}]}

2016-11-16 10:29:00.5499|INFO|TraineeHelper.Web.Helpers.NLogger|JSON
Method: POST
URL: http://localhost:57906/ViewUser
Controller : TraineeHelper.Web.Controllers.SearchDataController
Action : ViewUser
Action Parameters : {"messageFormat":"JSON","messageArguments":[{"userProfileDemoContext":{"Id":"581b1f6da719fa2e8c18a0f4","UserType":null,"UserName":null}}]}

2016-11-16 10:29:23.4744|INFO|TraineeHelper.Web.Helpers.NLogger|JSON
Method: POST
URL: http://localhost:57906/findUser?userName=a
Controller : TraineeHelper.Web.Controllers.SearchDataController
Action : FindUser
Action Parameters : {"messageFormat":"JSON","messageArguments":[{"userName":"a"}]}

2016-11-16 10:29:24.5212|INFO|TraineeHelper.Web.Helpers.NLogger|JSON
Method: POST
URL: http://localhost:57906/ViewUser
Controller : TraineeHelper.Web.Controllers.SearchDataController
Action : ViewUser
Action Parameters : {"messageFormat":"JSON","messageArguments":[{"userProfileDemoContext":{"Id":"581b1f6da719fa2e8c18a0f4","UserType":null,"UserName":null}}]}

2016-11-16 10:29:38.4703|INFO|TraineeHelper.Web.Helpers.NLogger|JSON
Method: POST
URL: http://localhost:57906/findUser?userName=a
Controller : TraineeHelper.Web.Controllers.SearchDataController
Action : FindUser
Action Parameters : {"messageFormat":"JSON","messageArguments":[{"userName":"a"}]}

2016-11-16 10:29:39.4136|INFO|TraineeHelper.Web.Helpers.NLogger|JSON
Method: POST
URL: http://localhost:57906/ViewUser
Controller : TraineeHelper.Web.Controllers.SearchDataController
Action : ViewUser
Action Parameters : {"messageFormat":"JSON","messageArguments":[{"userProfileDemoContext":{"Id":"581b1f6da719fa2e8c18a0f4","UserType":null,"UserName":null}}]}

2016-11-16 10:30:30.9058|INFO|TraineeHelper.Web.Helpers.NLogger|JSON
Method: POST
URL: http://localhost:57906/findUser?userName=a
Controller : TraineeHelper.Web.Controllers.SearchDataController
Action : FindUser
Action Parameters : {"messageFormat":"JSON","messageArguments":[{"userName":"a"}]}

2016-11-16 10:30:31.8705|INFO|TraineeHelper.Web.Helpers.NLogger|JSON
Method: POST
URL: http://localhost:57906/ViewUser
Controller : TraineeHelper.Web.Controllers.SearchDataController
Action : ViewUser
Action Parameters : {"messageFormat":"JSON","messageArguments":[{"userProfileDemoContext":{"Id":"581b1f6da719fa2e8c18a0f4","UserType":null,"UserName":null}}]}

2016-11-16 10:33:25.4800|INFO|TraineeHelper.Web.Helpers.NLogger|JSON
Method: POST
URL: http://localhost:57906/findUser?userName=a
Controller : TraineeHelper.Web.Controllers.SearchDataController
Action : FindUser
Action Parameters : {"messageFormat":"JSON","messageArguments":[{"userName":"a"}]}

2016-11-16 10:33:27.0073|INFO|TraineeHelper.Web.Helpers.NLogger|JSON
Method: POST
URL: http://localhost:57906/ViewUser
Controller : TraineeHelper.Web.Controllers.SearchDataController
Action : ViewUser
Action Parameters : {"messageFormat":"JSON","messageArguments":[{"userProfileDemoContext":{"Id":"581b1f6da719fa2e8c18a0f4","UserType":null,"UserName":null}}]}

2016-11-16 10:33:49.6661|INFO|TraineeHelper.Web.Helpers.NLogger|JSON
Method: POST
URL: http://localhost:57906/findUser?userName=a
Controller : TraineeHelper.Web.Controllers.SearchDataController
Action : FindUser
Action Parameters : {"messageFormat":"JSON","messageArguments":[{"userName":"a"}]}

2016-11-16 10:33:50.6944|INFO|TraineeHelper.Web.Helpers.NLogger|JSON
Method: POST
URL: http://localhost:57906/ViewUser
Controller : TraineeHelper.Web.Controllers.SearchDataController
Action : ViewUser
Action Parameters : {"messageFormat":"JSON","messageArguments":[{"userProfileDemoContext":{"Id":"581b1f6da719fa2e8c18a0f4","UserType":null,"UserName":null}}]}

2016-11-16 10:34:43.5065|INFO|TraineeHelper.Web.Helpers.NLogger|JSON
Method: POST
URL: http://localhost:57906/findUser?userName=a
Controller : TraineeHelper.Web.Controllers.SearchDataController
Action : FindUser
Action Parameters : {"messageFormat":"JSON","messageArguments":[{"userName":"a"}]}

2016-11-16 10:48:08.0598|INFO|TraineeHelper.Web.Helpers.NLogger|JSON
Method: POST
URL: http://localhost:57906/findUser?userName=a
Controller : TraineeHelper.Web.Controllers.SearchDataController
Action : FindUser
Action Parameters : {"messageFormat":"JSON","messageArguments":[{"userName":"a"}]}

2016-11-16 10:48:19.8524|INFO|TraineeHelper.Web.Helpers.NLogger|JSON
Method: POST
URL: http://localhost:57906/ViewUser
Controller : TraineeHelper.Web.Controllers.SearchDataController
Action : ViewUser
Action Parameters : {"messageFormat":"JSON","messageArguments":[{"userProfileDemoContext":{"Id":"581b1f6da719fa2e8c18a0f4","UserType":null,"UserName":null}}]}

2016-11-16 10:50:26.9611|INFO|TraineeHelper.Web.Helpers.NLogger|JSON
Method: POST
URL: http://localhost:57906/findUser?userName=a
Controller : TraineeHelper.Web.Controllers.SearchDataController
Action : FindUser
Action Parameters : {"messageFormat":"JSON","messageArguments":[{"userName":"a"}]}

2016-11-16 10:50:28.4248|INFO|TraineeHelper.Web.Helpers.NLogger|JSON
Method: POST
URL: http://localhost:57906/ViewUser
Controller : TraineeHelper.Web.Controllers.SearchDataController
Action : ViewUser
Action Parameters : {"messageFormat":"JSON","messageArguments":[{"userProfileDemoContext":{"Id":"581b1f6da719fa2e8c18a0f4","UserType":null,"UserName":null}}]}

2016-11-16 10:51:10.4213|INFO|TraineeHelper.Web.Helpers.NLogger|JSON
Method: POST
URL: http://localhost:57906/findUser?userName=a
Controller : TraineeHelper.Web.Controllers.SearchDataController
Action : FindUser
Action Parameters : {"messageFormat":"JSON","messageArguments":[{"userName":"a"}]}

2016-11-16 10:51:15.0335|INFO|TraineeHelper.Web.Helpers.NLogger|JSON
Method: POST
URL: http://localhost:57906/findUser?userName=a
Controller : TraineeHelper.Web.Controllers.SearchDataController
Action : FindUser
Action Parameters : {"messageFormat":"JSON","messageArguments":[{"userName":"a"}]}

2016-11-16 10:51:15.8843|INFO|TraineeHelper.Web.Helpers.NLogger|JSON
Method: POST
URL: http://localhost:57906/ViewUser
Controller : TraineeHelper.Web.Controllers.SearchDataController
Action : ViewUser
Action Parameters : {"messageFormat":"JSON","messageArguments":[{"userProfileDemoContext":{"Id":"581b1f6da719fa2e8c18a0f4","UserType":null,"UserName":null}}]}

2016-11-16 10:51:49.9294|INFO|TraineeHelper.Web.Helpers.NLogger|JSON
Method: POST
URL: http://localhost:57906/findUser?userName=a
Controller : TraineeHelper.Web.Controllers.SearchDataController
Action : FindUser
Action Parameters : {"messageFormat":"JSON","messageArguments":[{"userName":"a"}]}

2016-11-16 10:51:51.0925|INFO|TraineeHelper.Web.Helpers.NLogger|JSON
Method: POST
URL: http://localhost:57906/ViewUser
Controller : TraineeHelper.Web.Controllers.SearchDataController
Action : ViewUser
Action Parameters : {"messageFormat":"JSON","messageArguments":[{"userProfileDemoContext":{"Id":"581b1f6da719fa2e8c18a0f4","UserType":null,"UserName":null}}]}

2016-11-16 10:58:48.0700|INFO|TraineeHelper.Web.Helpers.NLogger|JSON
Method: POST
URL: http://localhost:57906/findUser?userName=a
Controller : TraineeHelper.Web.Controllers.SearchDataController
Action : FindUser
Action Parameters : {"messageFormat":"JSON","messageArguments":[{"userName":"a"}]}

2016-11-16 10:58:49.5766|INFO|TraineeHelper.Web.Helpers.NLogger|JSON
Method: POST
URL: http://localhost:57906/ViewUser
Controller : TraineeHelper.Web.Controllers.SearchDataController
Action : ViewUser
Action Parameters : {"messageFormat":"JSON","messageArguments":[{"userProfileDemoContext":null}]}

2016-11-16 10:59:25.7002|INFO|TraineeHelper.Web.Helpers.NLogger|JSON
Method: POST
URL: http://localhost:57906/ViewUser
Controller : TraineeHelper.Web.Controllers.SearchDataController
Action : ViewUser
Action Parameters : {"messageFormat":"JSON","messageArguments":[{"userProfileDemoContext":null}]}

2016-11-16 11:00:16.8871|INFO|TraineeHelper.Web.Helpers.NLogger|JSON
Method: POST
URL: http://localhost:57906/findUser?userName=a
Controller : TraineeHelper.Web.Controllers.SearchDataController
Action : FindUser
Action Parameters : {"messageFormat":"JSON","messageArguments":[{"userName":"a"}]}

2016-11-16 11:02:27.7306|INFO|TraineeHelper.Web.Helpers.NLogger|JSON
Method: POST
URL: http://localhost:57906/findUser?userName=a
Controller : TraineeHelper.Web.Controllers.SearchDataController
Action : FindUser
Action Parameters : {"messageFormat":"JSON","messageArguments":[{"userName":"a"}]}

2016-11-16 11:02:30.6843|INFO|TraineeHelper.Web.Helpers.NLogger|JSON
Method: POST
URL: http://localhost:57906/ViewUser
Controller : TraineeHelper.Web.Controllers.SearchDataController
Action : ViewUser
Action Parameters : {"messageFormat":"JSON","messageArguments":[{"userProfileDemoContext":{"Id":"581b1f6da719fa2e8c18a0f4","UserType":null,"UserName":null}}]}

2016-11-16 11:15:42.6434|INFO|TraineeHelper.Web.Helpers.NLogger|JSON
Method: POST
URL: http://localhost:57906/findUser?userName=a
Controller : TraineeHelper.Web.Controllers.SearchDataController
Action : FindUser
Action Parameters : {"messageFormat":"JSON","messageArguments":[{"userName":"a"}]}

2016-11-16 11:15:43.7046|INFO|TraineeHelper.Web.Helpers.NLogger|JSON
Method: POST
URL: http://localhost:57906/ViewUser
Controller : TraineeHelper.Web.Controllers.SearchDataController
Action : ViewUser
Action Parameters : {"messageFormat":"JSON","messageArguments":[{"userProfileDemoContext":{"Id":"581b1f6da719fa2e8c18a0f4","UserType":null,"UserName":null}}]}

2016-11-16 11:16:07.0135|INFO|TraineeHelper.Web.Helpers.NLogger|JSON
Method: POST
URL: http://localhost:57906/findUser?userName=a
Controller : TraineeHelper.Web.Controllers.SearchDataController
Action : FindUser
Action Parameters : {"messageFormat":"JSON","messageArguments":[{"userName":"a"}]}

2016-11-16 11:16:07.9786|INFO|TraineeHelper.Web.Helpers.NLogger|JSON
Method: POST
URL: http://localhost:57906/ViewUser
Controller : TraineeHelper.Web.Controllers.SearchDataController
Action : ViewUser
Action Parameters : {"messageFormat":"JSON","messageArguments":[{"userProfileDemoContext":{"Id":"581b1f6da719fa2e8c18a0f4","UserType":null,"UserName":null}}]}

2016-11-16 11:16:25.5599|INFO|TraineeHelper.Web.Helpers.NLogger|JSON
Method: POST
URL: http://localhost:57906/findUser?userName=a
Controller : TraineeHelper.Web.Controllers.SearchDataController
Action : FindUser
Action Parameters : {"messageFormat":"JSON","messageArguments":[{"userName":"a"}]}

2016-11-16 11:16:27.2351|INFO|TraineeHelper.Web.Helpers.NLogger|JSON
Method: POST
URL: http://localhost:57906/ViewUser
Controller : TraineeHelper.Web.Controllers.SearchDataController
Action : ViewUser
Action Parameters : {"messageFormat":"JSON","messageArguments":[{"userProfileDemoContext":{"Id":"581b1f6da719fa2e8c18a0f4","UserType":null,"UserName":null}}]}

2016-11-16 11:17:04.5524|INFO|TraineeHelper.Web.Helpers.NLogger|JSON
Method: POST
URL: http://localhost:57906/findUser?userName=a
Controller : TraineeHelper.Web.Controllers.SearchDataController
Action : FindUser
Action Parameters : {"messageFormat":"JSON","messageArguments":[{"userName":"a"}]}

2016-11-16 11:17:06.3980|INFO|TraineeHelper.Web.Helpers.NLogger|JSON
Method: POST
URL: http://localhost:57906/ViewUser
Controller : TraineeHelper.Web.Controllers.SearchDataController
Action : ViewUser
Action Parameters : {"messageFormat":"JSON","messageArguments":[{"userProfileDemoContext":{"Id":"581b1f6da719fa2e8c18a0f4","UserType":null,"UserName":null}}]}

2016-11-16 11:17:25.1033|INFO|TraineeHelper.Web.Helpers.NLogger|JSON
Method: POST
URL: http://localhost:57906/findUser?userName=a
Controller : TraineeHelper.Web.Controllers.SearchDataController
Action : FindUser
Action Parameters : {"messageFormat":"JSON","messageArguments":[{"userName":"a"}]}

2016-11-16 11:17:26.4714|INFO|TraineeHelper.Web.Helpers.NLogger|JSON
Method: POST
URL: http://localhost:57906/ViewUser
Controller : TraineeHelper.Web.Controllers.SearchDataController
Action : ViewUser
Action Parameters : {"messageFormat":"JSON","messageArguments":[{"userProfileDemoContext":{"Id":"581b1f6da719fa2e8c18a0f4","UserType":null,"UserName":null}}]}

2016-11-16 11:33:06.2799|INFO|TraineeHelper.Web.Helpers.NLogger|JSON
Method: POST
URL: http://localhost:57906/findUser?userName=a
Controller : TraineeHelper.Web.Controllers.SearchDataController
Action : FindUser
Action Parameters : {"messageFormat":"JSON","messageArguments":[{"userName":"a"}]}

2016-11-16 11:33:07.3403|INFO|TraineeHelper.Web.Helpers.NLogger|JSON
Method: POST
URL: http://localhost:57906/ViewUser
Controller : TraineeHelper.Web.Controllers.SearchDataController
Action : ViewUser
Action Parameters : {"messageFormat":"JSON","messageArguments":[{"userProfileDemoContext":{"Id":"581b1f6da719fa2e8c18a0f4","UserType":null,"UserName":null}}]}

2016-11-16 11:33:38.2431|INFO|TraineeHelper.Web.Helpers.NLogger|JSON
Method: POST
URL: http://localhost:57906/findUser?userName=a
Controller : TraineeHelper.Web.Controllers.SearchDataController
Action : FindUser
Action Parameters : {"messageFormat":"JSON","messageArguments":[{"userName":"a"}]}

2016-11-16 11:33:39.7424|INFO|TraineeHelper.Web.Helpers.NLogger|JSON
Method: POST
URL: http://localhost:57906/ViewUser
Controller : TraineeHelper.Web.Controllers.SearchDataController
Action : ViewUser
Action Parameters : {"messageFormat":"JSON","messageArguments":[{"userProfileDemoContext":{"Id":"581a37b8a719fa14e017752f","UserType":null,"UserName":null}}]}

2016-11-16 11:34:52.9046|INFO|TraineeHelper.Web.Helpers.NLogger|JSON
Method: POST
URL: http://localhost:57906/findUser?userName=a
Controller : TraineeHelper.Web.Controllers.SearchDataController
Action : FindUser
Action Parameters : {"messageFormat":"JSON","messageArguments":[{"userName":"a"}]}

2016-11-16 11:35:08.4769|INFO|TraineeHelper.Web.Helpers.NLogger|JSON
Method: POST
URL: http://localhost:57906/ViewUser
Controller : TraineeHelper.Web.Controllers.SearchDataController
Action : ViewUser
Action Parameters : {"messageFormat":"JSON","messageArguments":[{"userProfileDemoContext":{"Id":"581b1f6da719fa2e8c18a0f4","UserType":null,"UserName":null}}]}

2016-11-16 11:36:19.8284|INFO|TraineeHelper.Web.Helpers.NLogger|JSON
Method: POST
URL: http://localhost:57906/findUser?userName=a
Controller : TraineeHelper.Web.Controllers.SearchDataController
Action : FindUser
Action Parameters : {"messageFormat":"JSON","messageArguments":[{"userName":"a"}]}

2016-11-16 11:36:31.5248|INFO|TraineeHelper.Web.Helpers.NLogger|JSON
Method: POST
URL: http://localhost:57906/findUser?userName=a
Controller : TraineeHelper.Web.Controllers.SearchDataController
Action : FindUser
Action Parameters : {"messageFormat":"JSON","messageArguments":[{"userName":"a"}]}

2016-11-16 11:36:38.1143|INFO|TraineeHelper.Web.Helpers.NLogger|JSON
Method: POST
URL: http://localhost:57906/ViewUser
Controller : TraineeHelper.Web.Controllers.SearchDataController
Action : ViewUser
Action Parameters : {"messageFormat":"JSON","messageArguments":[{"userProfileDemoContext":{"Id":"581b1f6da719fa2e8c18a0f4","UserType":null,"UserName":null}}]}

2016-11-16 11:36:54.6226|INFO|TraineeHelper.Web.Helpers.NLogger|JSON
Method: POST
URL: http://localhost:57906/findUser?userName=a
Controller : TraineeHelper.Web.Controllers.SearchDataController
Action : FindUser
Action Parameters : {"messageFormat":"JSON","messageArguments":[{"userName":"a"}]}

2016-11-16 11:36:56.9791|INFO|TraineeHelper.Web.Helpers.NLogger|JSON
Method: POST
URL: http://localhost:57906/ViewUser
Controller : TraineeHelper.Web.Controllers.SearchDataController
Action : ViewUser
Action Parameters : {"messageFormat":"JSON","messageArguments":[{"userProfileDemoContext":{"Id":"581b1f6da719fa2e8c18a0f4","UserType":null,"UserName":null}}]}

2016-11-16 11:37:07.5037|INFO|TraineeHelper.Web.Helpers.NLogger|JSON
Method: POST
URL: http://localhost:57906/findUser?userName=a
Controller : TraineeHelper.Web.Controllers.SearchDataController
Action : FindUser
Action Parameters : {"messageFormat":"JSON","messageArguments":[{"userName":"a"}]}

2016-11-16 11:37:08.7176|INFO|TraineeHelper.Web.Helpers.NLogger|JSON
Method: POST
URL: http://localhost:57906/ViewUser
Controller : TraineeHelper.Web.Controllers.SearchDataController
Action : ViewUser
Action Parameters : {"messageFormat":"JSON","messageArguments":[{"userProfileDemoContext":{"Id":"581b1f6da719fa2e8c18a0f4","UserType":null,"UserName":null}}]}

2016-11-16 11:38:53.9367|INFO|TraineeHelper.Web.Helpers.NLogger|JSON
Method: POST
URL: http://localhost:57906/findUser?userName=a
Controller : TraineeHelper.Web.Controllers.SearchDataController
Action : FindUser
Action Parameters : {"messageFormat":"JSON","messageArguments":[{"userName":"a"}]}

2016-11-16 11:38:55.1865|INFO|TraineeHelper.Web.Helpers.NLogger|JSON
Method: POST
URL: http://localhost:57906/ViewUser
Controller : TraineeHelper.Web.Controllers.SearchDataController
Action : ViewUser
Action Parameters : {"messageFormat":"JSON","messageArguments":[{"userProfileDemoContext":{"Id":"581b1f6da719fa2e8c18a0f4","UserType":null,"UserName":null}}]}

2016-11-16 12:45:47.6175|INFO|TraineeHelper.Web.Helpers.NLogger|JSON
Method: POST
URL: http://localhost:57906/findUser?userName=a
Controller : TraineeHelper.Web.Controllers.SearchDataController
Action : FindUser
Action Parameters : {"messageFormat":"JSON","messageArguments":[{"userName":"a"}]}

2016-11-16 12:45:49.1113|INFO|TraineeHelper.Web.Helpers.NLogger|JSON
Method: POST
URL: http://localhost:57906/ViewUser
Controller : TraineeHelper.Web.Controllers.SearchDataController
Action : ViewUser
Action Parameters : {"messageFormat":"JSON","messageArguments":[{"userProfileDemoContext":{"Id":"581b1f6da719fa2e8c18a0f4","UserType":null,"UserName":null}}]}

2016-11-16 12:45:54.9301|INFO|TraineeHelper.Web.Helpers.NLogger|JSON
Method: POST
URL: http://localhost:57906/findUser?userName=a
Controller : TraineeHelper.Web.Controllers.SearchDataController
Action : FindUser
Action Parameters : {"messageFormat":"JSON","messageArguments":[{"userName":"a"}]}

2016-11-16 12:46:03.1485|INFO|TraineeHelper.Web.Helpers.NLogger|JSON
Method: POST
URL: http://localhost:57906/ViewUser
Controller : TraineeHelper.Web.Controllers.SearchDataController
Action : ViewUser
Action Parameters : {"messageFormat":"JSON","messageArguments":[{"userProfileDemoContext":{"Id":"581b1f6da719fa2e8c18a0f4","UserType":null,"UserName":null}}]}

2016-11-16 12:46:15.4856|INFO|TraineeHelper.Web.Helpers.NLogger|JSON
Method: POST
URL: http://localhost:57906/findUser?userName=?
Controller : TraineeHelper.Web.Controllers.SearchDataController
Action : FindUser
Action Parameters : {"messageFormat":"JSON","messageArguments":[{"userName":"?"}]}

2016-11-16 12:46:21.4334|INFO|TraineeHelper.Web.Helpers.NLogger|JSON
Method: POST
URL: http://localhost:57906/findUser?userName=a
Controller : TraineeHelper.Web.Controllers.SearchDataController
Action : FindUser
Action Parameters : {"messageFormat":"JSON","messageArguments":[{"userName":"a"}]}

2016-11-16 12:46:22.6065|INFO|TraineeHelper.Web.Helpers.NLogger|JSON
Method: POST
URL: http://localhost:57906/ViewUser
Controller : TraineeHelper.Web.Controllers.SearchDataController
Action : ViewUser
Action Parameters : {"messageFormat":"JSON","messageArguments":[{"userProfileDemoContext":{"Id":"581b1f6da719fa2e8c18a0f4","UserType":null,"UserName":null}}]}

2016-11-16 12:46:58.1244|INFO|TraineeHelper.Web.Helpers.NLogger|JSON
Method: POST
URL: http://localhost:57906/findUser?userName=a
Controller : TraineeHelper.Web.Controllers.SearchDataController
Action : FindUser
Action Parameters : {"messageFormat":"JSON","messageArguments":[{"userName":"a"}]}

2016-11-16 12:46:59.6916|INFO|TraineeHelper.Web.Helpers.NLogger|JSON
Method: POST
URL: http://localhost:57906/ViewUser
Controller : TraineeHelper.Web.Controllers.SearchDataController
Action : ViewUser
Action Parameters : {"messageFormat":"JSON","messageArguments":[{"userProfileDemoContext":{"Id":"581b1f6da719fa2e8c18a0f4","UserType":null,"UserName":null}}]}

2016-11-16 12:54:38.3494|INFO|TraineeHelper.Web.Helpers.NLogger|JSON
Method: POST
URL: http://localhost:57906/findUser?userName=a
Controller : TraineeHelper.Web.Controllers.SearchDataController
Action : FindUser
Action Parameters : {"messageFormat":"JSON","messageArguments":[{"userName":"a"}]}

2016-11-16 12:54:39.8221|INFO|TraineeHelper.Web.Helpers.NLogger|JSON
Method: POST
URL: http://localhost:57906/ViewUser
Controller : TraineeHelper.Web.Controllers.SearchDataController
Action : ViewUser
Action Parameters : {"messageFormat":"JSON","messageArguments":[{"userProfileDemoContext":{"Id":null,"UserType":null,"UserName":null}}]}

2016-11-16 12:55:18.4583|INFO|TraineeHelper.Web.Helpers.NLogger|JSON
Method: POST
URL: http://localhost:57906/findUser?userName=a
Controller : TraineeHelper.Web.Controllers.SearchDataController
Action : FindUser
Action Parameters : {"messageFormat":"JSON","messageArguments":[{"userName":"a"}]}

2016-11-16 12:55:20.0275|INFO|TraineeHelper.Web.Helpers.NLogger|JSON
Method: POST
URL: http://localhost:57906/ViewUser
Controller : TraineeHelper.Web.Controllers.SearchDataController
Action : ViewUser
Action Parameters : {"messageFormat":"JSON","messageArguments":[{"userProfileDemoContext":{"Id":null,"UserType":null,"UserName":null}}]}

2016-11-16 12:55:52.4908|INFO|TraineeHelper.Web.Helpers.NLogger|JSON
Method: POST
URL: http://localhost:57906/findUser?userName=a
Controller : TraineeHelper.Web.Controllers.SearchDataController
Action : FindUser
Action Parameters : {"messageFormat":"JSON","messageArguments":[{"userName":"a"}]}

2016-11-16 12:55:58.2739|INFO|TraineeHelper.Web.Helpers.NLogger|JSON
Method: POST
URL: http://localhost:57906/ViewUser
Controller : TraineeHelper.Web.Controllers.SearchDataController
Action : ViewUser
Action Parameters : {"messageFormat":"JSON","messageArguments":[{"userProfileDemoContext":{"Id":"581b1f6da719fa2e8c18a0f4","UserType":null,"UserName":null}}]}

2016-11-16 13:01:02.1029|INFO|TraineeHelper.Web.Helpers.NLogger|JSON
Method: POST
URL: http://localhost:57906/findUser?userName=a
Controller : TraineeHelper.Web.Controllers.SearchDataController
Action : FindUser
Action Parameters : {"messageFormat":"JSON","messageArguments":[{"userName":"a"}]}

2016-11-16 13:01:03.2212|INFO|TraineeHelper.Web.Helpers.NLogger|JSON
Method: POST
URL: http://localhost:57906/ViewUser
Controller : TraineeHelper.Web.Controllers.SearchDataController
Action : ViewUser
Action Parameters : {"messageFormat":"JSON","messageArguments":[{"userProfileDemoContext":{"Id":"581b1f6da719fa2e8c18a0f4","UserType":null,"UserName":null}}]}

2016-11-16 13:07:24.3284|INFO|TraineeHelper.Web.Helpers.NLogger|JSON
Method: POST
URL: http://localhost:57906/findUser?userName=a
Controller : TraineeHelper.Web.Controllers.SearchDataController
Action : FindUser
Action Parameters : {"messageFormat":"JSON","messageArguments":[{"userName":"a"}]}

2016-11-16 13:07:25.7207|INFO|TraineeHelper.Web.Helpers.NLogger|JSON
Method: POST
URL: http://localhost:57906/ViewUser
Controller : TraineeHelper.Web.Controllers.SearchDataController
Action : ViewUser
Action Parameters : {"messageFormat":"JSON","messageArguments":[{"userProfileDemoContext":{"Id":"581b1f6da719fa2e8c18a0f4","UserType":null,"UserName":null}}]}

2016-11-16 13:09:07.1156|INFO|TraineeHelper.Web.Helpers.NLogger|JSON
Method: POST
URL: http://localhost:57906/findUser?userName=a
Controller : TraineeHelper.Web.Controllers.SearchDataController
Action : FindUser
Action Parameters : {"messageFormat":"JSON","messageArguments":[{"userName":"a"}]}

2016-11-16 13:09:08.1604|INFO|TraineeHelper.Web.Helpers.NLogger|JSON
Method: POST
URL: http://localhost:57906/ViewUser
Controller : TraineeHelper.Web.Controllers.SearchDataController
Action : ViewUser
Action Parameters : {"messageFormat":"JSON","messageArguments":[{"userProfileDemoContext":{"Id":"581b1f6da719fa2e8c18a0f4","UserType":null,"UserName":null}}]}

2016-11-16 20:36:10.2097|INFO|TraineeHelper.Web.Helpers.NLogger|JSON
Method: POST
URL: http://localhost:57906/findUser?userName=a
Controller : TraineeHelper.Web.Controllers.SearchDataController
Action : FindUser
Action Parameters : {"messageFormat":"JSON","messageArguments":[{"userName":"a"}]}

2016-11-16 20:36:41.0064|INFO|TraineeHelper.Web.Helpers.NLogger|JSON
Method: POST
URL: http://localhost:57906/findUser?userName=a
Controller : TraineeHelper.Web.Controllers.SearchDataController
Action : FindUser
Action Parameters : {"messageFormat":"JSON","messageArguments":[{"userName":"a"}]}

2016-11-16 20:37:17.4054|INFO|TraineeHelper.Web.Helpers.NLogger|JSON
Method: POST
URL: http://localhost:57906/findUser?userName=a
Controller : TraineeHelper.Web.Controllers.SearchDataController
Action : FindUser
Action Parameters : {"messageFormat":"JSON","messageArguments":[{"userName":"a"}]}

2016-11-16 20:38:07.2114|INFO|TraineeHelper.Web.Helpers.NLogger|JSON
Method: POST
URL: http://localhost:57906/findUser?userName=a
Controller : TraineeHelper.Web.Controllers.SearchDataController
Action : FindUser
Action Parameters : {"messageFormat":"JSON","messageArguments":[{"userName":"a"}]}

2016-11-16 20:38:52.5621|INFO|TraineeHelper.Web.Helpers.NLogger|JSON
Method: POST
URL: http://localhost:57906/findUser?userName=a
Controller : TraineeHelper.Web.Controllers.SearchDataController
Action : FindUser
Action Parameters : {"messageFormat":"JSON","messageArguments":[{"userName":"a"}]}

2016-11-16 20:45:30.9865|INFO|TraineeHelper.Web.Helpers.NLogger|JSON
Method: POST
URL: http://localhost:57906/findUser?userName=a
Controller : TraineeHelper.Web.Controllers.SearchDataController
Action : FindUser
Action Parameters : {"messageFormat":"JSON","messageArguments":[{"userName":"a"}]}

2016-11-16 20:47:07.1095|INFO|TraineeHelper.Web.Helpers.NLogger|JSON
Method: POST
URL: http://localhost:57906/findUser?userName=a
Controller : TraineeHelper.Web.Controllers.SearchDataController
Action : FindUser
Action Parameters : {"messageFormat":"JSON","messageArguments":[{"userName":"a"}]}

2016-11-16 20:48:42.5891|INFO|TraineeHelper.Web.Helpers.NLogger|JSON
Method: POST
URL: http://localhost:57906/findUser?userName=a
Controller : TraineeHelper.Web.Controllers.SearchDataController
Action : FindUser
Action Parameters : {"messageFormat":"JSON","messageArguments":[{"userName":"a"}]}

2016-11-16 20:50:20.0245|INFO|TraineeHelper.Web.Helpers.NLogger|JSON
Method: POST
URL: http://localhost:57906/findUser?userName=a
Controller : TraineeHelper.Web.Controllers.SearchDataController
Action : FindUser
Action Parameters : {"messageFormat":"JSON","messageArguments":[{"userName":"a"}]}

2016-11-16 20:50:38.1375|INFO|TraineeHelper.Web.Helpers.NLogger|JSON
Method: POST
URL: http://localhost:57906/findUser?userName=a
Controller : TraineeHelper.Web.Controllers.SearchDataController
Action : FindUser
Action Parameters : {"messageFormat":"JSON","messageArguments":[{"userName":"a"}]}

2016-11-16 20:51:46.9349|INFO|TraineeHelper.Web.Helpers.NLogger|JSON
Method: POST
URL: http://localhost:57906/findUser?userName=a
Controller : TraineeHelper.Web.Controllers.SearchDataController
Action : FindUser
Action Parameters : {"messageFormat":"JSON","messageArguments":[{"userName":"a"}]}

2016-11-16 20:54:58.5778|INFO|TraineeHelper.Web.Helpers.NLogger|JSON
Method: POST
URL: http://localhost:57906/findUser?userName=a
Controller : TraineeHelper.Web.Controllers.SearchDataController
Action : FindUser
Action Parameters : {"messageFormat":"JSON","messageArguments":[{"userName":"a"}]}

