2016-12-13 11:01:54.8674|INFO|TraineeHelper.Web.Helpers.NLogger|JSON
Method: POST
URL: http://localhost:57906/api/Account/register?userRole=Trainer
Controller : TraineeHelper.Web.Controllers.AccountApiController
Action : Register
Action Parameters : {"messageFormat":"JSON","messageArguments":[{"model":{"Email":"popo@gmail.com","Password":"123456","ConfirmPassword":"123456"},"userRole":"Trainer"}]}

2016-12-13 11:02:22.2283|INFO|TraineeHelper.Web.Helpers.NLogger|JSON
Method: POST
URL: http://localhost:57906/api/Account/SetUserName?userNameId=undefined
Controller : TraineeHelper.Web.Controllers.AccountApiController
Action : SetUserName
Action Parameters : {"messageFormat":"JSON","messageArguments":[{"model":{"UserName":"moshemoshe"},"userNameId":"undefined"}]}

2016-12-13 11:04:13.7494|INFO|TraineeHelper.Web.Helpers.NLogger|JSON
Method: POST
URL: http://localhost:57906/api/Account/SetUserName?userNameId=undefined
Controller : TraineeHelper.Web.Controllers.AccountApiController
Action : SetUserName
Action Parameters : {"messageFormat":"JSON","messageArguments":[{"model":{"UserName":"moshemoshe"},"userNameId":"undefined"}]}

2016-12-13 11:10:20.0336|INFO|TraineeHelper.Web.Helpers.NLogger|JSON
Method: POST
URL: http://localhost:57906/api/Account/register?userRole=Trainer
Controller : TraineeHelper.Web.Controllers.AccountApiController
Action : Register
Action Parameters : {"messageFormat":"JSON","messageArguments":[{"model":{"Email":"popo@gmail.com","Password":"123456","ConfirmPassword":"123456"},"userRole":"Trainer"}]}

2016-12-13 11:10:59.5899|INFO|TraineeHelper.Web.Helpers.NLogger|JSON
Method: POST
URL: http://localhost:57906/api/Account/SetUserName?userNameId=undefined
Controller : TraineeHelper.Web.Controllers.AccountApiController
Action : SetUserName
Action Parameters : {"messageFormat":"JSON","messageArguments":[{"model":{"UserName":"moshemoshe"},"userNameId":"undefined"}]}

2016-12-13 11:11:46.7428|INFO|TraineeHelper.Web.Helpers.NLogger|JSON
Method: POST
URL: http://localhost:57906/api/Account/register?userRole=Trainer
Controller : TraineeHelper.Web.Controllers.AccountApiController
Action : Register
Action Parameters : {"messageFormat":"JSON","messageArguments":[{"model":{"Email":"popo@gmail.com","Password":"123456","ConfirmPassword":"123456"},"userRole":"Trainer"}]}

2016-12-13 11:12:18.4718|INFO|TraineeHelper.Web.Helpers.NLogger|JSON
Method: POST
URL: http://localhost:57906/api/Account/SetUserName?userNameId=undefined
Controller : TraineeHelper.Web.Controllers.AccountApiController
Action : SetUserName
Action Parameters : {"messageFormat":"JSON","messageArguments":[{"model":{"UserName":"dadas"},"userNameId":"undefined"}]}

2016-12-13 11:25:45.6216|INFO|TraineeHelper.Web.Helpers.NLogger|JSON
Method: POST
URL: http://localhost:57906/api/Account/register?userRole=Trainer&userName=moshemoshe
Controller : TraineeHelper.Web.Controllers.AccountApiController
Action : Register
Action Parameters : {"messageFormat":"JSON","messageArguments":[{"model":{"Email":"popo@gmail.com","Password":"123456","ConfirmPassword":"123456"},"userRole":"Trainer","userName":"moshemoshe"}]}

2016-12-13 11:26:59.1606|INFO|TraineeHelper.Web.Helpers.NLogger|JSON
Method: POST
URL: http://localhost:57906/api/Account/register?userRole=Trainer&userName=moshemoshe
Controller : TraineeHelper.Web.Controllers.AccountApiController
Action : Register
Action Parameters : {"messageFormat":"JSON","messageArguments":[{"model":{"Email":"popo@gmail.com","Password":"123456","ConfirmPassword":"123456"},"userRole":"Trainer","userName":"moshemoshe"}]}

2016-12-13 11:27:24.8121|INFO|TraineeHelper.Web.Helpers.NLogger|JSON
Method: POST
URL: http://localhost:57906/api/Account/register?userRole=Trainer&userName=moshemoshe
Controller : TraineeHelper.Web.Controllers.AccountApiController
Action : Register
Action Parameters : {"messageFormat":"JSON","messageArguments":[{"model":{"Email":"popo@gmail.com","Password":"123456","ConfirmPassword":"123456"},"userRole":"Trainer","userName":"moshemoshe"}]}

2016-12-13 11:30:17.0840|INFO|TraineeHelper.Web.Helpers.NLogger|JSON
Method: POST
URL: http://localhost:57906/api/Account/register?userRole=Trainer&userName=moshemoshe
Controller : TraineeHelper.Web.Controllers.AccountApiController
Action : Register
Action Parameters : {"messageFormat":"JSON","messageArguments":[{"model":{"Email":"popo@gmail.com","Password":"123456","ConfirmPassword":"123456"},"userRole":"Trainer","userName":"moshemoshe"}]}

2016-12-13 11:30:52.3700|INFO|TraineeHelper.Web.Helpers.NLogger|JSON
Method: POST
URL: http://localhost:57906/api/Account/register?userRole=Trainer&userName=moshemoshe
Controller : TraineeHelper.Web.Controllers.AccountApiController
Action : Register
Action Parameters : {"messageFormat":"JSON","messageArguments":[{"model":{"Email":"popo@gmail.com","Password":"123456","ConfirmPassword":"123456"},"userRole":"Trainer","userName":"moshemoshe"}]}

2016-12-13 11:31:18.7905|INFO|TraineeHelper.Web.Helpers.NLogger|JSON
Method: POST
URL: http://localhost:57906/api/Account/register?userRole=Trainer&userName=moshemoshe
Controller : TraineeHelper.Web.Controllers.AccountApiController
Action : Register
Action Parameters : {"messageFormat":"JSON","messageArguments":[{"model":{"Email":"koko@gmail.com","Password":"123456","ConfirmPassword":"123456"},"userRole":"Trainer","userName":"moshemoshe"}]}

2016-12-13 11:31:38.8081|INFO|TraineeHelper.Web.Helpers.NLogger|JSON
Method: POST
URL: http://localhost:57906/api/Account/register?userRole=Trainer&userName=kokoko
Controller : TraineeHelper.Web.Controllers.AccountApiController
Action : Register
Action Parameters : {"messageFormat":"JSON","messageArguments":[{"model":{"Email":"koko@gmail.com","Password":"123456","ConfirmPassword":"123456"},"userRole":"Trainer","userName":"kokoko"}]}

2016-12-13 11:36:43.1230|INFO|TraineeHelper.Web.Helpers.NLogger|JSON
Method: POST
URL: http://localhost:57906/api/Account/register?userRole=Trainee&userName=shmarko
Controller : TraineeHelper.Web.Controllers.AccountApiController
Action : Register
Action Parameters : {"messageFormat":"JSON","messageArguments":[{"model":{"Email":"momo@gmail.com","Password":"123456","ConfirmPassword":"123456"},"userRole":"Trainee","userName":"shmarko"}]}

2016-12-13 11:37:02.2732|INFO|TraineeHelper.Web.Helpers.NLogger|JSON
Method: POST
URL: http://localhost:57906/api/Account/register?userRole=Trainee&userName=nadia
Controller : TraineeHelper.Web.Controllers.AccountApiController
Action : Register
Action Parameters : {"messageFormat":"JSON","messageArguments":[{"model":{"Email":"lolo@gmail.com","Password":"123456","ConfirmPassword":"123456"},"userRole":"Trainee","userName":"nadia"}]}

2016-12-13 11:37:16.6820|INFO|TraineeHelper.Web.Helpers.NLogger|JSON
Method: POST
URL: http://localhost:57906/api/Account/register?userRole=Gym&userName=lucifer
Controller : TraineeHelper.Web.Controllers.AccountApiController
Action : Register
Action Parameters : {"messageFormat":"JSON","messageArguments":[{"model":{"Email":"tata@gmail.com","Password":"123456","ConfirmPassword":"123456"},"userRole":"Gym","userName":"lucifer"}]}

2016-12-13 11:38:33.3061|INFO|TraineeHelper.Web.Helpers.NLogger|JSON
Method: POST
URL: http://localhost:57906/get/token
Controller : TraineeHelper.Web.Controllers.AuthenticateController
Action : Authenticate
Action Parameters : {"messageFormat":"JSON","messageArguments":[{"user":{"Id":null,"UserType":null,"UserName":null,"Password":"123456","Email":"lolo@gmail.com","Location":null,"Description":null,"PhoneNumber":null,"PhoneVisibility":false,"UserVisibility":true,"IsActive":true,"Created":"\/Date(1481621913300)\/","Modified":"\/Date(1481621913300)\/","Name":null,"Birthday":"\/Date(-62135596800000)\/"}}]}

2016-12-13 11:38:43.9007|INFO|TraineeHelper.Web.Helpers.NLogger|JSON
Method: GET
URL: http://localhost:57906/findUser?userName=s&userId=584fc13ea719fa2470dac288
Controller : TraineeHelper.Web.Controllers.SearchDataController
Action : FindUser
Action Parameters : {"messageFormat":"JSON","messageArguments":[{"userName":"s","userId":"584fc13ea719fa2470dac288"}]}

2016-12-13 16:28:03.3637|INFO|TraineeHelper.Web.Helpers.NLogger|JSON
Method: POST
URL: http://localhost:57906/api/Account/register?userRole=Trainee&userName=shmarko
Controller : TraineeHelper.Web.Controllers.AccountApiController
Action : Register
Action Parameters : {"messageFormat":"JSON","messageArguments":[{"model":{"Email":"nono@gmail.com","Password":"123456","ConfirmPassword":"123456"},"userRole":"Trainee","userName":"shmarko"}]}

2016-12-13 16:29:01.9311|INFO|TraineeHelper.Web.Helpers.NLogger|JSON
Method: POST
URL: http://localhost:57906/api/Account/register?userRole=Trainee&userName=spongebob
Controller : TraineeHelper.Web.Controllers.AccountApiController
Action : Register
Action Parameters : {"messageFormat":"JSON","messageArguments":[{"model":{"Email":"nono@gmail.com","Password":"123456","ConfirmPassword":"123456"},"userRole":"Trainee","userName":"spongebob"}]}

