2016-12-20 19:56:08.4651|INFO|TraineeHelper.Web.Helpers.NLogger|JSON
Method: POST
URL: http://localhost:57906/get/token
Controller : TraineeHelper.Web.Controllers.AuthenticateController
Action : Authenticate
Action Parameters : {"messageFormat":"JSON","messageArguments":[{"user":{"Id":null,"UserType":null,"UserName":null,"Password":"123456","Email":"yoyo@gmail.com","Location":null,"Description":null,"PhoneNumber":null,"PhoneVisibility":false,"UserVisibility":true,"IsActive":true,"Created":"\/Date(1482256568247)\/","Modified":"\/Date(1482256568247)\/","Name":null,"Birthday":"\/Date(-62135596800000)\/"}}]}

2016-12-20 19:56:08.9765|INFO|TraineeHelper.Web.Helpers.NLogger|JSON
Method: GET
URL: http://localhost:57906/api/account/GetUserName?id=58554525a719fa2ae46765f4
Controller : TraineeHelper.Web.Controllers.AccountApiController
Action : GetUserName
Action Parameters : {"messageFormat":"JSON","messageArguments":[{"id":"58554525a719fa2ae46765f4"}]}

2016-12-20 20:01:11.6231|INFO|TraineeHelper.Web.Helpers.NLogger|JSON
Method: POST
URL: http://localhost:57906/get/token
Controller : TraineeHelper.Web.Controllers.AuthenticateController
Action : Authenticate
Action Parameters : {"messageFormat":"JSON","messageArguments":[{"user":{"Id":null,"UserType":null,"UserName":null,"Password":"123456","Email":"jojo@gmail.com","Location":null,"Description":null,"PhoneNumber":null,"PhoneVisibility":false,"UserVisibility":true,"IsActive":true,"Created":"\/Date(1482256871393)\/","Modified":"\/Date(1482256871393)\/","Name":null,"Birthday":"\/Date(-62135596800000)\/"}}]}

2016-12-20 20:01:22.1015|INFO|TraineeHelper.Web.Helpers.NLogger|JSON
Method: POST
URL: http://localhost:57906/get/token
Controller : TraineeHelper.Web.Controllers.AuthenticateController
Action : Authenticate
Action Parameters : {"messageFormat":"JSON","messageArguments":[{"user":{"Id":null,"UserType":null,"UserName":null,"Password":"123456","Email":"yoyo@gmail.com","Location":null,"Description":null,"PhoneNumber":null,"PhoneVisibility":false,"UserVisibility":true,"IsActive":true,"Created":"\/Date(1482256882097)\/","Modified":"\/Date(1482256882097)\/","Name":null,"Birthday":"\/Date(-62135596800000)\/"}}]}

2016-12-20 20:01:22.3957|INFO|TraineeHelper.Web.Helpers.NLogger|JSON
Method: GET
URL: http://localhost:57906/api/account/GetUserName?id=58554525a719fa2ae46765f4
Controller : TraineeHelper.Web.Controllers.AccountApiController
Action : GetUserName
Action Parameters : {"messageFormat":"JSON","messageArguments":[{"id":"58554525a719fa2ae46765f4"}]}

2016-12-20 20:01:43.3924|INFO|TraineeHelper.Web.Helpers.NLogger|JSON
Method: POST
URL: http://localhost:57906/api/account/logout
Controller : TraineeHelper.Web.Controllers.AccountApiController
Action : Logout
Action Parameters : {"messageFormat":"JSON","messageArguments":[{}]}

2016-12-20 20:05:06.6070|INFO|TraineeHelper.Web.Helpers.NLogger|JSON
Method: POST
URL: http://localhost:57906/get/token
Controller : TraineeHelper.Web.Controllers.AuthenticateController
Action : Authenticate
Action Parameters : {"messageFormat":"JSON","messageArguments":[{"user":{"Id":null,"UserType":null,"UserName":null,"Password":"123456","Email":"yoyo@gmail.com","Location":null,"Description":null,"PhoneNumber":null,"PhoneVisibility":false,"UserVisibility":true,"IsActive":true,"Created":"\/Date(1482257106282)\/","Modified":"\/Date(1482257106282)\/","Name":null,"Birthday":"\/Date(-62135596800000)\/"}}]}

2016-12-20 20:05:07.3511|INFO|TraineeHelper.Web.Helpers.NLogger|JSON
Method: GET
URL: http://localhost:57906/api/account/GetUserName?id=58554525a719fa2ae46765f4
Controller : TraineeHelper.Web.Controllers.AccountApiController
Action : GetUserName
Action Parameters : {"messageFormat":"JSON","messageArguments":[{"id":"58554525a719fa2ae46765f4"}]}

2016-12-20 20:05:15.2627|INFO|TraineeHelper.Web.Helpers.NLogger|JSON
Method: POST
URL: http://localhost:57906/api/account/logout
Controller : TraineeHelper.Web.Controllers.AccountApiController
Action : Logout
Action Parameters : {"messageFormat":"JSON","messageArguments":[{}]}

