2016-10-18 13:05:16.6191|INFO|TraineeHelper.Web.Helpers.NLogger|JSON
Method: GET
URL: http://localhost:57906/api/Trainee/5800e940a719fa08149da556
Controller : TraineeHelper.Web.Controllers.TraineeController
Action : Get
Action Parameters : {"messageFormat":"JSON","messageArguments":[{"id":"5800e940a719fa08149da556"}]}

2016-10-18 13:06:39.9969|INFO|TraineeHelper.Web.Helpers.NLogger|JSON
Method: GET
URL: http://localhost:57906/api/Trainee/5800e940a719fa08149da556
Controller : TraineeHelper.Web.Controllers.TraineeController
Action : Get
Action Parameters : {"messageFormat":"JSON","messageArguments":[{"id":"5800e940a719fa08149da556"}]}

2016-10-18 13:09:18.9007|INFO|TraineeHelper.Web.Helpers.NLogger|JSON
Method: GET
URL: http://localhost:57906/api/Trainee/5800e940a719fa08149da556
Controller : TraineeHelper.Web.Controllers.TraineeController
Action : Get
Action Parameters : {"messageFormat":"JSON","messageArguments":[{"id":"5800e940a719fa08149da556"}]}

2016-10-18 13:13:54.7557|INFO|TraineeHelper.Web.Helpers.NLogger|JSON
Method: POST
URL: http://localhost:57906/api/Account/Register?userRole=trainee
Controller : TraineeHelper.Web.Controllers.AccountController
Action : Register
Action Parameters : {"messageFormat":"JSON","messageArguments":[{"model":{"Email":"liranbenzvi@gmail.com","Password":"987532","ConfirmPassword":"987532"},"userRole":"trainee"}]}

2016-10-18 13:14:42.9394|INFO|TraineeHelper.Web.Helpers.NLogger|JSON
Method: POST
URL: http://localhost:57906/api/Account/Register?userRole=trainee
Controller : TraineeHelper.Web.Controllers.AccountController
Action : Register
Action Parameters : {"messageFormat":"JSON","messageArguments":[{"model":{"Email":"liranbenzvi@gmail.com","Password":"987532","ConfirmPassword":"987532"},"userRole":"trainee"}]}

2016-10-18 13:19:15.9252|INFO|TraineeHelper.Web.Helpers.NLogger|JSON
Method: POST
URL: http://localhost:57906/api/Account/Register?userRole=trainee
Controller : TraineeHelper.Web.Controllers.AccountController
Action : Register
Action Parameters : {"messageFormat":"JSON","messageArguments":[{"model":{"Email":"liranbenzvi@gmail.com","Password":"987532","ConfirmPassword":"987532"},"userRole":"trainee"}]}

2016-10-18 13:20:00.9887|INFO|TraineeHelper.Web.Helpers.NLogger|JSON
Method: POST
URL: http://localhost:57906/api/Account/Register?userRole=trainee
Controller : TraineeHelper.Web.Controllers.AccountController
Action : Register
Action Parameters : {"messageFormat":"JSON","messageArguments":[{"model":{"Email":"liranbenzvi@gmail.com","Password":"987532","ConfirmPassword":"987532"},"userRole":"trainee"}]}

2016-10-18 13:22:05.8043|INFO|TraineeHelper.Web.Helpers.NLogger|JSON
Method: POST
URL: http://localhost:57906/api/Account/Register?userRole=trainee
Controller : TraineeHelper.Web.Controllers.AccountController
Action : Register
Action Parameters : {"messageFormat":"JSON","messageArguments":[{"model":{"Email":"liranbenzvi@gmail.com","Password":"987532","ConfirmPassword":"987532"},"userRole":"trainee"}]}

2016-10-18 13:22:12.5290|INFO|TraineeHelper.Web.Helpers.NLogger|JSON
Method: POST
URL: http://localhost:57906/api/Account/Register?userRole=trainee
Controller : TraineeHelper.Web.Controllers.AccountController
Action : Register
Action Parameters : {"messageFormat":"JSON","messageArguments":[{"model":{"Email":"liranbenzvi@gmail.com","Password":"987532","ConfirmPassword":"987532"},"userRole":"trainee"}]}

2016-10-18 13:26:13.9315|INFO|TraineeHelper.Web.Helpers.NLogger|JSON
Method: POST
URL: http://localhost:57906/api/Account/Register?userRole=trainee
Controller : TraineeHelper.Web.Controllers.AccountController
Action : Register
Action Parameters : {"messageFormat":"JSON","messageArguments":[{"model":{"Email":"liranbenzvi@gmail.com","Password":"987532","ConfirmPassword":"987532"},"userRole":"trainee"}]}

2016-10-18 13:36:54.3632|INFO|TraineeHelper.Web.Helpers.NLogger|JSON
Method: POST
URL: http://localhost:57906/api/Account/Register?userRole=trainee
Controller : TraineeHelper.Web.Controllers.AccountController
Action : Register
Action Parameters : {"messageFormat":"JSON","messageArguments":[{"model":{"Email":"liranbenzvi@gmail.com","Password":"987532","ConfirmPassword":"987532"},"userRole":"trainee"}]}

2016-10-18 13:36:54.3632|INFO|TraineeHelper.Web.Helpers.NLogger|JSON
Method: POST
URL: http://localhost:57906/api/Account/Register?userRole=trainee
Controller : TraineeHelper.Web.Controllers.AccountController
Action : Register
Action Parameters : {"messageFormat":"JSON","messageArguments":[{"model":{"Email":"liranbenzvi@gmail.com","Password":"987532","ConfirmPassword":"987532"},"userRole":"trainee"}]}

2016-10-18 13:41:38.1374|INFO|TraineeHelper.Web.Helpers.NLogger|JSON
Method: POST
URL: http://localhost:57906/api/Account/Register?userRole=trainee
Controller : TraineeHelper.Web.Controllers.AccountController
Action : Register
Action Parameters : {"messageFormat":"JSON","messageArguments":[{"model":{"Email":"liranbenzvi@gmail.com","Password":"987532","ConfirmPassword":"987532"},"userRole":"trainee"}]}

2016-10-18 13:44:57.5685|INFO|TraineeHelper.Web.Helpers.NLogger|JSON
Method: POST
URL: http://localhost:57906/api/Account/Register?userRole=trainee
Controller : TraineeHelper.Web.Controllers.AccountController
Action : Register
Action Parameters : {"messageFormat":"JSON","messageArguments":[{"model":{"Email":"liranbenzvi@gmail.com","Password":"987532","ConfirmPassword":"987532"},"userRole":"trainee"}]}

2016-10-18 13:45:13.3467|INFO|TraineeHelper.Web.Helpers.NLogger|JSON
Method: POST
URL: http://localhost:57906/api/Account/Register?userRole=trainee
Controller : TraineeHelper.Web.Controllers.AccountController
Action : Register
Action Parameters : {"messageFormat":"JSON","messageArguments":[{"model":{"Email":"liranbenzvi@gmail.com","Password":"987532","ConfirmPassword":"987532"},"userRole":"trainee"}]}

2016-10-18 13:47:30.2038|INFO|TraineeHelper.Web.Helpers.NLogger|JSON
Method: POST
URL: http://localhost:57906/api/Account/Register?userRole=trainee
Controller : TraineeHelper.Web.Controllers.AccountController
Action : Register
Action Parameters : {"messageFormat":"JSON","messageArguments":[{"model":{"Email":"liranbenzvi@gmail.com","Password":"987532","ConfirmPassword":"987532"},"userRole":"trainee"}]}

2016-10-18 13:48:32.2428|INFO|TraineeHelper.Web.Helpers.NLogger|JSON
Method: POST
URL: http://localhost:57906/api/Account/Register?userRole=trainee
Controller : TraineeHelper.Web.Controllers.AccountController
Action : Register
Action Parameters : {"messageFormat":"JSON","messageArguments":[{"model":{"Email":"liranbenzvi@gmail.com","Password":"987532","ConfirmPassword":"987532"},"userRole":"trainee"}]}

2016-10-18 14:19:44.8104|INFO|TraineeHelper.Web.Helpers.NLogger|JSON
Method: POST
URL: http://localhost:57906/api/Account/Register?userRole=trainee
Controller : TraineeHelper.Web.Controllers.AccountController
Action : Register
Action Parameters : {"messageFormat":"JSON","messageArguments":[{"model":{"Email":"liranbenzvi@gmail.com","Password":"987532","ConfirmPassword":"987532"},"userRole":"trainee"}]}

2016-10-18 14:22:14.5657|INFO|TraineeHelper.Web.Helpers.NLogger|JSON
Method: POST
URL: http://localhost:57906/api/Account/Register?userRole=trainee
Controller : TraineeHelper.Web.Controllers.AccountController
Action : Register
Action Parameters : {"messageFormat":"JSON","messageArguments":[{"model":{"Email":"liranbenzvi@gmail.com","Password":"987532","ConfirmPassword":"987532"},"userRole":"trainee"}]}

2016-10-18 14:26:31.7268|INFO|TraineeHelper.Web.Helpers.NLogger|JSON
Method: POST
URL: http://localhost:57906/api/Account/Register?userRole=trainee
Controller : TraineeHelper.Web.Controllers.AccountController
Action : Register
Action Parameters : {"messageFormat":"JSON","messageArguments":[{"model":{"Email":"liranbenzvi@gmail.com","Password":"987532","ConfirmPassword":"987532"},"userRole":"trainee"}]}

2016-10-18 14:28:02.0380|INFO|TraineeHelper.Web.Helpers.NLogger|JSON
Method: POST
URL: http://localhost:57906/api/Account/Register?userRole=trainee
Controller : TraineeHelper.Web.Controllers.AccountController
Action : Register
Action Parameters : {"messageFormat":"JSON","messageArguments":[{"model":{"Email":"liranbenzvi@gmail.com","Password":"987532","ConfirmPassword":"987532"},"userRole":"trainee"}]}

2016-10-18 14:28:20.9734|INFO|TraineeHelper.Web.Helpers.NLogger|JSON
Method: GET
URL: http://localhost:57906/api/Trainee/580605eaa719fa3a8cc845b6
Controller : TraineeHelper.Web.Controllers.TraineeController
Action : Get
Action Parameters : {"messageFormat":"JSON","messageArguments":[{"id":"580605eaa719fa3a8cc845b6"}]}

2016-10-18 14:28:44.1679|INFO|TraineeHelper.Web.Helpers.NLogger|JSON
Method: GET
URL: http://localhost:57906/api/Trainee/580605eaa719fa3a8cc845b6
Controller : TraineeHelper.Web.Controllers.TraineeController
Action : Get
Action Parameters : {"messageFormat":"JSON","messageArguments":[{"id":"580605eaa719fa3a8cc845b6"}]}

