2016-12-06 18:06:15.4620|INFO|TraineeHelper.Web.Helpers.NLogger|JSON
Method: POST
URL: http://localhost:57906/get/token
Controller : TraineeHelper.Web.Controllers.AuthenticateController
Action : Authenticate
Action Parameters : {"messageFormat":"JSON","messageArguments":[{"user":{"Id":null,"UserType":null,"UserName":null,"Password":"123456","Email":"liranbenzvi@gmail.com","Location":null,"Description":null,"PhoneNumber":null,"PhoneVisibility":false,"UserVisibility":true,"IsActive":true,"Created":"\/Date(1481040375252)\/","Modified":"\/Date(1481040375252)\/","Name":null,"Birthday":"\/Date(-62135596800000)\/"}}]}

2016-12-06 18:06:30.7928|INFO|TraineeHelper.Web.Helpers.NLogger|JSON
Method: GET
URL: http://localhost:57906/findUser?userName=u
Controller : TraineeHelper.Web.Controllers.SearchDataController
Action : FindUser
Action Parameters : {"messageFormat":"JSON","messageArguments":[{"userName":"u"}]}

2016-12-06 18:06:36.0704|INFO|TraineeHelper.Web.Helpers.NLogger|JSON
Method: POST
URL: http://localhost:57906/RequestConnection
Controller : TraineeHelper.Web.Controllers.ConnectionController
Action : RequestConnection
Action Parameters : {"messageFormat":"JSON","messageArguments":[{"model":{"Id":null,"Sender":"582dc188a719fa2f406f7749","Reciever":"582dc19ba719fa2f406f774a","ConnectionStatus":0,"ConnectionType":0,"IsActive":false,"Description":null,"Created":"\/Date(-62135596800000)\/","Modified":"\/Date(-62135596800000)\/"}}]}

2016-12-06 18:08:17.2676|INFO|TraineeHelper.Web.Helpers.NLogger|JSON
Method: POST
URL: http://localhost:57906/get/token
Controller : TraineeHelper.Web.Controllers.AuthenticateController
Action : Authenticate
Action Parameters : {"messageFormat":"JSON","messageArguments":[{"user":{"Id":null,"UserType":null,"UserName":null,"Password":"123456","Email":"momo@gmail.com","Location":null,"Description":null,"PhoneNumber":null,"PhoneVisibility":false,"UserVisibility":true,"IsActive":true,"Created":"\/Date(1481040497263)\/","Modified":"\/Date(1481040497263)\/","Name":null,"Birthday":"\/Date(-62135596800000)\/"}}]}

2016-12-06 18:13:45.2914|INFO|TraineeHelper.Web.Helpers.NLogger|JSON
Method: GET
URL: http://localhost:57906/findUser?userName=a
Controller : TraineeHelper.Web.Controllers.SearchDataController
Action : FindUser
Action Parameters : {"messageFormat":"JSON","messageArguments":[{"userName":"a"}]}

2016-12-06 18:36:58.1619|INFO|TraineeHelper.Web.Helpers.NLogger|JSON
Method: POST
URL: http://localhost:57906/get/token
Controller : TraineeHelper.Web.Controllers.AuthenticateController
Action : Authenticate
Action Parameters : {"messageFormat":"JSON","messageArguments":[{"user":{"Id":null,"UserType":null,"UserName":null,"Password":"123456","Email":"liranbenzvi@gmail.com","Location":null,"Description":null,"PhoneNumber":null,"PhoneVisibility":false,"UserVisibility":true,"IsActive":true,"Created":"\/Date(1481042218151)\/","Modified":"\/Date(1481042218151)\/","Name":null,"Birthday":"\/Date(-62135596800000)\/"}}]}

2016-12-06 18:37:01.5865|INFO|TraineeHelper.Web.Helpers.NLogger|JSON
Method: GET
URL: http://localhost:57906/findUser?userName=u
Controller : TraineeHelper.Web.Controllers.SearchDataController
Action : FindUser
Action Parameters : {"messageFormat":"JSON","messageArguments":[{"userName":"u"}]}

2016-12-06 18:37:21.4754|INFO|TraineeHelper.Web.Helpers.NLogger|JSON
Method: POST
URL: http://localhost:57906/RequestConnection
Controller : TraineeHelper.Web.Controllers.ConnectionController
Action : RequestConnection
Action Parameters : {"messageFormat":"JSON","messageArguments":[{"model":{"Id":null,"Sender":"582dc188a719fa2f406f7749","Reciever":"58341fc6a719fa3138095e1c","ConnectionStatus":0,"ConnectionType":0,"IsActive":false,"Description":null,"Created":"\/Date(-62135596800000)\/","Modified":"\/Date(-62135596800000)\/"}}]}

2016-12-06 18:38:08.2456|INFO|TraineeHelper.Web.Helpers.NLogger|JSON
Method: POST
URL: http://localhost:57906/get/token
Controller : TraineeHelper.Web.Controllers.AuthenticateController
Action : Authenticate
Action Parameters : {"messageFormat":"JSON","messageArguments":[{"user":{"Id":null,"UserType":null,"UserName":null,"Password":"123456","Email":"momo@gmail.com","Location":null,"Description":null,"PhoneNumber":null,"PhoneVisibility":false,"UserVisibility":true,"IsActive":true,"Created":"\/Date(1481042288241)\/","Modified":"\/Date(1481042288241)\/","Name":null,"Birthday":"\/Date(-62135596800000)\/"}}]}

2016-12-06 18:38:17.8252|INFO|TraineeHelper.Web.Helpers.NLogger|JSON
Method: GET
URL: http://localhost:57906/api/ConnectionInformation?id=5846e958a719fa344c4edcbe
Controller : TraineeHelper.Web.Controllers.ConnectionController
Action : ConnectionInformation
Action Parameters : {"messageFormat":"JSON","messageArguments":[{"id":"5846e958a719fa344c4edcbe"}]}

2016-12-06 18:38:17.8712|INFO|TraineeHelper.Web.Helpers.NLogger|JSON
Method: GET
URL: http://localhost:57906/FinduserById?userId=582dc188a719fa2f406f7749
Controller : TraineeHelper.Web.Controllers.SearchDataController
Action : FinduserById
Action Parameters : {"messageFormat":"JSON","messageArguments":[{"userId":"582dc188a719fa2f406f7749"}]}

2016-12-06 18:38:41.1263|INFO|TraineeHelper.Web.Helpers.NLogger|JSON
Method: POST
URL: http://localhost:57906/ApproveRequest?id=5846e958a719fa344c4edcbe
Controller : TraineeHelper.Web.Controllers.ConnectionController
Action : ApproveRequest
Action Parameters : {"messageFormat":"JSON","messageArguments":[{"id":"5846e958a719fa344c4edcbe"}]}

