2016-10-04 09:56:55.3677|INFO|TraineeHelper.Web.Helpers.NLogger|JSON
Method: GET
URL: http://localhost:57906/api/exercise/57cd7385a719f93b30da7737
Controller : TraineeHelper.Web.Controllers.ExerciseController
Action : Get
Action Parameters : {"messageFormat":"JSON","messageArguments":[{"id":"57cd7385a719f93b30da7737"}]}

2016-10-04 09:57:05.6529|INFO|TraineeHelper.Web.Helpers.NLogger|JSON
Method: POST
URL: http://localhost:57906/api/Account/Register?UserRole=trainee
Controller : TraineeHelper.Web.Controllers.AccountController
Action : Register
Action Parameters : {"messageFormat":"JSON","messageArguments":[{"model":{"Email":"shaibenzvi1@gmail.com","Password":"12345678Sss98@","ConfirmPassword":"12345678Sss98@"},"userRole":"trainee"}]}

2016-10-04 10:03:49.9817|INFO|TraineeHelper.Web.Helpers.NLogger|JSON
Method: POST
URL: http://localhost:57906/api/Account/Register?UserRole=trainee
Controller : TraineeHelper.Web.Controllers.AccountController
Action : Register
Action Parameters : {"messageFormat":"JSON","messageArguments":[{"model":{"Email":"shaibenzvi1@gmail.com","Password":"12345678Sss98@","ConfirmPassword":"12345678Sss98@"},"userRole":"trainee"}]}

2016-10-04 10:05:30.8537|INFO|TraineeHelper.Web.Helpers.NLogger|JSON
Method: POST
URL: http://localhost:57906/api/Account/Register?UserRole=trainee
Controller : TraineeHelper.Web.Controllers.AccountController
Action : Register
Action Parameters : {"messageFormat":"JSON","messageArguments":[{"model":{"Email":"shaibenzvi1@gmail.com","Password":"12345678Sss98@","ConfirmPassword":"12345678Sss98@"},"userRole":"trainee"}]}

2016-10-04 19:22:22.5738|INFO|TraineeHelper.Web.Helpers.NLogger|JSON
Method: GET
URL: http://localhost:57906/api/Account/UserInfo
Controller : TraineeHelper.Web.Controllers.AccountController
Action : GetUserInfo
Action Parameters : {"messageFormat":"JSON","messageArguments":[{}]}

2016-10-04 19:23:57.5218|INFO|TraineeHelper.Web.Helpers.NLogger|JSON
Method: POST
URL: http://localhost:57906/login
Controller : TraineeHelper.Web.Controllers.AuthenticateController
Action : Authenticate
Action Parameters : {"messageFormat":"JSON","messageArguments":[{}]}

2016-10-04 19:28:04.4568|INFO|TraineeHelper.Web.Helpers.NLogger|JSON
Method: POST
URL: http://localhost:57906/login
Controller : TraineeHelper.Web.Controllers.AuthenticateController
Action : Authenticate
Action Parameters : {"messageFormat":"JSON","messageArguments":[{}]}

2016-10-04 19:43:07.8132|INFO|TraineeHelper.Web.Helpers.NLogger|JSON
Method: POST
URL: http://localhost:57906/login?user=1&password=2
Controller : TraineeHelper.Web.Controllers.AuthenticateController
Action : Authenticate
Action Parameters : {"messageFormat":"JSON","messageArguments":[{"user":"1","password":"2"}]}

2016-10-04 19:43:21.1358|INFO|TraineeHelper.Web.Helpers.NLogger|JSON
Method: POST
URL: http://localhost:57906/login?user=1&password=1
Controller : TraineeHelper.Web.Controllers.AuthenticateController
Action : Authenticate
Action Parameters : {"messageFormat":"JSON","messageArguments":[{"user":"1","password":"1"}]}

2016-10-04 19:52:36.7978|INFO|TraineeHelper.Web.Helpers.NLogger|JSON
Method: POST
URL: http://localhost:57906/login?user=2&password=2
Controller : TraineeHelper.Web.Controllers.AuthenticateController
Action : Authenticate
Action Parameters : {"messageFormat":"JSON","messageArguments":[{"user":"2","password":"2"}]}

2016-10-04 19:56:33.6885|INFO|TraineeHelper.Web.Helpers.NLogger|JSON
Method: POST
URL: http://localhost:57906/authenticate?user=2&password=2
Controller : TraineeHelper.Web.Controllers.AuthenticateController
Action : Authenticate
Action Parameters : {"messageFormat":"JSON","messageArguments":[{"user":"2","password":"2"}]}

2016-10-04 20:19:21.9783|INFO|TraineeHelper.Web.Helpers.NLogger|JSON
Method: POST
URL: http://localhost:57906/authenticate?user=2&password=2
Controller : TraineeHelper.Web.Controllers.AuthenticateController
Action : Authenticate
Action Parameters : {"messageFormat":"JSON","messageArguments":[{"user":"2","password":"2"}]}

