2016-11-15 14:08:09.3932|INFO|TraineeHelper.Web.Helpers.NLogger|JSON
Method: POST
URL: http://localhost:57906/findUser?userName=a
Controller : TraineeHelper.Web.Controllers.SearchDataController
Action : FindUser
Action Parameters : {"messageFormat":"JSON","messageArguments":[{"userName":"a"}]}

2016-11-15 14:09:09.1445|INFO|TraineeHelper.Web.Helpers.NLogger|JSON
Method: POST
URL: http://localhost:57906/ViewUser
Controller : TraineeHelper.Web.Controllers.SearchDataController
Action : ViewUser
Action Parameters : {"messageFormat":"JSON","messageArguments":[{"userProfileDemoContext":{"Id":"581b1f6da719fa2e8c18a0f4,Trainer","UserType":null,"UserName":null}}]}

2016-11-15 14:09:41.6770|INFO|TraineeHelper.Web.Helpers.NLogger|JSON
Method: POST
URL: http://localhost:57906/ViewUser
Controller : TraineeHelper.Web.Controllers.SearchDataController
Action : ViewUser
Action Parameters : {"messageFormat":"JSON","messageArguments":[{"userProfileDemoContext":{"Id":"581b1f6da719fa2e8c18a0f4,Trainer","UserType":null,"UserName":null}}]}

2016-11-15 14:09:54.8027|INFO|TraineeHelper.Web.Helpers.NLogger|JSON
Method: POST
URL: http://localhost:57906/findUser?userName=a
Controller : TraineeHelper.Web.Controllers.SearchDataController
Action : FindUser
Action Parameters : {"messageFormat":"JSON","messageArguments":[{"userName":"a"}]}

2016-11-15 14:10:03.9212|INFO|TraineeHelper.Web.Helpers.NLogger|JSON
Method: POST
URL: http://localhost:57906/ViewUser
Controller : TraineeHelper.Web.Controllers.SearchDataController
Action : ViewUser
Action Parameters : {"messageFormat":"JSON","messageArguments":[{"userProfileDemoContext":{"Id":"5","UserType":null,"UserName":null}}]}

2016-11-15 14:12:49.0024|INFO|TraineeHelper.Web.Helpers.NLogger|JSON
Method: POST
URL: http://localhost:57906/findUser?userName=a
Controller : TraineeHelper.Web.Controllers.SearchDataController
Action : FindUser
Action Parameters : {"messageFormat":"JSON","messageArguments":[{"userName":"a"}]}

2016-11-15 14:13:28.1118|INFO|TraineeHelper.Web.Helpers.NLogger|JSON
Method: POST
URL: http://localhost:57906/ViewUser
Controller : TraineeHelper.Web.Controllers.SearchDataController
Action : ViewUser
Action Parameters : {"messageFormat":"JSON","messageArguments":[{"userProfileDemoContext":{"Id":"581b1f6da719fa2e8c18a0f4,Trainer","UserType":null,"UserName":null}}]}

2016-11-15 14:13:37.9612|INFO|TraineeHelper.Web.Helpers.NLogger|JSON
Method: POST
URL: http://localhost:57906/findUser?userName=a
Controller : TraineeHelper.Web.Controllers.SearchDataController
Action : FindUser
Action Parameters : {"messageFormat":"JSON","messageArguments":[{"userName":"a"}]}

2016-11-15 14:13:38.7804|INFO|TraineeHelper.Web.Helpers.NLogger|JSON
Method: POST
URL: http://localhost:57906/ViewUser
Controller : TraineeHelper.Web.Controllers.SearchDataController
Action : ViewUser
Action Parameters : {"messageFormat":"JSON","messageArguments":[{"userProfileDemoContext":{"Id":"581b1f6da719fa2e8c18a0f4,Trainer","UserType":null,"UserName":null}}]}

2016-11-15 14:14:00.3633|INFO|TraineeHelper.Web.Helpers.NLogger|JSON
Method: POST
URL: http://localhost:57906/findUser?userName=a
Controller : TraineeHelper.Web.Controllers.SearchDataController
Action : FindUser
Action Parameters : {"messageFormat":"JSON","messageArguments":[{"userName":"a"}]}

2016-11-15 16:48:33.5121|INFO|TraineeHelper.Web.Helpers.NLogger|JSON
Method: POST
URL: http://localhost:57906/findUser?userName=a
Controller : TraineeHelper.Web.Controllers.SearchDataController
Action : FindUser
Action Parameters : {"messageFormat":"JSON","messageArguments":[{"userName":"a"}]}

2016-11-15 16:48:57.1327|INFO|TraineeHelper.Web.Helpers.NLogger|JSON
Method: POST
URL: http://localhost:57906/ViewUser
Controller : TraineeHelper.Web.Controllers.SearchDataController
Action : ViewUser
Action Parameters : {"messageFormat":"JSON","messageArguments":[{"userId":null}]}

2016-11-15 17:15:11.6106|INFO|TraineeHelper.Web.Helpers.NLogger|JSON
Method: POST
URL: http://localhost:57906/findUser?userName=a
Controller : TraineeHelper.Web.Controllers.SearchDataController
Action : FindUser
Action Parameters : {"messageFormat":"JSON","messageArguments":[{"userName":"a"}]}

2016-11-15 17:15:17.2564|INFO|TraineeHelper.Web.Helpers.NLogger|JSON
Method: POST
URL: http://localhost:57906/ViewUser
Controller : TraineeHelper.Web.Controllers.SearchDataController
Action : ViewUser
Action Parameters : {"messageFormat":"JSON","messageArguments":[{"userId":null}]}

2016-11-15 17:15:51.8934|INFO|TraineeHelper.Web.Helpers.NLogger|JSON
Method: POST
URL: http://localhost:57906/findUser?userName=a
Controller : TraineeHelper.Web.Controllers.SearchDataController
Action : FindUser
Action Parameters : {"messageFormat":"JSON","messageArguments":[{"userName":"a"}]}

2016-11-15 17:15:58.4088|INFO|TraineeHelper.Web.Helpers.NLogger|JSON
Method: POST
URL: http://localhost:57906/ViewUser
Controller : TraineeHelper.Web.Controllers.SearchDataController
Action : ViewUser
Action Parameters : {"messageFormat":"JSON","messageArguments":[{"userId":null}]}

2016-11-15 17:16:08.9304|INFO|TraineeHelper.Web.Helpers.NLogger|JSON
Method: POST
URL: http://localhost:57906/findUser?userName=a
Controller : TraineeHelper.Web.Controllers.SearchDataController
Action : FindUser
Action Parameters : {"messageFormat":"JSON","messageArguments":[{"userName":"a"}]}

2016-11-15 17:16:15.6115|INFO|TraineeHelper.Web.Helpers.NLogger|JSON
Method: POST
URL: http://localhost:57906/ViewUser
Controller : TraineeHelper.Web.Controllers.SearchDataController
Action : ViewUser
Action Parameters : {"messageFormat":"JSON","messageArguments":[{"userId":null}]}

2016-11-15 17:17:18.7780|INFO|TraineeHelper.Web.Helpers.NLogger|JSON
Method: POST
URL: http://localhost:57906/findUser?userName=a
Controller : TraineeHelper.Web.Controllers.SearchDataController
Action : FindUser
Action Parameters : {"messageFormat":"JSON","messageArguments":[{"userName":"a"}]}

2016-11-15 17:17:46.1156|INFO|TraineeHelper.Web.Helpers.NLogger|JSON
Method: POST
URL: http://localhost:57906/ViewUser
Controller : TraineeHelper.Web.Controllers.SearchDataController
Action : ViewUser
Action Parameters : {"messageFormat":"JSON","messageArguments":[{"userId":null}]}

2016-11-15 17:23:07.7449|INFO|TraineeHelper.Web.Helpers.NLogger|JSON
Method: POST
URL: http://localhost:57906/ViewUser
Controller : TraineeHelper.Web.Controllers.SearchDataController
Action : ViewUser
Action Parameters : {"messageFormat":"JSON","messageArguments":[{"userProfileDemoContext":{"Id":"581b1f6da719fa2e8c18a0f4","UserType":null,"UserName":null}}]}

2016-11-15 17:23:27.5627|INFO|TraineeHelper.Web.Helpers.NLogger|JSON
Method: POST
URL: http://localhost:57906/ViewUser
Controller : TraineeHelper.Web.Controllers.SearchDataController
Action : ViewUser
Action Parameters : {"messageFormat":"JSON","messageArguments":[{"userProfileDemoContext":{"Id":"581b1f6da719fa2e8c18a0f4","UserType":null,"UserName":null}}]}

2016-11-15 17:27:28.9641|INFO|TraineeHelper.Web.Helpers.NLogger|JSON
Method: POST
URL: http://localhost:57906/ViewUser
Controller : TraineeHelper.Web.Controllers.SearchDataController
Action : ViewUser
Action Parameters : {"messageFormat":"JSON","messageArguments":[{"userProfileDemoContext":{"Id":"581b1f6da719fa2e8c18a0f4","UserType":null,"UserName":null}}]}

2016-11-15 17:30:42.3356|INFO|TraineeHelper.Web.Helpers.NLogger|JSON
Method: POST
URL: http://localhost:57906/findUser?userName=a
Controller : TraineeHelper.Web.Controllers.SearchDataController
Action : FindUser
Action Parameters : {"messageFormat":"JSON","messageArguments":[{"userName":"a"}]}

2016-11-15 17:30:45.3129|INFO|TraineeHelper.Web.Helpers.NLogger|JSON
Method: POST
URL: http://localhost:57906/ViewUser
Controller : TraineeHelper.Web.Controllers.SearchDataController
Action : ViewUser
Action Parameters : {"messageFormat":"JSON","messageArguments":[{"userProfileDemoContext":{"Id":"581b1f6da719fa2e8c18a0f4","UserType":null,"UserName":null}}]}

2016-11-15 17:31:55.3829|INFO|TraineeHelper.Web.Helpers.NLogger|JSON
Method: POST
URL: http://localhost:57906/findUser?userName=a
Controller : TraineeHelper.Web.Controllers.SearchDataController
Action : FindUser
Action Parameters : {"messageFormat":"JSON","messageArguments":[{"userName":"a"}]}

2016-11-15 17:31:59.2977|INFO|TraineeHelper.Web.Helpers.NLogger|JSON
Method: POST
URL: http://localhost:57906/ViewUser
Controller : TraineeHelper.Web.Controllers.SearchDataController
Action : ViewUser
Action Parameters : {"messageFormat":"JSON","messageArguments":[{"userProfileDemoContext":{"Id":"581b1f6da719fa2e8c18a0f4","UserType":null,"UserName":null}}]}

2016-11-15 17:32:18.1295|INFO|TraineeHelper.Web.Helpers.NLogger|JSON
Method: POST
URL: http://localhost:57906/ViewUser
Controller : TraineeHelper.Web.Controllers.SearchDataController
Action : ViewUser
Action Parameters : {"messageFormat":"JSON","messageArguments":[{"userProfileDemoContext":{"Id":"581b1f6da719fa2e8c18a0f4","UserType":null,"UserName":null}}]}

