2016-12-09 09:04:30.4752|INFO|TraineeHelper.Web.Helpers.NLogger|JSON
Method: POST
URL: http://localhost:57906/api/Account/register?userRole=Trainee
Controller : TraineeHelper.Web.Controllers.AccountApiController
Action : Register
Action Parameters : {"messageFormat":"JSON","messageArguments":[{"model":{"Email":"lolo@gmail.com","Password":"123456","ConfirmPassword":"123456"},"userRole":"Trainee"}]}

2016-12-09 09:05:51.8394|INFO|TraineeHelper.Web.Helpers.NLogger|JSON
Method: POST
URL: http://localhost:57906/api/Account/register?userRole=Trainee
Controller : TraineeHelper.Web.Controllers.AccountApiController
Action : Register
Action Parameters : {"messageFormat":"JSON","messageArguments":[{"model":{"Email":"lolo@gmail.com","Password":"123456","ConfirmPassword":"123456"},"userRole":"Trainee"}]}

2016-12-09 09:06:28.7149|INFO|TraineeHelper.Web.Helpers.NLogger|JSON
Method: POST
URL: http://localhost:57906/api/Account/register?userRole=Trainee
Controller : TraineeHelper.Web.Controllers.AccountApiController
Action : Register
Action Parameters : {"messageFormat":"JSON","messageArguments":[{"model":{"Email":"lolo@gmail.com","Password":"123456","ConfirmPassword":"123456"},"userRole":"Trainee"}]}

2016-12-09 09:07:53.7806|INFO|TraineeHelper.Web.Helpers.NLogger|JSON
Method: POST
URL: http://localhost:57906/api/Account/register?userRole=Trainee
Controller : TraineeHelper.Web.Controllers.AccountApiController
Action : Register
Action Parameters : {"messageFormat":"JSON","messageArguments":[{"model":{"Email":"lolo@gmail.com","Password":"123456","ConfirmPassword":"123456"},"userRole":"Trainee"}]}

2016-12-09 09:08:24.7270|INFO|TraineeHelper.Web.Helpers.NLogger|JSON
Method: POST
URL: http://localhost:57906/api/Account/register?userRole=Trainee
Controller : TraineeHelper.Web.Controllers.AccountApiController
Action : Register
Action Parameters : {"messageFormat":"JSON","messageArguments":[{"model":{"Email":"lolo@gmail.com","Password":"123456","ConfirmPassword":"123456"},"userRole":"Trainee"}]}

2016-12-09 09:08:57.9387|INFO|TraineeHelper.Web.Helpers.NLogger|JSON
Method: POST
URL: http://localhost:57906/api/Account/register?userRole=Trainee
Controller : TraineeHelper.Web.Controllers.AccountApiController
Action : Register
Action Parameters : {"messageFormat":"JSON","messageArguments":[{"model":{"Email":"lolo@gmail.com","Password":"123456","ConfirmPassword":"123456"},"userRole":"Trainee"}]}

2016-12-09 09:10:15.3071|INFO|TraineeHelper.Web.Helpers.NLogger|JSON
Method: POST
URL: http://localhost:57906/api/Account/register?userRole=Trainee
Controller : TraineeHelper.Web.Controllers.AccountApiController
Action : Register
Action Parameters : {"messageFormat":"JSON","messageArguments":[{"model":{"Email":"lolo@gmail.com","Password":"123456","ConfirmPassword":"123456"},"userRole":"Trainee"}]}

2016-12-09 09:12:38.9361|INFO|TraineeHelper.Web.Helpers.NLogger|JSON
Method: POST
URL: http://localhost:57906/api/Account/register?userRole=Trainer
Controller : TraineeHelper.Web.Controllers.AccountApiController
Action : Register
Action Parameters : {"messageFormat":"JSON","messageArguments":[{"model":{"Email":"gogo@gmail.com","Password":"123456","ConfirmPassword":"123456"},"userRole":"Trainer"}]}

2016-12-09 09:12:46.7548|INFO|TraineeHelper.Web.Helpers.NLogger|JSON
Method: POST
URL: http://localhost:57906/api/Account/register?userRole=Trainer
Controller : TraineeHelper.Web.Controllers.AccountApiController
Action : Register
Action Parameters : {"messageFormat":"JSON","messageArguments":[{"model":{"Email":"jojo@gmail.com","Password":"123456","ConfirmPassword":"123456"},"userRole":"Trainer"}]}

2016-12-09 09:47:45.6049|INFO|TraineeHelper.Web.Helpers.NLogger|JSON
Method: POST
URL: http://localhost:57906/get/token
Controller : TraineeHelper.Web.Controllers.AuthenticateController
Action : Authenticate
Action Parameters : {"messageFormat":"JSON","messageArguments":[{"user":{"Id":null,"UserType":null,"UserName":null,"Password":"123456","Email":"gogo@gmail.com","Location":null,"Description":null,"PhoneNumber":null,"PhoneVisibility":false,"UserVisibility":true,"IsActive":true,"Created":"\/Date(1481269665413)\/","Modified":"\/Date(1481269665413)\/","Name":null,"Birthday":"\/Date(-62135596800000)\/"}}]}

2016-12-09 09:47:54.9182|INFO|TraineeHelper.Web.Helpers.NLogger|JSON
Method: GET
URL: http://localhost:57906/findUser?userName=h
Controller : TraineeHelper.Web.Controllers.SearchDataController
Action : FindUser
Action Parameters : {"messageFormat":"JSON","messageArguments":[{"userName":"h"}]}

2016-12-09 09:48:00.4277|INFO|TraineeHelper.Web.Helpers.NLogger|JSON
Method: POST
URL: http://localhost:57906/RequestConnection
Controller : TraineeHelper.Web.Controllers.ConnectionController
Action : RequestConnection
Action Parameters : {"messageFormat":"JSON","messageArguments":[{"model":{"Id":null,"Sender":"584a5968a719fa5f484cd875","Reciever":"584a58d7a719fa5f484cd874","Contact":null,"ConnectionStatus":0,"ConnectionType":0,"IsActive":false,"Description":null,"Created":"\/Date(-62135596800000)\/","Modified":"\/Date(-62135596800000)\/"}}]}

2016-12-09 09:49:04.8366|INFO|TraineeHelper.Web.Helpers.NLogger|JSON
Method: POST
URL: http://localhost:57906/get/token
Controller : TraineeHelper.Web.Controllers.AuthenticateController
Action : Authenticate
Action Parameters : {"messageFormat":"JSON","messageArguments":[{"user":{"Id":null,"UserType":null,"UserName":null,"Password":"123456","Email":"lolo@gmail.com","Location":null,"Description":null,"PhoneNumber":null,"PhoneVisibility":false,"UserVisibility":true,"IsActive":true,"Created":"\/Date(1481269744831)\/","Modified":"\/Date(1481269744831)\/","Name":null,"Birthday":"\/Date(-62135596800000)\/"}}]}

2016-12-09 09:52:09.9692|INFO|TraineeHelper.Web.Helpers.NLogger|JSON
Method: POST
URL: http://localhost:57906/get/token
Controller : TraineeHelper.Web.Controllers.AuthenticateController
Action : Authenticate
Action Parameters : {"messageFormat":"JSON","messageArguments":[{"user":{"Id":null,"UserType":null,"UserName":null,"Password":"123456","Email":"lolo@gmail.com","Location":null,"Description":null,"PhoneNumber":null,"PhoneVisibility":false,"UserVisibility":true,"IsActive":true,"Created":"\/Date(1481269929963)\/","Modified":"\/Date(1481269929963)\/","Name":null,"Birthday":"\/Date(-62135596800000)\/"}}]}

2016-12-09 09:52:54.0286|INFO|TraineeHelper.Web.Helpers.NLogger|JSON
Method: POST
URL: http://localhost:57906/get/token
Controller : TraineeHelper.Web.Controllers.AuthenticateController
Action : Authenticate
Action Parameters : {"messageFormat":"JSON","messageArguments":[{"user":{"Id":null,"UserType":null,"UserName":null,"Password":"123456","Email":"lolo@gmail.com","Location":null,"Description":null,"PhoneNumber":null,"PhoneVisibility":false,"UserVisibility":true,"IsActive":true,"Created":"\/Date(1481269974024)\/","Modified":"\/Date(1481269974024)\/","Name":null,"Birthday":"\/Date(-62135596800000)\/"}}]}

2016-12-09 09:54:17.6827|INFO|TraineeHelper.Web.Helpers.NLogger|JSON
Method: POST
URL: http://localhost:57906/get/token
Controller : TraineeHelper.Web.Controllers.AuthenticateController
Action : Authenticate
Action Parameters : {"messageFormat":"JSON","messageArguments":[{"user":{"Id":null,"UserType":null,"UserName":null,"Password":"123456","Email":"gogo@gmail.com","Location":null,"Description":null,"PhoneNumber":null,"PhoneVisibility":false,"UserVisibility":true,"IsActive":true,"Created":"\/Date(1481270057678)\/","Modified":"\/Date(1481270057678)\/","Name":null,"Birthday":"\/Date(-62135596800000)\/"}}]}

2016-12-09 09:54:23.5634|INFO|TraineeHelper.Web.Helpers.NLogger|JSON
Method: GET
URL: http://localhost:57906/findUser?userName=h
Controller : TraineeHelper.Web.Controllers.SearchDataController
Action : FindUser
Action Parameters : {"messageFormat":"JSON","messageArguments":[{"userName":"h"}]}

2016-12-09 09:54:25.7663|INFO|TraineeHelper.Web.Helpers.NLogger|JSON
Method: POST
URL: http://localhost:57906/RequestConnection
Controller : TraineeHelper.Web.Controllers.ConnectionController
Action : RequestConnection
Action Parameters : {"messageFormat":"JSON","messageArguments":[{"model":{"Id":null,"Sender":"584a5968a719fa5f484cd875","Reciever":"584a58d7a719fa5f484cd874","Contact":null,"ConnectionStatus":0,"ConnectionType":0,"IsActive":false,"Description":null,"Created":"\/Date(-62135596800000)\/","Modified":"\/Date(-62135596800000)\/"}}]}

2016-12-09 09:55:08.9352|INFO|TraineeHelper.Web.Helpers.NLogger|JSON
Method: POST
URL: http://localhost:57906/get/token
Controller : TraineeHelper.Web.Controllers.AuthenticateController
Action : Authenticate
Action Parameters : {"messageFormat":"JSON","messageArguments":[{"user":{"Id":null,"UserType":null,"UserName":null,"Password":"123456","Email":"lolo@gmail.com","Location":null,"Description":null,"PhoneNumber":null,"PhoneVisibility":false,"UserVisibility":true,"IsActive":true,"Created":"\/Date(1481270108930)\/","Modified":"\/Date(1481270108930)\/","Name":null,"Birthday":"\/Date(-62135596800000)\/"}}]}

2016-12-09 10:01:41.1303|INFO|TraineeHelper.Web.Helpers.NLogger|JSON
Method: POST
URL: http://localhost:57906/get/token
Controller : TraineeHelper.Web.Controllers.AuthenticateController
Action : Authenticate
Action Parameters : {"messageFormat":"JSON","messageArguments":[{"user":{"Id":null,"UserType":null,"UserName":null,"Password":"123456","Email":"lolo@gmail.com","Location":null,"Description":null,"PhoneNumber":null,"PhoneVisibility":false,"UserVisibility":true,"IsActive":true,"Created":"\/Date(1481270500886)\/","Modified":"\/Date(1481270500886)\/","Name":null,"Birthday":"\/Date(-62135596800000)\/"}}]}

2016-12-09 10:05:10.7161|INFO|TraineeHelper.Web.Helpers.NLogger|JSON
Method: GET
URL: http://localhost:57906/findUser?userName=a
Controller : TraineeHelper.Web.Controllers.SearchDataController
Action : FindUser
Action Parameters : {"messageFormat":"JSON","messageArguments":[{"userName":"a"}]}

2016-12-09 10:05:36.8342|INFO|TraineeHelper.Web.Helpers.NLogger|JSON
Method: GET
URL: http://localhost:57906/findUser?userName=ru
Controller : TraineeHelper.Web.Controllers.SearchDataController
Action : FindUser
Action Parameters : {"messageFormat":"JSON","messageArguments":[{"userName":"ru"}]}

2016-12-09 10:05:41.0263|INFO|TraineeHelper.Web.Helpers.NLogger|JSON
Method: GET
URL: http://localhost:57906/findUser?userName=r
Controller : TraineeHelper.Web.Controllers.SearchDataController
Action : FindUser
Action Parameters : {"messageFormat":"JSON","messageArguments":[{"userName":"r"}]}

2016-12-09 10:05:44.5218|INFO|TraineeHelper.Web.Helpers.NLogger|JSON
Method: GET
URL: http://localhost:57906/findUser?userName=u
Controller : TraineeHelper.Web.Controllers.SearchDataController
Action : FindUser
Action Parameters : {"messageFormat":"JSON","messageArguments":[{"userName":"u"}]}

2016-12-09 10:05:51.1347|INFO|TraineeHelper.Web.Helpers.NLogger|JSON
Method: GET
URL: http://localhost:57906/findUser?userName=b
Controller : TraineeHelper.Web.Controllers.SearchDataController
Action : FindUser
Action Parameters : {"messageFormat":"JSON","messageArguments":[{"userName":"b"}]}

2016-12-09 10:05:57.1561|INFO|TraineeHelper.Web.Helpers.NLogger|JSON
Method: GET
URL: http://localhost:57906/findUser?userName=ruby
Controller : TraineeHelper.Web.Controllers.SearchDataController
Action : FindUser
Action Parameters : {"messageFormat":"JSON","messageArguments":[{"userName":"ruby"}]}

2016-12-09 10:06:37.5188|INFO|TraineeHelper.Web.Helpers.NLogger|JSON
Method: GET
URL: http://localhost:57906/findUser?userName=ruby
Controller : TraineeHelper.Web.Controllers.SearchDataController
Action : FindUser
Action Parameters : {"messageFormat":"JSON","messageArguments":[{"userName":"ruby"}]}

2016-12-09 10:06:41.4034|INFO|TraineeHelper.Web.Helpers.NLogger|JSON
Method: GET
URL: http://localhost:57906/findUser?userName=u
Controller : TraineeHelper.Web.Controllers.SearchDataController
Action : FindUser
Action Parameters : {"messageFormat":"JSON","messageArguments":[{"userName":"u"}]}

2016-12-09 10:06:46.0909|INFO|TraineeHelper.Web.Helpers.NLogger|JSON
Method: GET
URL: http://localhost:57906/findUser?userName=r
Controller : TraineeHelper.Web.Controllers.SearchDataController
Action : FindUser
Action Parameters : {"messageFormat":"JSON","messageArguments":[{"userName":"r"}]}

2016-12-09 10:08:46.8272|INFO|TraineeHelper.Web.Helpers.NLogger|JSON
Method: GET
URL: http://localhost:57906/findUser?userName=r
Controller : TraineeHelper.Web.Controllers.SearchDataController
Action : FindUser
Action Parameters : {"messageFormat":"JSON","messageArguments":[{"userName":"r"}]}

2016-12-09 10:14:44.6629|INFO|TraineeHelper.Web.Helpers.NLogger|JSON
Method: GET
URL: http://localhost:57906/findUser?userName=r
Controller : TraineeHelper.Web.Controllers.SearchDataController
Action : FindUser
Action Parameters : {"messageFormat":"JSON","messageArguments":[{"userName":"r"}]}

2016-12-09 10:14:51.1286|INFO|TraineeHelper.Web.Helpers.NLogger|JSON
Method: GET
URL: http://localhost:57906/findUser?userName=S
Controller : TraineeHelper.Web.Controllers.SearchDataController
Action : FindUser
Action Parameters : {"messageFormat":"JSON","messageArguments":[{"userName":"S"}]}

2016-12-09 10:14:52.8145|INFO|TraineeHelper.Web.Helpers.NLogger|JSON
Method: GET
URL: http://localhost:57906/findUser?userName=s
Controller : TraineeHelper.Web.Controllers.SearchDataController
Action : FindUser
Action Parameters : {"messageFormat":"JSON","messageArguments":[{"userName":"s"}]}

2016-12-09 10:15:00.1599|INFO|TraineeHelper.Web.Helpers.NLogger|JSON
Method: GET
URL: http://localhost:57906/findUser?userName=b
Controller : TraineeHelper.Web.Controllers.SearchDataController
Action : FindUser
Action Parameters : {"messageFormat":"JSON","messageArguments":[{"userName":"b"}]}

2016-12-09 10:15:02.6439|INFO|TraineeHelper.Web.Helpers.NLogger|JSON
Method: GET
URL: http://localhost:57906/findUser?userName=B
Controller : TraineeHelper.Web.Controllers.SearchDataController
Action : FindUser
Action Parameters : {"messageFormat":"JSON","messageArguments":[{"userName":"B"}]}

2016-12-09 10:15:04.5745|INFO|TraineeHelper.Web.Helpers.NLogger|JSON
Method: GET
URL: http://localhost:57906/findUser?userName=B1
Controller : TraineeHelper.Web.Controllers.SearchDataController
Action : FindUser
Action Parameters : {"messageFormat":"JSON","messageArguments":[{"userName":"B1"}]}

2016-12-09 10:15:22.9250|INFO|TraineeHelper.Web.Helpers.NLogger|JSON
Method: GET
URL: http://localhost:57906/findUser?userName=u
Controller : TraineeHelper.Web.Controllers.SearchDataController
Action : FindUser
Action Parameters : {"messageFormat":"JSON","messageArguments":[{"userName":"u"}]}

2016-12-09 10:16:46.7063|INFO|TraineeHelper.Web.Helpers.NLogger|JSON
Method: POST
URL: http://localhost:57906/RequestConnection
Controller : TraineeHelper.Web.Controllers.ConnectionController
Action : RequestConnection
Action Parameters : {"messageFormat":"JSON","messageArguments":[{"model":{"Id":null,"Sender":"584a58d7a719fa5f484cd874","Reciever":"584a5968a719fa5f484cd875","Contact":null,"ConnectionStatus":0,"ConnectionType":0,"IsActive":false,"Description":null,"Created":"\/Date(-62135596800000)\/","Modified":"\/Date(-62135596800000)\/"}}]}

2016-12-09 10:18:18.7219|INFO|TraineeHelper.Web.Helpers.NLogger|JSON
Method: POST
URL: http://localhost:57906/get/token
Controller : TraineeHelper.Web.Controllers.AuthenticateController
Action : Authenticate
Action Parameters : {"messageFormat":"JSON","messageArguments":[{"user":{"Id":null,"UserType":null,"UserName":null,"Password":"123456","Email":"gogo@gmail.com","Location":null,"Description":null,"PhoneNumber":null,"PhoneVisibility":false,"UserVisibility":true,"IsActive":true,"Created":"\/Date(1481271498706)\/","Modified":"\/Date(1481271498706)\/","Name":null,"Birthday":"\/Date(-62135596800000)\/"}}]}

2016-12-09 10:23:01.9043|INFO|TraineeHelper.Web.Helpers.NLogger|JSON
Method: POST
URL: http://localhost:57906/get/token
Controller : TraineeHelper.Web.Controllers.AuthenticateController
Action : Authenticate
Action Parameters : {"messageFormat":"JSON","messageArguments":[{"user":{"Id":null,"UserType":null,"UserName":null,"Password":"123456","Email":"lolo@gmail.com","Location":null,"Description":null,"PhoneNumber":null,"PhoneVisibility":false,"UserVisibility":true,"IsActive":true,"Created":"\/Date(1481271781894)\/","Modified":"\/Date(1481271781894)\/","Name":null,"Birthday":"\/Date(-62135596800000)\/"}}]}

2016-12-09 10:23:43.2118|INFO|TraineeHelper.Web.Helpers.NLogger|JSON
Method: POST
URL: http://localhost:57906/get/token
Controller : TraineeHelper.Web.Controllers.AuthenticateController
Action : Authenticate
Action Parameters : {"messageFormat":"JSON","messageArguments":[{"user":{"Id":null,"UserType":null,"UserName":null,"Password":"123456","Email":"gogo@gmail.com","Location":null,"Description":null,"PhoneNumber":null,"PhoneVisibility":false,"UserVisibility":true,"IsActive":true,"Created":"\/Date(1481271823200)\/","Modified":"\/Date(1481271823200)\/","Name":null,"Birthday":"\/Date(-62135596800000)\/"}}]}

2016-12-09 10:31:15.3759|INFO|TraineeHelper.Web.Helpers.NLogger|JSON
Method: POST
URL: http://localhost:57906/get/token
Controller : TraineeHelper.Web.Controllers.AuthenticateController
Action : Authenticate
Action Parameters : {"messageFormat":"JSON","messageArguments":[{"user":{"Id":null,"UserType":null,"UserName":null,"Password":"123456","Email":"lolo@gmail.com","Location":null,"Description":null,"PhoneNumber":null,"PhoneVisibility":false,"UserVisibility":true,"IsActive":true,"Created":"\/Date(1481272275163)\/","Modified":"\/Date(1481272275163)\/","Name":null,"Birthday":"\/Date(-62135596800000)\/"}}]}

2016-12-09 10:35:58.5848|INFO|TraineeHelper.Web.Helpers.NLogger|JSON
Method: POST
URL: http://localhost:57906/get/token
Controller : TraineeHelper.Web.Controllers.AuthenticateController
Action : Authenticate
Action Parameters : {"messageFormat":"JSON","messageArguments":[{"user":{"Id":null,"UserType":null,"UserName":null,"Password":"123456","Email":"lolo@gmail.com","Location":null,"Description":null,"PhoneNumber":null,"PhoneVisibility":false,"UserVisibility":true,"IsActive":true,"Created":"\/Date(1481272558413)\/","Modified":"\/Date(1481272558413)\/","Name":null,"Birthday":"\/Date(-62135596800000)\/"}}]}

2016-12-09 10:37:18.7026|INFO|TraineeHelper.Web.Helpers.NLogger|JSON
Method: GET
URL: http://localhost:57906/findUser?userName=r
Controller : TraineeHelper.Web.Controllers.SearchDataController
Action : FindUser
Action Parameters : {"messageFormat":"JSON","messageArguments":[{"userName":"r"}]}

2016-12-09 10:37:23.0779|INFO|TraineeHelper.Web.Helpers.NLogger|JSON
Method: POST
URL: http://localhost:57906/RequestConnection
Controller : TraineeHelper.Web.Controllers.ConnectionController
Action : RequestConnection
Action Parameters : {"messageFormat":"JSON","messageArguments":[{"model":{"Id":null,"Sender":"584a58d7a719fa5f484cd874","Reciever":"584a5968a719fa5f484cd875","Contact":null,"ConnectionStatus":0,"ConnectionType":0,"IsActive":false,"Description":null,"Created":"\/Date(-62135596800000)\/","Modified":"\/Date(-62135596800000)\/"}}]}

2016-12-09 10:46:15.6880|INFO|TraineeHelper.Web.Helpers.NLogger|JSON
Method: POST
URL: http://localhost:57906/get/token
Controller : TraineeHelper.Web.Controllers.AuthenticateController
Action : Authenticate
Action Parameters : {"messageFormat":"JSON","messageArguments":[{"user":{"Id":null,"UserType":null,"UserName":null,"Password":"123456","Email":"gogo@gmail.com","Location":null,"Description":null,"PhoneNumber":null,"PhoneVisibility":false,"UserVisibility":true,"IsActive":true,"Created":"\/Date(1481273175514)\/","Modified":"\/Date(1481273175514)\/","Name":null,"Birthday":"\/Date(-62135596800000)\/"}}]}

2016-12-09 10:52:09.4476|INFO|TraineeHelper.Web.Helpers.NLogger|JSON
Method: GET
URL: http://localhost:57906/api/ConnectionInformation?id=584a6d72a719fa2d240eb738
Controller : TraineeHelper.Web.Controllers.ConnectionController
Action : ConnectionInformation
Action Parameters : {"messageFormat":"JSON","messageArguments":[{"id":"584a6d72a719fa2d240eb738"}]}

2016-12-09 10:52:09.7972|INFO|TraineeHelper.Web.Helpers.NLogger|JSON
Method: GET
URL: http://localhost:57906/FinduserById?userId=584a58d7a719fa5f484cd874
Controller : TraineeHelper.Web.Controllers.SearchDataController
Action : FinduserById
Action Parameters : {"messageFormat":"JSON","messageArguments":[{"userId":"584a58d7a719fa5f484cd874"}]}

2016-12-09 10:52:26.7086|INFO|TraineeHelper.Web.Helpers.NLogger|JSON
Method: POST
URL: http://localhost:57906/ApproveRequest?id=584a6d72a719fa2d240eb738
Controller : TraineeHelper.Web.Controllers.ConnectionController
Action : ApproveRequest
Action Parameters : {"messageFormat":"JSON","messageArguments":[{"id":"584a6d72a719fa2d240eb738"}]}

2016-12-09 10:54:51.8291|INFO|TraineeHelper.Web.Helpers.NLogger|JSON
Method: GET
URL: http://localhost:57906/api/ConnectionInformation?id=584a6d72a719fa2d240eb738
Controller : TraineeHelper.Web.Controllers.ConnectionController
Action : ConnectionInformation
Action Parameters : {"messageFormat":"JSON","messageArguments":[{"id":"584a6d72a719fa2d240eb738"}]}

2016-12-09 10:54:52.1854|INFO|TraineeHelper.Web.Helpers.NLogger|JSON
Method: GET
URL: http://localhost:57906/FinduserById?userId=584a58d7a719fa5f484cd874
Controller : TraineeHelper.Web.Controllers.SearchDataController
Action : FinduserById
Action Parameters : {"messageFormat":"JSON","messageArguments":[{"userId":"584a58d7a719fa5f484cd874"}]}

2016-12-09 15:53:37.5051|INFO|TraineeHelper.Web.Helpers.NLogger|JSON
Method: POST
URL: http://localhost:57906/get/token
Controller : TraineeHelper.Web.Controllers.AuthenticateController
Action : Authenticate
Action Parameters : {"messageFormat":"JSON","messageArguments":[{"user":{"Id":null,"UserType":null,"UserName":null,"Password":"123456","Email":"gogo@gmail.com","Location":null,"Description":null,"PhoneNumber":null,"PhoneVisibility":false,"UserVisibility":true,"IsActive":true,"Created":"\/Date(1481291617476)\/","Modified":"\/Date(1481291617476)\/","Name":null,"Birthday":"\/Date(-62135596800000)\/"}}]}

2016-12-09 16:55:33.2194|INFO|TraineeHelper.Web.Helpers.NLogger|JSON
Method: GET
URL: http://localhost:57906/findUser?userName=r&userId=undefined
Controller : TraineeHelper.Web.Controllers.SearchDataController
Action : FindUser
Action Parameters : {"messageFormat":"JSON","messageArguments":[{"userName":"r","userId":"undefined"}]}

2016-12-09 16:56:14.6402|INFO|TraineeHelper.Web.Helpers.NLogger|JSON
Method: GET
URL: http://localhost:57906/findUser?userName=r&userId=undefined
Controller : TraineeHelper.Web.Controllers.SearchDataController
Action : FindUser
Action Parameters : {"messageFormat":"JSON","messageArguments":[{"userName":"r","userId":"undefined"}]}

2016-12-09 17:05:12.2442|INFO|TraineeHelper.Web.Helpers.NLogger|JSON
Method: GET
URL: http://localhost:57906/findUser?userName=r&userId=undefined
Controller : TraineeHelper.Web.Controllers.SearchDataController
Action : FindUser
Action Parameters : {"messageFormat":"JSON","messageArguments":[{"userName":"r","userId":"undefined"}]}

2016-12-09 17:06:17.3096|INFO|TraineeHelper.Web.Helpers.NLogger|JSON
Method: POST
URL: http://localhost:57906/get/token
Controller : TraineeHelper.Web.Controllers.AuthenticateController
Action : Authenticate
Action Parameters : {"messageFormat":"JSON","messageArguments":[{"user":{"Id":null,"UserType":null,"UserName":null,"Password":"123456","Email":"gogo@gmail.com","Location":null,"Description":null,"PhoneNumber":null,"PhoneVisibility":false,"UserVisibility":true,"IsActive":true,"Created":"\/Date(1481295977279)\/","Modified":"\/Date(1481295977279)\/","Name":null,"Birthday":"\/Date(-62135596800000)\/"}}]}

2016-12-09 17:06:56.1823|INFO|TraineeHelper.Web.Helpers.NLogger|JSON
Method: GET
URL: http://localhost:57906/findUser?userName=r&userId=584a5968a719fa5f484cd875
Controller : TraineeHelper.Web.Controllers.SearchDataController
Action : FindUser
Action Parameters : {"messageFormat":"JSON","messageArguments":[{"userName":"r","userId":"584a5968a719fa5f484cd875"}]}

2016-12-09 17:10:35.4369|INFO|TraineeHelper.Web.Helpers.NLogger|JSON
Method: GET
URL: http://localhost:57906/findUser?userName=r&userId=584a5968a719fa5f484cd875
Controller : TraineeHelper.Web.Controllers.SearchDataController
Action : FindUser
Action Parameters : {"messageFormat":"JSON","messageArguments":[{"userName":"r","userId":"584a5968a719fa5f484cd875"}]}

2016-12-09 17:11:33.2533|INFO|TraineeHelper.Web.Helpers.NLogger|JSON
Method: GET
URL: http://localhost:57906/findUser?userName=r&userId=584a5968a719fa5f484cd875
Controller : TraineeHelper.Web.Controllers.SearchDataController
Action : FindUser
Action Parameters : {"messageFormat":"JSON","messageArguments":[{"userName":"r","userId":"584a5968a719fa5f484cd875"}]}

2016-12-09 17:11:52.9112|INFO|TraineeHelper.Web.Helpers.NLogger|JSON
Method: GET
URL: http://localhost:57906/findUser?userName=r&userId=584a5968a719fa5f484cd875
Controller : TraineeHelper.Web.Controllers.SearchDataController
Action : FindUser
Action Parameters : {"messageFormat":"JSON","messageArguments":[{"userName":"r","userId":"584a5968a719fa5f484cd875"}]}

