2017-02-08 20:18:52.8203|INFO|TraineeHelper.Web.Helpers.NLogger|JSON
Method: POST
URL: http://localhost:57906/get/token
Controller : TraineeHelper.Web.Controllers.AuthenticateController
Action : Authenticate
Action Parameters : {"messageFormat":"JSON","messageArguments":[{"user":{"imagesList":null,"Id":null,"UserType":null,"UserName":null,"Password":"123456","Email":"yoyo@gmail.com","Location":null,"Description":null,"PhoneNumber":null,"PhoneVisibility":false,"UserVisibility":true,"IsActive":true,"Created":"\/Date(1486577932591)\/","Modified":"\/Date(1486577932591)\/","Name":null,"Birthday":"\/Date(-62135596800000)\/"}}]}

2017-02-08 20:18:57.9225|INFO|TraineeHelper.Web.Helpers.NLogger|JSON
Method: GET
URL: http://localhost:57906/api/account/GetUserName?id=58554525a719fa2ae46765f4
Controller : TraineeHelper.Web.Controllers.AccountApiController
Action : GetUserName
Action Parameters : {"messageFormat":"JSON","messageArguments":[{"id":"58554525a719fa2ae46765f4"}]}

2017-02-08 20:19:38.7600|INFO|TraineeHelper.Web.Helpers.NLogger|JSON
Method: POST
URL: http://localhost:57906/advancedSearch
Controller : TraineeHelper.Web.Controllers.SearchDataController
Action : AdvancedSearch
Action Parameters : {"messageFormat":"JSON","messageArguments":[{"searchFilter":{"UserType":"Trainer","UserId":"58554525a719fa2ae46765f4","Location":"Everywhere","Price":"\u003c100","Reputation":1,"GenderFilter":1,"Expertise":["5879e4daa719fa30ec70c31a"],"Showers":true,"Parking":true,"ExperienceYears":"\u003c3"}}]}

2017-02-08 20:20:22.1763|INFO|TraineeHelper.Web.Helpers.NLogger|JSON
Method: POST
URL: http://localhost:57906/advancedSearch
Controller : TraineeHelper.Web.Controllers.SearchDataController
Action : AdvancedSearch
Action Parameters : {"messageFormat":"JSON","messageArguments":[{"searchFilter":{"UserType":"Trainer","UserId":"58554525a719fa2ae46765f4","Location":"Everywhere","Price":"\u003c100","Reputation":1,"GenderFilter":1,"Expertise":["5879e4daa719fa30ec70c31a"],"Showers":true,"Parking":true,"ExperienceYears":"\u003c3"}}]}

2017-02-08 20:22:32.8841|INFO|TraineeHelper.Web.Helpers.NLogger|JSON
Method: GET
URL: http://localhost:57906/findUser?userName=yoyo&userId=58554525a719fa2ae46765f4
Controller : TraineeHelper.Web.Controllers.SearchDataController
Action : FindUser
Action Parameters : {"messageFormat":"JSON","messageArguments":[{"userName":"yoyo","userId":"58554525a719fa2ae46765f4"}]}

2017-02-08 20:22:56.9622|INFO|TraineeHelper.Web.Helpers.NLogger|JSON
Method: GET
URL: http://localhost:57906/findUser?userName=sh&userId=58554525a719fa2ae46765f4
Controller : TraineeHelper.Web.Controllers.SearchDataController
Action : FindUser
Action Parameters : {"messageFormat":"JSON","messageArguments":[{"userName":"sh","userId":"58554525a719fa2ae46765f4"}]}

2017-02-08 20:23:18.6986|INFO|TraineeHelper.Web.Helpers.NLogger|JSON
Method: POST
URL: http://localhost:57906/api/account/logout
Controller : TraineeHelper.Web.Controllers.AccountApiController
Action : Logout
Action Parameters : {"messageFormat":"JSON","messageArguments":[{}]}

2017-02-08 20:23:36.1040|INFO|TraineeHelper.Web.Helpers.NLogger|JSON
Method: POST
URL: http://localhost:57906/get/token
Controller : TraineeHelper.Web.Controllers.AuthenticateController
Action : Authenticate
Action Parameters : {"messageFormat":"JSON","messageArguments":[{"user":{"imagesList":null,"Id":null,"UserType":null,"UserName":null,"Password":"123456","Email":"koko@gmail.com","Location":null,"Description":null,"PhoneNumber":null,"PhoneVisibility":false,"UserVisibility":true,"IsActive":true,"Created":"\/Date(1486578216100)\/","Modified":"\/Date(1486578216100)\/","Name":null,"Birthday":"\/Date(-62135596800000)\/"}}]}

2017-02-08 20:23:36.1941|INFO|TraineeHelper.Web.Helpers.NLogger|JSON
Method: GET
URL: http://localhost:57906/api/account/GetUserName?id=58554506a719fa2ae46765f2
Controller : TraineeHelper.Web.Controllers.AccountApiController
Action : GetUserName
Action Parameters : {"messageFormat":"JSON","messageArguments":[{"id":"58554506a719fa2ae46765f2"}]}

2017-02-08 20:23:39.9017|INFO|TraineeHelper.Web.Helpers.NLogger|JSON
Method: GET
URL: http://localhost:57906/findUser?userName=y&userId=58554506a719fa2ae46765f2
Controller : TraineeHelper.Web.Controllers.SearchDataController
Action : FindUser
Action Parameters : {"messageFormat":"JSON","messageArguments":[{"userName":"y","userId":"58554506a719fa2ae46765f2"}]}

2017-02-08 20:23:54.9008|INFO|TraineeHelper.Web.Helpers.NLogger|JSON
Method: POST
URL: http://localhost:57906/api/account/logout
Controller : TraineeHelper.Web.Controllers.AccountApiController
Action : Logout
Action Parameters : {"messageFormat":"JSON","messageArguments":[{}]}

2017-02-08 20:24:05.0621|INFO|TraineeHelper.Web.Helpers.NLogger|JSON
Method: POST
URL: http://localhost:57906/get/token
Controller : TraineeHelper.Web.Controllers.AuthenticateController
Action : Authenticate
Action Parameters : {"messageFormat":"JSON","messageArguments":[{"user":{"imagesList":null,"Id":null,"UserType":null,"UserName":null,"Password":"123456","Email":"yoyo@gmail.com","Location":null,"Description":null,"PhoneNumber":null,"PhoneVisibility":false,"UserVisibility":true,"IsActive":true,"Created":"\/Date(1486578245057)\/","Modified":"\/Date(1486578245057)\/","Name":null,"Birthday":"\/Date(-62135596800000)\/"}}]}

2017-02-08 20:24:05.1716|INFO|TraineeHelper.Web.Helpers.NLogger|JSON
Method: GET
URL: http://localhost:57906/api/account/GetUserName?id=58554525a719fa2ae46765f4
Controller : TraineeHelper.Web.Controllers.AccountApiController
Action : GetUserName
Action Parameters : {"messageFormat":"JSON","messageArguments":[{"id":"58554525a719fa2ae46765f4"}]}

2017-02-08 20:49:34.9048|INFO|TraineeHelper.Web.Helpers.NLogger|JSON
Method: POST
URL: http://localhost:57906/get/token
Controller : TraineeHelper.Web.Controllers.AuthenticateController
Action : Authenticate
Action Parameters : {"messageFormat":"JSON","messageArguments":[{"user":{"imagesList":null,"Id":null,"UserType":null,"UserName":null,"Password":"123456","Email":"yoyo@gmail.com","Location":null,"Description":null,"PhoneNumber":null,"PhoneVisibility":false,"UserVisibility":true,"IsActive":true,"Created":"\/Date(1486579774561)\/","Modified":"\/Date(1486579774561)\/","Name":null,"Birthday":"\/Date(-62135596800000)\/"}}]}

2017-02-08 20:49:35.5653|INFO|TraineeHelper.Web.Helpers.NLogger|JSON
Method: GET
URL: http://localhost:57906/api/account/GetUserName?id=58554525a719fa2ae46765f4
Controller : TraineeHelper.Web.Controllers.AccountApiController
Action : GetUserName
Action Parameters : {"messageFormat":"JSON","messageArguments":[{"id":"58554525a719fa2ae46765f4"}]}

2017-02-08 20:49:50.0866|INFO|TraineeHelper.Web.Helpers.NLogger|JSON
Method: GET
URL: http://localhost:57906/findUser?userName=s&userId=58554525a719fa2ae46765f4
Controller : TraineeHelper.Web.Controllers.SearchDataController
Action : FindUser
Action Parameters : {"messageFormat":"JSON","messageArguments":[{"userName":"s","userId":"58554525a719fa2ae46765f4"}]}

