2017-01-04 09:03:16.0964|INFO|TraineeHelper.Web.Helpers.NLogger|JSON
Method: POST
URL: http://localhost:57906/get/token
Controller : TraineeHelper.Web.Controllers.AuthenticateController
Action : Authenticate
Action Parameters : {"messageFormat":"JSON","messageArguments":[{"user":{"Id":null,"UserType":null,"UserName":null,"Password":"123456","Email":"yoyo@gmail.com","Location":null,"Description":null,"PhoneNumber":null,"PhoneVisibility":false,"UserVisibility":true,"IsActive":true,"Created":"\/Date(1483513395874)\/","Modified":"\/Date(1483513395874)\/","Name":null,"Birthday":"\/Date(-62135596800000)\/"}}]}

2017-01-04 09:03:16.5487|INFO|TraineeHelper.Web.Helpers.NLogger|JSON
Method: GET
URL: http://localhost:57906/api/account/GetUserName?id=58554525a719fa2ae46765f4
Controller : TraineeHelper.Web.Controllers.AccountApiController
Action : GetUserName
Action Parameters : {"messageFormat":"JSON","messageArguments":[{"id":"58554525a719fa2ae46765f4"}]}

2017-01-04 09:05:02.2072|INFO|TraineeHelper.Web.Helpers.NLogger|JSON
Method: POST
URL: http://localhost:57906/get/token
Controller : TraineeHelper.Web.Controllers.AuthenticateController
Action : Authenticate
Action Parameters : {"messageFormat":"JSON","messageArguments":[{"user":{"Id":null,"UserType":null,"UserName":null,"Password":"123456","Email":"yoyo@gmail.com","Location":null,"Description":null,"PhoneNumber":null,"PhoneVisibility":false,"UserVisibility":true,"IsActive":true,"Created":"\/Date(1483513501987)\/","Modified":"\/Date(1483513501987)\/","Name":null,"Birthday":"\/Date(-62135596800000)\/"}}]}

2017-01-04 09:05:02.6917|INFO|TraineeHelper.Web.Helpers.NLogger|JSON
Method: GET
URL: http://localhost:57906/api/account/GetUserName?id=58554525a719fa2ae46765f4
Controller : TraineeHelper.Web.Controllers.AccountApiController
Action : GetUserName
Action Parameters : {"messageFormat":"JSON","messageArguments":[{"id":"58554525a719fa2ae46765f4"}]}

2017-01-04 09:05:10.9128|INFO|TraineeHelper.Web.Helpers.NLogger|JSON
Method: POST
URL: http://localhost:57906/advancedSearch
Controller : TraineeHelper.Web.Controllers.SearchDataController
Action : AdvancedSearch
Action Parameters : {"messageFormat":"JSON","messageArguments":[{"searchFilter":{"UserType":"Trainee","UserId":"58554525a719fa2ae46765f4","GenderFilter":0}}]}

2017-01-04 09:07:41.7292|INFO|TraineeHelper.Web.Helpers.NLogger|JSON
Method: POST
URL: http://localhost:57906/advancedSearch
Controller : TraineeHelper.Web.Controllers.SearchDataController
Action : AdvancedSearch
Action Parameters : {"messageFormat":"JSON","messageArguments":[{"searchFilter":{"UserType":"Trainee","UserId":"58554525a719fa2ae46765f4","GenderFilter":0}}]}

2017-01-04 09:09:54.7326|INFO|TraineeHelper.Web.Helpers.NLogger|JSON
Method: POST
URL: http://localhost:57906/advancedSearch
Controller : TraineeHelper.Web.Controllers.SearchDataController
Action : AdvancedSearch
Action Parameters : {"messageFormat":"JSON","messageArguments":[{"searchFilter":{"UserType":"Trainee","UserId":"58554525a719fa2ae46765f4","GenderFilter":0}}]}

2017-01-04 09:10:15.3774|INFO|TraineeHelper.Web.Helpers.NLogger|JSON
Method: POST
URL: http://localhost:57906/advancedSearch
Controller : TraineeHelper.Web.Controllers.SearchDataController
Action : AdvancedSearch
Action Parameters : {"messageFormat":"JSON","messageArguments":[{"searchFilter":{"UserType":"Trainee","UserId":"58554525a719fa2ae46765f4","GenderFilter":0}}]}

2017-01-04 09:15:00.6096|INFO|TraineeHelper.Web.Helpers.NLogger|JSON
Method: POST
URL: http://localhost:57906/get/token
Controller : TraineeHelper.Web.Controllers.AuthenticateController
Action : Authenticate
Action Parameters : {"messageFormat":"JSON","messageArguments":[{"user":{"Id":null,"UserType":null,"UserName":null,"Password":"1234567","Email":"yoyo@gmail.com","Location":null,"Description":null,"PhoneNumber":null,"PhoneVisibility":false,"UserVisibility":true,"IsActive":true,"Created":"\/Date(1483514100407)\/","Modified":"\/Date(1483514100407)\/","Name":null,"Birthday":"\/Date(-62135596800000)\/"}}]}

2017-01-04 09:15:04.9370|INFO|TraineeHelper.Web.Helpers.NLogger|JSON
Method: POST
URL: http://localhost:57906/get/token
Controller : TraineeHelper.Web.Controllers.AuthenticateController
Action : Authenticate
Action Parameters : {"messageFormat":"JSON","messageArguments":[{"user":{"Id":null,"UserType":null,"UserName":null,"Password":"123456","Email":"yoyo@gmail.com","Location":null,"Description":null,"PhoneNumber":null,"PhoneVisibility":false,"UserVisibility":true,"IsActive":true,"Created":"\/Date(1483514104933)\/","Modified":"\/Date(1483514104933)\/","Name":null,"Birthday":"\/Date(-62135596800000)\/"}}]}

2017-01-04 09:15:05.1853|INFO|TraineeHelper.Web.Helpers.NLogger|JSON
Method: GET
URL: http://localhost:57906/api/account/GetUserName?id=58554525a719fa2ae46765f4
Controller : TraineeHelper.Web.Controllers.AccountApiController
Action : GetUserName
Action Parameters : {"messageFormat":"JSON","messageArguments":[{"id":"58554525a719fa2ae46765f4"}]}

2017-01-04 09:15:16.2511|INFO|TraineeHelper.Web.Helpers.NLogger|JSON
Method: POST
URL: http://localhost:57906/advancedSearch
Controller : TraineeHelper.Web.Controllers.SearchDataController
Action : AdvancedSearch
Action Parameters : {"messageFormat":"JSON","messageArguments":[{"searchFilter":{"UserType":"Trainee","UserId":"58554525a719fa2ae46765f4","GenderFilter":0}}]}

2017-01-04 09:15:44.0397|INFO|TraineeHelper.Web.Helpers.NLogger|JSON
Method: POST
URL: http://localhost:57906/advancedSearch
Controller : TraineeHelper.Web.Controllers.SearchDataController
Action : AdvancedSearch
Action Parameters : {"messageFormat":"JSON","messageArguments":[{"searchFilter":{"UserType":"Trainee","UserId":"58554525a719fa2ae46765f4","GenderFilter":0}}]}

2017-01-04 09:15:59.7477|INFO|TraineeHelper.Web.Helpers.NLogger|JSON
Method: POST
URL: http://localhost:57906/advancedSearch
Controller : TraineeHelper.Web.Controllers.SearchDataController
Action : AdvancedSearch
Action Parameters : {"messageFormat":"JSON","messageArguments":[{"searchFilter":{"UserType":"Trainee","UserId":"58554525a719fa2ae46765f4","GenderFilter":0}}]}

2017-01-04 09:16:27.1048|INFO|TraineeHelper.Web.Helpers.NLogger|JSON
Method: POST
URL: http://localhost:57906/advancedSearch
Controller : TraineeHelper.Web.Controllers.SearchDataController
Action : AdvancedSearch
Action Parameters : {"messageFormat":"JSON","messageArguments":[{"searchFilter":{"UserType":"Trainee","UserId":"58554525a719fa2ae46765f4","GenderFilter":0}}]}

2017-01-04 09:17:00.9865|INFO|TraineeHelper.Web.Helpers.NLogger|JSON
Method: POST
URL: http://localhost:57906/advancedSearch
Controller : TraineeHelper.Web.Controllers.SearchDataController
Action : AdvancedSearch
Action Parameters : {"messageFormat":"JSON","messageArguments":[{"searchFilter":{"UserType":"Trainee","UserId":"58554525a719fa2ae46765f4","GenderFilter":0}}]}

2017-01-04 09:17:42.8562|INFO|TraineeHelper.Web.Helpers.NLogger|JSON
Method: POST
URL: http://localhost:57906/get/token
Controller : TraineeHelper.Web.Controllers.AuthenticateController
Action : Authenticate
Action Parameters : {"messageFormat":"JSON","messageArguments":[{"user":{"Id":null,"UserType":null,"UserName":null,"Password":"123456","Email":"yoyo@gmail.com","Location":null,"Description":null,"PhoneNumber":null,"PhoneVisibility":false,"UserVisibility":true,"IsActive":true,"Created":"\/Date(1483514262640)\/","Modified":"\/Date(1483514262640)\/","Name":null,"Birthday":"\/Date(-62135596800000)\/"}}]}

2017-01-04 09:17:43.3010|INFO|TraineeHelper.Web.Helpers.NLogger|JSON
Method: GET
URL: http://localhost:57906/api/account/GetUserName?id=58554525a719fa2ae46765f4
Controller : TraineeHelper.Web.Controllers.AccountApiController
Action : GetUserName
Action Parameters : {"messageFormat":"JSON","messageArguments":[{"id":"58554525a719fa2ae46765f4"}]}

2017-01-04 09:18:43.1582|INFO|TraineeHelper.Web.Helpers.NLogger|JSON
Method: POST
URL: http://localhost:57906/advancedSearch
Controller : TraineeHelper.Web.Controllers.SearchDataController
Action : AdvancedSearch
Action Parameters : {"messageFormat":"JSON","messageArguments":[{"searchFilter":{"UserType":"Trainee","UserId":"58554525a719fa2ae46765f4","GenderFilter":0}}]}

2017-01-04 09:19:35.4331|INFO|TraineeHelper.Web.Helpers.NLogger|JSON
Method: POST
URL: http://localhost:57906/advancedSearch
Controller : TraineeHelper.Web.Controllers.SearchDataController
Action : AdvancedSearch
Action Parameters : {"messageFormat":"JSON","messageArguments":[{"searchFilter":{"UserType":"Trainee","UserId":"58554525a719fa2ae46765f4","GenderFilter":0}}]}

2017-01-04 09:20:09.5205|INFO|TraineeHelper.Web.Helpers.NLogger|JSON
Method: POST
URL: http://localhost:57906/advancedSearch
Controller : TraineeHelper.Web.Controllers.SearchDataController
Action : AdvancedSearch
Action Parameters : {"messageFormat":"JSON","messageArguments":[{"searchFilter":{"UserType":"Trainee","UserId":"58554525a719fa2ae46765f4","GenderFilter":0}}]}

2017-01-04 09:20:24.1232|INFO|TraineeHelper.Web.Helpers.NLogger|JSON
Method: POST
URL: http://localhost:57906/advancedSearch
Controller : TraineeHelper.Web.Controllers.SearchDataController
Action : AdvancedSearch
Action Parameters : {"messageFormat":"JSON","messageArguments":[{"searchFilter":{"UserType":"Trainee","UserId":"58554525a719fa2ae46765f4","GenderFilter":0}}]}

2017-01-04 09:20:56.2664|INFO|TraineeHelper.Web.Helpers.NLogger|JSON
Method: POST
URL: http://localhost:57906/get/token
Controller : TraineeHelper.Web.Controllers.AuthenticateController
Action : Authenticate
Action Parameters : {"messageFormat":"JSON","messageArguments":[{"user":{"Id":null,"UserType":null,"UserName":null,"Password":"123456","Email":"yoyo@gmail.com","Location":null,"Description":null,"PhoneNumber":null,"PhoneVisibility":false,"UserVisibility":true,"IsActive":true,"Created":"\/Date(1483514456261)\/","Modified":"\/Date(1483514456261)\/","Name":null,"Birthday":"\/Date(-62135596800000)\/"}}]}

2017-01-04 09:20:58.5036|INFO|TraineeHelper.Web.Helpers.NLogger|JSON
Method: GET
URL: http://localhost:57906/api/account/GetUserName?id=58554525a719fa2ae46765f4
Controller : TraineeHelper.Web.Controllers.AccountApiController
Action : GetUserName
Action Parameters : {"messageFormat":"JSON","messageArguments":[{"id":"58554525a719fa2ae46765f4"}]}

2017-01-04 09:21:18.1232|INFO|TraineeHelper.Web.Helpers.NLogger|JSON
Method: POST
URL: http://localhost:57906/advancedSearch
Controller : TraineeHelper.Web.Controllers.SearchDataController
Action : AdvancedSearch
Action Parameters : {"messageFormat":"JSON","messageArguments":[{"searchFilter":{"UserType":"Trainee","UserId":"58554525a719fa2ae46765f4","GenderFilter":0}}]}

2017-01-04 09:23:04.7521|INFO|TraineeHelper.Web.Helpers.NLogger|JSON
Method: POST
URL: http://localhost:57906/get/token
Controller : TraineeHelper.Web.Controllers.AuthenticateController
Action : Authenticate
Action Parameters : {"messageFormat":"JSON","messageArguments":[{"user":{"Id":null,"UserType":null,"UserName":null,"Password":"123456","Email":"yoyo@gmail.com","Location":null,"Description":null,"PhoneNumber":null,"PhoneVisibility":false,"UserVisibility":true,"IsActive":true,"Created":"\/Date(1483514584562)\/","Modified":"\/Date(1483514584562)\/","Name":null,"Birthday":"\/Date(-62135596800000)\/"}}]}

2017-01-04 09:23:06.2306|INFO|TraineeHelper.Web.Helpers.NLogger|JSON
Method: GET
URL: http://localhost:57906/api/account/GetUserName?id=58554525a719fa2ae46765f4
Controller : TraineeHelper.Web.Controllers.AccountApiController
Action : GetUserName
Action Parameters : {"messageFormat":"JSON","messageArguments":[{"id":"58554525a719fa2ae46765f4"}]}

2017-01-04 09:23:19.0805|INFO|TraineeHelper.Web.Helpers.NLogger|JSON
Method: POST
URL: http://localhost:57906/advancedSearch
Controller : TraineeHelper.Web.Controllers.SearchDataController
Action : AdvancedSearch
Action Parameters : {"messageFormat":"JSON","messageArguments":[{"searchFilter":{"UserType":"Trainee","UserId":"58554525a719fa2ae46765f4","GenderFilter":0}}]}

2017-01-04 09:26:32.0852|INFO|TraineeHelper.Web.Helpers.NLogger|JSON
Method: POST
URL: http://localhost:57906/advancedSearch
Controller : TraineeHelper.Web.Controllers.SearchDataController
Action : AdvancedSearch
Action Parameters : {"messageFormat":"JSON","messageArguments":[{"searchFilter":{"UserType":"Trainee","UserId":"58554525a719fa2ae46765f4","GenderFilter":0}}]}

2017-01-04 09:27:25.6432|INFO|TraineeHelper.Web.Helpers.NLogger|JSON
Method: POST
URL: http://localhost:57906/get/token
Controller : TraineeHelper.Web.Controllers.AuthenticateController
Action : Authenticate
Action Parameters : {"messageFormat":"JSON","messageArguments":[{"user":{"Id":null,"UserType":null,"UserName":null,"Password":"123456","Email":"yoyo@gmail.com","Location":null,"Description":null,"PhoneNumber":null,"PhoneVisibility":false,"UserVisibility":true,"IsActive":true,"Created":"\/Date(1483514845436)\/","Modified":"\/Date(1483514845436)\/","Name":null,"Birthday":"\/Date(-62135596800000)\/"}}]}

2017-01-04 09:27:26.0577|INFO|TraineeHelper.Web.Helpers.NLogger|JSON
Method: GET
URL: http://localhost:57906/api/account/GetUserName?id=58554525a719fa2ae46765f4
Controller : TraineeHelper.Web.Controllers.AccountApiController
Action : GetUserName
Action Parameters : {"messageFormat":"JSON","messageArguments":[{"id":"58554525a719fa2ae46765f4"}]}

2017-01-04 09:30:33.0625|INFO|TraineeHelper.Web.Helpers.NLogger|JSON
Method: POST
URL: http://localhost:57906/advancedSearch
Controller : TraineeHelper.Web.Controllers.SearchDataController
Action : AdvancedSearch
Action Parameters : {"messageFormat":"JSON","messageArguments":[{"searchFilter":{"UserType":"Trainee","UserId":"58554525a719fa2ae46765f4","GenderFilter":1}}]}

2017-01-04 09:31:19.8700|INFO|TraineeHelper.Web.Helpers.NLogger|JSON
Method: POST
URL: http://localhost:57906/advancedSearch
Controller : TraineeHelper.Web.Controllers.SearchDataController
Action : AdvancedSearch
Action Parameters : {"messageFormat":"JSON","messageArguments":[{"searchFilter":{"UserType":"Trainee","UserId":"58554525a719fa2ae46765f4","GenderFilter":1}}]}

2017-01-04 09:31:52.3165|INFO|TraineeHelper.Web.Helpers.NLogger|JSON
Method: POST
URL: http://localhost:57906/advancedSearch
Controller : TraineeHelper.Web.Controllers.SearchDataController
Action : AdvancedSearch
Action Parameters : {"messageFormat":"JSON","messageArguments":[{"searchFilter":{"UserType":"Trainee","UserId":"58554525a719fa2ae46765f4","GenderFilter":1}}]}

2017-01-04 09:32:09.6394|INFO|TraineeHelper.Web.Helpers.NLogger|JSON
Method: POST
URL: http://localhost:57906/advancedSearch
Controller : TraineeHelper.Web.Controllers.SearchDataController
Action : AdvancedSearch
Action Parameters : {"messageFormat":"JSON","messageArguments":[{"searchFilter":{"UserType":"Trainee","UserId":"58554525a719fa2ae46765f4","GenderFilter":1}}]}

2017-01-04 09:32:27.8399|INFO|TraineeHelper.Web.Helpers.NLogger|JSON
Method: POST
URL: http://localhost:57906/advancedSearch
Controller : TraineeHelper.Web.Controllers.SearchDataController
Action : AdvancedSearch
Action Parameters : {"messageFormat":"JSON","messageArguments":[{"searchFilter":{"UserType":"Trainee","UserId":"58554525a719fa2ae46765f4","GenderFilter":0}}]}

2017-01-04 09:32:50.1651|INFO|TraineeHelper.Web.Helpers.NLogger|JSON
Method: POST
URL: http://localhost:57906/advancedSearch
Controller : TraineeHelper.Web.Controllers.SearchDataController
Action : AdvancedSearch
Action Parameters : {"messageFormat":"JSON","messageArguments":[{"searchFilter":{"UserType":"Trainee","UserId":"58554525a719fa2ae46765f4","GenderFilter":1}}]}

2017-01-04 09:38:28.1690|INFO|TraineeHelper.Web.Helpers.NLogger|JSON
Method: POST
URL: http://localhost:57906/get/token
Controller : TraineeHelper.Web.Controllers.AuthenticateController
Action : Authenticate
Action Parameters : {"messageFormat":"JSON","messageArguments":[{"user":{"Id":null,"UserType":null,"UserName":null,"Password":"123456","Email":"yoyo@gmail.com","Location":null,"Description":null,"PhoneNumber":null,"PhoneVisibility":false,"UserVisibility":true,"IsActive":true,"Created":"\/Date(1483515507991)\/","Modified":"\/Date(1483515507991)\/","Name":null,"Birthday":"\/Date(-62135596800000)\/"}}]}

2017-01-04 09:38:28.5627|INFO|TraineeHelper.Web.Helpers.NLogger|JSON
Method: GET
URL: http://localhost:57906/api/account/GetUserName?id=58554525a719fa2ae46765f4
Controller : TraineeHelper.Web.Controllers.AccountApiController
Action : GetUserName
Action Parameters : {"messageFormat":"JSON","messageArguments":[{"id":"58554525a719fa2ae46765f4"}]}

2017-01-04 09:38:34.6327|INFO|TraineeHelper.Web.Helpers.NLogger|JSON
Method: POST
URL: http://localhost:57906/advancedSearch
Controller : TraineeHelper.Web.Controllers.SearchDataController
Action : AdvancedSearch
Action Parameters : {"messageFormat":"JSON","messageArguments":[{"searchFilter":{"UserType":"Trainee","UserId":"58554525a719fa2ae46765f4","GenderFilter":1}}]}

2017-01-04 09:39:50.8643|INFO|TraineeHelper.Web.Helpers.NLogger|JSON
Method: POST
URL: http://localhost:57906/get/token
Controller : TraineeHelper.Web.Controllers.AuthenticateController
Action : Authenticate
Action Parameters : {"messageFormat":"JSON","messageArguments":[{"user":{"Id":null,"UserType":null,"UserName":null,"Password":"123456","Email":"yoyo@gmail.com","Location":null,"Description":null,"PhoneNumber":null,"PhoneVisibility":false,"UserVisibility":true,"IsActive":true,"Created":"\/Date(1483515590633)\/","Modified":"\/Date(1483515590633)\/","Name":null,"Birthday":"\/Date(-62135596800000)\/"}}]}

2017-01-04 09:39:51.2996|INFO|TraineeHelper.Web.Helpers.NLogger|JSON
Method: GET
URL: http://localhost:57906/api/account/GetUserName?id=58554525a719fa2ae46765f4
Controller : TraineeHelper.Web.Controllers.AccountApiController
Action : GetUserName
Action Parameters : {"messageFormat":"JSON","messageArguments":[{"id":"58554525a719fa2ae46765f4"}]}

2017-01-04 09:40:15.1986|INFO|TraineeHelper.Web.Helpers.NLogger|JSON
Method: POST
URL: http://localhost:57906/advancedSearch
Controller : TraineeHelper.Web.Controllers.SearchDataController
Action : AdvancedSearch
Action Parameters : {"messageFormat":"JSON","messageArguments":[{"searchFilter":{"UserType":"Trainee","UserId":"58554525a719fa2ae46765f4","GenderFilter":0}}]}

2017-01-04 09:41:41.8942|INFO|TraineeHelper.Web.Helpers.NLogger|JSON
Method: POST
URL: http://localhost:57906/get/token
Controller : TraineeHelper.Web.Controllers.AuthenticateController
Action : Authenticate
Action Parameters : {"messageFormat":"JSON","messageArguments":[{"user":{"Id":null,"UserType":null,"UserName":null,"Password":"123456","Email":"yoyo@gmail.com","Location":null,"Description":null,"PhoneNumber":null,"PhoneVisibility":false,"UserVisibility":true,"IsActive":true,"Created":"\/Date(1483515701707)\/","Modified":"\/Date(1483515701707)\/","Name":null,"Birthday":"\/Date(-62135596800000)\/"}}]}

2017-01-04 09:41:42.3255|INFO|TraineeHelper.Web.Helpers.NLogger|JSON
Method: GET
URL: http://localhost:57906/api/account/GetUserName?id=58554525a719fa2ae46765f4
Controller : TraineeHelper.Web.Controllers.AccountApiController
Action : GetUserName
Action Parameters : {"messageFormat":"JSON","messageArguments":[{"id":"58554525a719fa2ae46765f4"}]}

2017-01-04 09:42:02.4227|INFO|TraineeHelper.Web.Helpers.NLogger|JSON
Method: POST
URL: http://localhost:57906/advancedSearch
Controller : TraineeHelper.Web.Controllers.SearchDataController
Action : AdvancedSearch
Action Parameters : {"messageFormat":"JSON","messageArguments":[{"searchFilter":{"UserType":"Trainee","UserId":"58554525a719fa2ae46765f4","GenderFilter":2}}]}

2017-01-04 09:45:14.5470|INFO|TraineeHelper.Web.Helpers.NLogger|JSON
Method: POST
URL: http://localhost:57906/advancedSearch
Controller : TraineeHelper.Web.Controllers.SearchDataController
Action : AdvancedSearch
Action Parameters : {"messageFormat":"JSON","messageArguments":[{"searchFilter":{"UserType":"Trainee","UserId":"58554525a719fa2ae46765f4","GenderFilter":2}}]}

2017-01-04 09:45:49.3960|INFO|TraineeHelper.Web.Helpers.NLogger|JSON
Method: POST
URL: http://localhost:57906/advancedSearch
Controller : TraineeHelper.Web.Controllers.SearchDataController
Action : AdvancedSearch
Action Parameters : {"messageFormat":"JSON","messageArguments":[{"searchFilter":{"UserType":"Trainee","UserId":"58554525a719fa2ae46765f4","GenderFilter":2}}]}

2017-01-04 09:46:20.7097|INFO|TraineeHelper.Web.Helpers.NLogger|JSON
Method: POST
URL: http://localhost:57906/advancedSearch
Controller : TraineeHelper.Web.Controllers.SearchDataController
Action : AdvancedSearch
Action Parameters : {"messageFormat":"JSON","messageArguments":[{"searchFilter":{"UserType":"Trainee","UserId":"58554525a719fa2ae46765f4","GenderFilter":2}}]}

2017-01-04 09:47:04.7229|INFO|TraineeHelper.Web.Helpers.NLogger|JSON
Method: POST
URL: http://localhost:57906/advancedSearch
Controller : TraineeHelper.Web.Controllers.SearchDataController
Action : AdvancedSearch
Action Parameters : {"messageFormat":"JSON","messageArguments":[{"searchFilter":{"UserType":"Trainee","UserId":"58554525a719fa2ae46765f4","GenderFilter":2}}]}

2017-01-04 09:47:22.9357|INFO|TraineeHelper.Web.Helpers.NLogger|JSON
Method: POST
URL: http://localhost:57906/advancedSearch
Controller : TraineeHelper.Web.Controllers.SearchDataController
Action : AdvancedSearch
Action Parameters : {"messageFormat":"JSON","messageArguments":[{"searchFilter":{"UserType":"Trainee","UserId":"58554525a719fa2ae46765f4","GenderFilter":2}}]}

2017-01-04 09:48:44.6434|INFO|TraineeHelper.Web.Helpers.NLogger|JSON
Method: POST
URL: http://localhost:57906/get/token
Controller : TraineeHelper.Web.Controllers.AuthenticateController
Action : Authenticate
Action Parameters : {"messageFormat":"JSON","messageArguments":[{"user":{"Id":null,"UserType":null,"UserName":null,"Password":"123456","Email":"yoyo@gmail.com","Location":null,"Description":null,"PhoneNumber":null,"PhoneVisibility":false,"UserVisibility":true,"IsActive":true,"Created":"\/Date(1483516124446)\/","Modified":"\/Date(1483516124446)\/","Name":null,"Birthday":"\/Date(-62135596800000)\/"}}]}

2017-01-04 09:48:45.0788|INFO|TraineeHelper.Web.Helpers.NLogger|JSON
Method: GET
URL: http://localhost:57906/api/account/GetUserName?id=58554525a719fa2ae46765f4
Controller : TraineeHelper.Web.Controllers.AccountApiController
Action : GetUserName
Action Parameters : {"messageFormat":"JSON","messageArguments":[{"id":"58554525a719fa2ae46765f4"}]}

2017-01-04 09:48:52.8875|INFO|TraineeHelper.Web.Helpers.NLogger|JSON
Method: POST
URL: http://localhost:57906/advancedSearch
Controller : TraineeHelper.Web.Controllers.SearchDataController
Action : AdvancedSearch
Action Parameters : {"messageFormat":"JSON","messageArguments":[{"searchFilter":{"UserType":"Trainee","UserId":"58554525a719fa2ae46765f4","GenderFilter":2}}]}

2017-01-04 09:49:16.3662|INFO|TraineeHelper.Web.Helpers.NLogger|JSON
Method: POST
URL: http://localhost:57906/advancedSearch
Controller : TraineeHelper.Web.Controllers.SearchDataController
Action : AdvancedSearch
Action Parameters : {"messageFormat":"JSON","messageArguments":[{"searchFilter":{"UserType":"Trainee","UserId":"58554525a719fa2ae46765f4","GenderFilter":2}}]}

2017-01-04 09:50:23.1560|INFO|TraineeHelper.Web.Helpers.NLogger|JSON
Method: POST
URL: http://localhost:57906/advancedSearch
Controller : TraineeHelper.Web.Controllers.SearchDataController
Action : AdvancedSearch
Action Parameters : {"messageFormat":"JSON","messageArguments":[{"searchFilter":{"UserType":"Trainee","UserId":"58554525a719fa2ae46765f4","GenderFilter":2}}]}

2017-01-04 09:50:33.8092|INFO|TraineeHelper.Web.Helpers.NLogger|JSON
Method: POST
URL: http://localhost:57906/advancedSearch
Controller : TraineeHelper.Web.Controllers.SearchDataController
Action : AdvancedSearch
Action Parameters : {"messageFormat":"JSON","messageArguments":[{"searchFilter":{"UserType":"Trainee","UserId":"58554525a719fa2ae46765f4","GenderFilter":2}}]}

2017-01-04 09:51:33.9940|INFO|TraineeHelper.Web.Helpers.NLogger|JSON
Method: POST
URL: http://localhost:57906/advancedSearch
Controller : TraineeHelper.Web.Controllers.SearchDataController
Action : AdvancedSearch
Action Parameters : {"messageFormat":"JSON","messageArguments":[{"searchFilter":{"UserType":"Trainee","UserId":"58554525a719fa2ae46765f4","GenderFilter":2}}]}

2017-01-04 14:01:03.5612|INFO|TraineeHelper.Web.Helpers.NLogger|JSON
Method: POST
URL: http://localhost:57906/get/token
Controller : TraineeHelper.Web.Controllers.AuthenticateController
Action : Authenticate
Action Parameters : {"messageFormat":"JSON","messageArguments":[{"user":{"Id":null,"UserType":null,"UserName":null,"Password":"123456","Email":"yoyo@gmail.com","Location":null,"Description":null,"PhoneNumber":null,"PhoneVisibility":false,"UserVisibility":true,"IsActive":true,"Created":"\/Date(1483531263374)\/","Modified":"\/Date(1483531263374)\/","Name":null,"Birthday":"\/Date(-62135596800000)\/"}}]}

2017-01-04 14:01:03.9950|INFO|TraineeHelper.Web.Helpers.NLogger|JSON
Method: GET
URL: http://localhost:57906/api/account/GetUserName?id=58554525a719fa2ae46765f4
Controller : TraineeHelper.Web.Controllers.AccountApiController
Action : GetUserName
Action Parameters : {"messageFormat":"JSON","messageArguments":[{"id":"58554525a719fa2ae46765f4"}]}

2017-01-04 14:01:34.7626|INFO|TraineeHelper.Web.Helpers.NLogger|JSON
Method: POST
URL: http://localhost:57906/advancedSearch
Controller : TraineeHelper.Web.Controllers.SearchDataController
Action : AdvancedSearch
Action Parameters : {"messageFormat":"JSON","messageArguments":[{"searchFilter":{"UserType":"Trainee","UserId":"58554525a719fa2ae46765f4","LocationSearchFilter":null,"PriceFilter":null,"ReputationFilter":0,"GenderFilter":1,"ExpertiseFilter":null,"ShowersFilter":false,"ParkingLotFilter":false}}]}

2017-01-04 14:02:34.7145|INFO|TraineeHelper.Web.Helpers.NLogger|JSON
Method: POST
URL: http://localhost:57906/advancedSearch
Controller : TraineeHelper.Web.Controllers.SearchDataController
Action : AdvancedSearch
Action Parameters : {"messageFormat":"JSON","messageArguments":[{"searchFilter":{"UserType":"Trainee","UserId":"58554525a719fa2ae46765f4","LocationSearchFilter":null,"PriceFilter":null,"ReputationFilter":0,"GenderFilter":1,"ExpertiseFilter":null,"ShowersFilter":false,"ParkingLotFilter":false}}]}

2017-01-04 14:04:00.4810|INFO|TraineeHelper.Web.Helpers.NLogger|JSON
Method: POST
URL: http://localhost:57906/advancedSearch
Controller : TraineeHelper.Web.Controllers.SearchDataController
Action : AdvancedSearch
Action Parameters : {"messageFormat":"JSON","messageArguments":[{"searchFilter":{"UserType":"Trainee","UserId":"58554525a719fa2ae46765f4","LocationSearchFilter":null,"PriceFilter":null,"ReputationFilter":0,"GenderFilter":1,"ExpertiseFilter":null,"ShowersFilter":false,"ParkingLotFilter":false}}]}

2017-01-04 14:39:11.9321|INFO|TraineeHelper.Web.Helpers.NLogger|JSON
Method: POST
URL: http://localhost:57906/get/token
Controller : TraineeHelper.Web.Controllers.AuthenticateController
Action : Authenticate
Action Parameters : {"messageFormat":"JSON","messageArguments":[{"user":{"Id":null,"UserType":null,"UserName":null,"Password":"123456","Email":"yoyo@gmail.com","Location":null,"Description":null,"PhoneNumber":null,"PhoneVisibility":false,"UserVisibility":true,"IsActive":true,"Created":"\/Date(1483533551677)\/","Modified":"\/Date(1483533551677)\/","Name":null,"Birthday":"\/Date(-62135596800000)\/"}}]}

2017-01-04 14:39:12.4078|INFO|TraineeHelper.Web.Helpers.NLogger|JSON
Method: GET
URL: http://localhost:57906/api/account/GetUserName?id=58554525a719fa2ae46765f4
Controller : TraineeHelper.Web.Controllers.AccountApiController
Action : GetUserName
Action Parameters : {"messageFormat":"JSON","messageArguments":[{"id":"58554525a719fa2ae46765f4"}]}

2017-01-04 14:40:19.0136|INFO|TraineeHelper.Web.Helpers.NLogger|JSON
Method: POST
URL: http://localhost:57906/advancedSearch
Controller : TraineeHelper.Web.Controllers.SearchDataController
Action : AdvancedSearch
Action Parameters : {"messageFormat":"JSON","messageArguments":[{"searchFilter":{"UserType":"Trainee","UserId":"58554525a719fa2ae46765f4","LocationSearchFilter":null,"PriceFilter":null,"ReputationFilter":0,"GenderFilter":0,"ExpertiseFilter":null,"ShowersFilter":false,"ParkingLotFilter":false}}]}

2017-01-04 14:41:36.7429|INFO|TraineeHelper.Web.Helpers.NLogger|JSON
Method: POST
URL: http://localhost:57906/advancedSearch
Controller : TraineeHelper.Web.Controllers.SearchDataController
Action : AdvancedSearch
Action Parameters : {"messageFormat":"JSON","messageArguments":[{"searchFilter":{"UserType":"Trainee","UserId":"58554525a719fa2ae46765f4","Location":"Everywhere","PriceFilter":null,"ReputationFilter":0,"GenderFilter":0,"ExpertiseFilter":null,"ShowersFilter":false,"ParkingLotFilter":false}}]}

2017-01-04 14:46:48.3353|INFO|TraineeHelper.Web.Helpers.NLogger|JSON
Method: POST
URL: http://localhost:57906/get/token
Controller : TraineeHelper.Web.Controllers.AuthenticateController
Action : Authenticate
Action Parameters : {"messageFormat":"JSON","messageArguments":[{"user":{"Id":null,"UserType":null,"UserName":null,"Password":"123456","Email":"yoyo@gmail.com","Location":null,"Description":null,"PhoneNumber":null,"PhoneVisibility":false,"UserVisibility":true,"IsActive":true,"Created":"\/Date(1483534008147)\/","Modified":"\/Date(1483534008147)\/","Name":null,"Birthday":"\/Date(-62135596800000)\/"}}]}

2017-01-04 14:46:48.7891|INFO|TraineeHelper.Web.Helpers.NLogger|JSON
Method: GET
URL: http://localhost:57906/api/account/GetUserName?id=58554525a719fa2ae46765f4
Controller : TraineeHelper.Web.Controllers.AccountApiController
Action : GetUserName
Action Parameters : {"messageFormat":"JSON","messageArguments":[{"id":"58554525a719fa2ae46765f4"}]}

2017-01-04 14:47:16.6839|INFO|TraineeHelper.Web.Helpers.NLogger|JSON
Method: POST
URL: http://localhost:57906/advancedSearch
Controller : TraineeHelper.Web.Controllers.SearchDataController
Action : AdvancedSearch
Action Parameters : {"messageFormat":"JSON","messageArguments":[{"searchFilter":{"UserType":"Trainee","UserId":"58554525a719fa2ae46765f4","Location":"Everywhere","Price":"null","Reputation":3,"GenderFilter":0,"Expertise":"DoesntMatter","Showers":false,"Parking":false}}]}

2017-01-04 14:47:57.1477|INFO|TraineeHelper.Web.Helpers.NLogger|JSON
Method: POST
URL: http://localhost:57906/advancedSearch
Controller : TraineeHelper.Web.Controllers.SearchDataController
Action : AdvancedSearch
Action Parameters : {"messageFormat":"JSON","messageArguments":[{"searchFilter":{"UserType":"Trainee","UserId":"58554525a719fa2ae46765f4","Location":"Everywhere","Price":null,"Reputation":3,"GenderFilter":0,"Expertise":"DoesntMatter","Showers":false,"Parking":false}}]}

