2017-01-28 10:26:51.3944|INFO|TraineeHelper.Web.Helpers.NLogger|JSON
Method: POST
URL: http://localhost:57906/get/token
Controller : TraineeHelper.Web.Controllers.AuthenticateController
Action : Authenticate
Action Parameters : {"messageFormat":"JSON","messageArguments":[{"user":{"Id":null,"UserType":null,"UserName":null,"Password":"123456","Email":"yoyo@gmail.com","Location":null,"Description":null,"PhoneNumber":null,"PhoneVisibility":false,"UserVisibility":true,"IsActive":true,"Created":"\/Date(1485592011162)\/","Modified":"\/Date(1485592011162)\/","Name":null,"Birthday":"\/Date(-62135596800000)\/"}}]}

2017-01-28 10:26:51.9473|INFO|TraineeHelper.Web.Helpers.NLogger|JSON
Method: GET
URL: http://localhost:57906/api/account/GetUserName?id=58554525a719fa2ae46765f4
Controller : TraineeHelper.Web.Controllers.AccountApiController
Action : GetUserName
Action Parameters : {"messageFormat":"JSON","messageArguments":[{"id":"58554525a719fa2ae46765f4"}]}

2017-01-28 10:55:54.9028|INFO|TraineeHelper.Web.Helpers.NLogger|JSON
Method: POST
URL: http://localhost:57906/api/Account/UploadImage
Controller : TraineeHelper.Web.Controllers.AccountApiController
Action : PostUserImage
Action Parameters : {"messageFormat":"JSON","messageArguments":[{}]}

2017-01-28 11:07:06.7734|INFO|TraineeHelper.Web.Helpers.NLogger|JSON
Method: POST
URL: http://localhost:57906/api/account/UploadImage
Controller : TraineeHelper.Web.Controllers.AccountApiController
Action : PostUserImage
Action Parameters : {"messageFormat":"JSON","messageArguments":[{}]}

2017-01-28 11:07:49.7666|INFO|TraineeHelper.Web.Helpers.NLogger|JSON
Method: POST
URL: http://localhost:57906/api/account/UploadImage
Controller : TraineeHelper.Web.Controllers.AccountApiController
Action : PostUserImage
Action Parameters : {"messageFormat":"JSON","messageArguments":[{}]}

2017-01-28 11:15:51.7865|INFO|TraineeHelper.Web.Helpers.NLogger|JSON
Method: POST
URL: http://localhost:57906/api/Account/UploadImage
Controller : TraineeHelper.Web.Controllers.AccountApiController
Action : PostUserImage
Action Parameters : {"messageFormat":"JSON","messageArguments":[{}]}

2017-01-28 11:16:54.7710|INFO|TraineeHelper.Web.Helpers.NLogger|JSON
Method: POST
URL: http://localhost:57906/api/Account/UploadImage
Controller : TraineeHelper.Web.Controllers.AccountApiController
Action : PostUserImage
Action Parameters : {"messageFormat":"JSON","messageArguments":[{}]}

2017-01-28 11:18:37.9049|INFO|TraineeHelper.Web.Helpers.NLogger|JSON
Method: POST
URL: http://localhost:57906/api/Account/UploadImage
Controller : TraineeHelper.Web.Controllers.AccountApiController
Action : PostUserImage
Action Parameters : {"messageFormat":"JSON","messageArguments":[{}]}

2017-01-28 17:47:26.2751|INFO|TraineeHelper.Web.Helpers.NLogger|JSON
Method: POST
URL: http://localhost:57906/get/token
Controller : TraineeHelper.Web.Controllers.AuthenticateController
Action : Authenticate
Action Parameters : {"messageFormat":"JSON","messageArguments":[{"user":{"Id":null,"UserType":null,"UserName":null,"Password":"123456","Email":"yoyo@gmail.com","Location":null,"Description":null,"PhoneNumber":null,"PhoneVisibility":false,"UserVisibility":true,"IsActive":true,"Created":"\/Date(1485618446055)\/","Modified":"\/Date(1485618446055)\/","Name":null,"Birthday":"\/Date(-62135596800000)\/"}}]}

2017-01-28 17:47:26.7183|INFO|TraineeHelper.Web.Helpers.NLogger|JSON
Method: GET
URL: http://localhost:57906/api/account/GetUserName?id=58554525a719fa2ae46765f4
Controller : TraineeHelper.Web.Controllers.AccountApiController
Action : GetUserName
Action Parameters : {"messageFormat":"JSON","messageArguments":[{"id":"58554525a719fa2ae46765f4"}]}

2017-01-28 17:48:18.0269|INFO|TraineeHelper.Web.Helpers.NLogger|JSON
Method: POST
URL: http://localhost:57906/api/Account/UploadImage
Controller : TraineeHelper.Web.Controllers.AccountApiController
Action : PostUserImage
Action Parameters : {"messageFormat":"JSON","messageArguments":[{}]}

2017-01-28 17:58:47.4281|INFO|TraineeHelper.Web.Helpers.NLogger|JSON
Method: POST
URL: http://localhost:57906/api/Account/UploadImage
Controller : TraineeHelper.Web.Controllers.AccountApiController
Action : PostUserImage
Action Parameters : {"messageFormat":"JSON","messageArguments":[{}]}

2017-01-28 18:01:06.8275|INFO|TraineeHelper.Web.Helpers.NLogger|JSON
Method: POST
URL: http://localhost:57906/get/token
Controller : TraineeHelper.Web.Controllers.AuthenticateController
Action : Authenticate
Action Parameters : {"messageFormat":"JSON","messageArguments":[{"user":{"Id":null,"UserType":null,"UserName":null,"Password":"123456","Email":"yoyo@gmail.com","Location":null,"Description":null,"PhoneNumber":null,"PhoneVisibility":false,"UserVisibility":true,"IsActive":true,"Created":"\/Date(1485619266822)\/","Modified":"\/Date(1485619266822)\/","Name":null,"Birthday":"\/Date(-62135596800000)\/"}}]}

2017-01-28 18:01:06.8723|INFO|TraineeHelper.Web.Helpers.NLogger|JSON
Method: GET
URL: http://localhost:57906/api/account/GetUserName?id=58554525a719fa2ae46765f4
Controller : TraineeHelper.Web.Controllers.AccountApiController
Action : GetUserName
Action Parameters : {"messageFormat":"JSON","messageArguments":[{"id":"58554525a719fa2ae46765f4"}]}

2017-01-28 18:10:19.1893|INFO|TraineeHelper.Web.Helpers.NLogger|JSON
Method: POST
URL: http://localhost:57906/api/Account/UploadImage
Controller : TraineeHelper.Web.Controllers.AccountApiController
Action : PostUserImage
Action Parameters : {"messageFormat":"JSON","messageArguments":[{}]}

2017-01-28 18:12:08.9983|INFO|TraineeHelper.Web.Helpers.NLogger|JSON
Method: POST
URL: http://localhost:57906/api/Account/UploadImage
Controller : TraineeHelper.Web.Controllers.AccountApiController
Action : PostUserImage
Action Parameters : {"messageFormat":"JSON","messageArguments":[{}]}

2017-01-28 18:26:18.6265|INFO|TraineeHelper.Web.Helpers.NLogger|JSON
Method: POST
URL: http://localhost:57906/get/token
Controller : TraineeHelper.Web.Controllers.AuthenticateController
Action : Authenticate
Action Parameters : {"messageFormat":"JSON","messageArguments":[{"user":{"Id":null,"UserType":null,"UserName":null,"Password":"123456","Email":"yoyo@gmail.com","Location":null,"Description":null,"PhoneNumber":null,"PhoneVisibility":false,"UserVisibility":true,"IsActive":true,"Created":"\/Date(1485620778457)\/","Modified":"\/Date(1485620778457)\/","Name":null,"Birthday":"\/Date(-62135596800000)\/"}}]}

2017-01-28 18:26:18.9942|INFO|TraineeHelper.Web.Helpers.NLogger|JSON
Method: GET
URL: http://localhost:57906/api/account/GetUserName?id=58554525a719fa2ae46765f4
Controller : TraineeHelper.Web.Controllers.AccountApiController
Action : GetUserName
Action Parameters : {"messageFormat":"JSON","messageArguments":[{"id":"58554525a719fa2ae46765f4"}]}

2017-01-28 18:26:32.6015|INFO|TraineeHelper.Web.Helpers.NLogger|JSON
Method: POST
URL: http://localhost:57906/api/Account/UploadImage
Controller : TraineeHelper.Web.Controllers.AccountApiController
Action : PostUserImage
Action Parameters : {"messageFormat":"JSON","messageArguments":[{}]}

2017-01-28 18:47:44.7393|INFO|TraineeHelper.Web.Helpers.NLogger|JSON
Method: POST
URL: http://localhost:57906/get/token
Controller : TraineeHelper.Web.Controllers.AuthenticateController
Action : Authenticate
Action Parameters : {"messageFormat":"JSON","messageArguments":[{"user":{"Id":null,"UserType":null,"UserName":null,"Password":"123456","Email":"yoyo@gmail.com","Location":null,"Description":null,"PhoneNumber":null,"PhoneVisibility":false,"UserVisibility":true,"IsActive":true,"Created":"\/Date(1485622064568)\/","Modified":"\/Date(1485622064568)\/","Name":null,"Birthday":"\/Date(-62135596800000)\/"}}]}

2017-01-28 18:47:45.1374|INFO|TraineeHelper.Web.Helpers.NLogger|JSON
Method: GET
URL: http://localhost:57906/api/account/GetUserName?id=58554525a719fa2ae46765f4
Controller : TraineeHelper.Web.Controllers.AccountApiController
Action : GetUserName
Action Parameters : {"messageFormat":"JSON","messageArguments":[{"id":"58554525a719fa2ae46765f4"}]}

2017-01-28 18:50:09.6626|INFO|TraineeHelper.Web.Helpers.NLogger|JSON
Method: POST
URL: http://localhost:57906/get/token
Controller : TraineeHelper.Web.Controllers.AuthenticateController
Action : Authenticate
Action Parameters : {"messageFormat":"JSON","messageArguments":[{"user":{"Id":null,"UserType":null,"UserName":null,"Password":"123456","Email":"yoyo@gmail.com","Location":null,"Description":null,"PhoneNumber":null,"PhoneVisibility":false,"UserVisibility":true,"IsActive":true,"Created":"\/Date(1485622209475)\/","Modified":"\/Date(1485622209475)\/","Name":null,"Birthday":"\/Date(-62135596800000)\/"}}]}

2017-01-28 18:50:10.0709|INFO|TraineeHelper.Web.Helpers.NLogger|JSON
Method: GET
URL: http://localhost:57906/api/account/GetUserName?id=58554525a719fa2ae46765f4
Controller : TraineeHelper.Web.Controllers.AccountApiController
Action : GetUserName
Action Parameters : {"messageFormat":"JSON","messageArguments":[{"id":"58554525a719fa2ae46765f4"}]}

2017-01-28 18:52:13.7221|INFO|TraineeHelper.Web.Helpers.NLogger|JSON
Method: POST
URL: http://localhost:57906/api/Account/UploadImage?userId=58554525a719fa2ae46765f4
Controller : TraineeHelper.Web.Controllers.AccountApiController
Action : PostUserImage
Action Parameters : {"messageFormat":"JSON","messageArguments":[{"userId":"58554525a719fa2ae46765f4"}]}

