2017-01-21 20:08:09.2633|INFO|TraineeHelper.Web.Helpers.NLogger|JSON
Method: POST
URL: http://localhost:57906/get/token
Controller : TraineeHelper.Web.Controllers.AuthenticateController
Action : Authenticate
Action Parameters : {"messageFormat":"JSON","messageArguments":[{"user":{"Id":null,"UserType":null,"UserName":null,"Password":"123456","Email":"yoyo@gmail.com","Location":null,"Description":null,"PhoneNumber":null,"PhoneVisibility":false,"UserVisibility":true,"IsActive":true,"Created":"\/Date(1485022089076)\/","Modified":"\/Date(1485022089076)\/","Name":null,"Birthday":"\/Date(-62135596800000)\/"}}]}

2017-01-21 20:08:09.6781|INFO|TraineeHelper.Web.Helpers.NLogger|JSON
Method: GET
URL: http://localhost:57906/api/account/GetUserName?id=58554525a719fa2ae46765f4
Controller : TraineeHelper.Web.Controllers.AccountApiController
Action : GetUserName
Action Parameters : {"messageFormat":"JSON","messageArguments":[{"id":"58554525a719fa2ae46765f4"}]}

2017-01-21 20:42:16.7011|INFO|TraineeHelper.Web.Helpers.NLogger|JSON
Method: POST
URL: http://localhost:57906/get/token
Controller : TraineeHelper.Web.Controllers.AuthenticateController
Action : Authenticate
Action Parameters : {"messageFormat":"JSON","messageArguments":[{"user":{"Id":null,"UserType":null,"UserName":null,"Password":"123456","Email":"yoyo@gmail.com","Location":null,"Description":null,"PhoneNumber":null,"PhoneVisibility":false,"UserVisibility":true,"IsActive":true,"Created":"\/Date(1485024136502)\/","Modified":"\/Date(1485024136502)\/","Name":null,"Birthday":"\/Date(-62135596800000)\/"}}]}

2017-01-21 20:42:17.2039|INFO|TraineeHelper.Web.Helpers.NLogger|JSON
Method: GET
URL: http://localhost:57906/api/account/GetUserName?id=58554525a719fa2ae46765f4
Controller : TraineeHelper.Web.Controllers.AccountApiController
Action : GetUserName
Action Parameters : {"messageFormat":"JSON","messageArguments":[{"id":"58554525a719fa2ae46765f4"}]}

2017-01-21 20:42:37.9759|INFO|TraineeHelper.Web.Helpers.NLogger|JSON
Method: POST
URL: http://localhost:57906/advancedSearch
Controller : TraineeHelper.Web.Controllers.SearchDataController
Action : AdvancedSearch
Action Parameters : {"messageFormat":"JSON","messageArguments":[{"searchFilter":{"UserType":"Trainer","UserId":"58554525a719fa2ae46765f4","Location":"Everywhere","Price":"\u003c100","Reputation":2,"GenderFilter":1,"Expertise":["5879e4c1a719fa30ec70c319","5879e4daa719fa30ec70c31a"],"Showers":true,"Parking":true}}]}

