2017-01-14 10:41:26.0100|INFO|TraineeHelper.Web.Helpers.NLogger|JSON
Method: POST
URL: http://localhost:57906/api/CreateExpertise
Controller : TraineeHelper.Web.Controllers.ExpertiseApiController
Action : CreateExpertise
Action Parameters : {"messageFormat":"JSON","messageArguments":[{"expertiseCtx":{"Id":"","ExpertiseName":"TRX"}}]}

2017-01-14 10:43:42.0135|INFO|TraineeHelper.Web.Helpers.NLogger|JSON
Method: POST
URL: http://localhost:57906/api/CreateExpertise
Controller : TraineeHelper.Web.Controllers.ExpertiseApiController
Action : CreateExpertise
Action Parameters : {"messageFormat":"JSON","messageArguments":[{"expertiseCtx":{"Id":"","ExpertiseName":"TRX"}}]}

2017-01-14 10:44:09.2248|INFO|TraineeHelper.Web.Helpers.NLogger|JSON
Method: POST
URL: http://localhost:57906/api/CreateExpertise
Controller : TraineeHelper.Web.Controllers.ExpertiseApiController
Action : CreateExpertise
Action Parameters : {"messageFormat":"JSON","messageArguments":[{"expertiseCtx":{"Id":"","ExpertiseName":"Muscles"}}]}

2017-01-14 10:44:20.0331|INFO|TraineeHelper.Web.Helpers.NLogger|JSON
Method: POST
URL: http://localhost:57906/api/CreateExpertise
Controller : TraineeHelper.Web.Controllers.ExpertiseApiController
Action : CreateExpertise
Action Parameters : {"messageFormat":"JSON","messageArguments":[{"expertiseCtx":{"Id":"","ExpertiseName":"Spinning"}}]}

2017-01-14 10:59:39.3289|INFO|TraineeHelper.Web.Helpers.NLogger|JSON
Method: POST
URL: http://localhost:57906/get/token
Controller : TraineeHelper.Web.Controllers.AuthenticateController
Action : Authenticate
Action Parameters : {"messageFormat":"JSON","messageArguments":[{"user":{"Id":null,"UserType":null,"UserName":null,"Password":"123456","Email":"yoyo@gmail.com","Location":null,"Description":null,"PhoneNumber":null,"PhoneVisibility":false,"UserVisibility":true,"IsActive":true,"Created":"\/Date(1484384379160)\/","Modified":"\/Date(1484384379160)\/","Name":null,"Birthday":"\/Date(-62135596800000)\/"}}]}

2017-01-14 10:59:39.7347|INFO|TraineeHelper.Web.Helpers.NLogger|JSON
Method: GET
URL: http://localhost:57906/api/account/GetUserName?id=58554525a719fa2ae46765f4
Controller : TraineeHelper.Web.Controllers.AccountApiController
Action : GetUserName
Action Parameters : {"messageFormat":"JSON","messageArguments":[{"id":"58554525a719fa2ae46765f4"}]}

