2017-01-18 09:12:38.8970|INFO|TraineeHelper.Web.Helpers.NLogger|JSON
Method: POST
URL: http://localhost:57906/get/token
Controller : TraineeHelper.Web.Controllers.AuthenticateController
Action : Authenticate
Action Parameters : {"messageFormat":"JSON","messageArguments":[{"user":{"Id":null,"UserType":null,"UserName":null,"Password":"123456","Email":"yoyo@gmail.com","Location":null,"Description":null,"PhoneNumber":null,"PhoneVisibility":false,"UserVisibility":true,"IsActive":true,"Created":"\/Date(1484723558722)\/","Modified":"\/Date(1484723558722)\/","Name":null,"Birthday":"\/Date(-62135596800000)\/"}}]}

2017-01-18 09:12:40.5193|INFO|TraineeHelper.Web.Helpers.NLogger|JSON
Method: GET
URL: http://localhost:57906/api/account/GetUserName?id=58554525a719fa2ae46765f4
Controller : TraineeHelper.Web.Controllers.AccountApiController
Action : GetUserName
Action Parameters : {"messageFormat":"JSON","messageArguments":[{"id":"58554525a719fa2ae46765f4"}]}

2017-01-18 09:13:06.4865|INFO|TraineeHelper.Web.Helpers.NLogger|JSON
Method: GET
URL: http://localhost:57906/findUser?userName=daf&userId=58554525a719fa2ae46765f4
Controller : TraineeHelper.Web.Controllers.SearchDataController
Action : FindUser
Action Parameters : {"messageFormat":"JSON","messageArguments":[{"userName":"daf","userId":"58554525a719fa2ae46765f4"}]}

2017-01-18 09:20:53.3933|INFO|TraineeHelper.Web.Helpers.NLogger|JSON
Method: POST
URL: http://localhost:57906/UpdateTrainerReputation?trainerId=58554554a719fa2ae46765f7&reputation=3
Controller : TraineeHelper.Web.Controllers.TrainerApiController
Action : UpdateTrainerReputation
Action Parameters : {"messageFormat":"JSON","messageArguments":[{"trainerId":"58554554a719fa2ae46765f7","reputation":3}]}

2017-01-18 09:31:04.5248|INFO|TraineeHelper.Web.Helpers.NLogger|JSON
Method: POST
URL: http://localhost:57906/UpdateGymReputation?gymId=58554554a719fa2ae46765f7&reputation=3
Controller : TraineeHelper.Web.Controllers.GymApiController
Action : UpdateGymReputation
Action Parameters : {"messageFormat":"JSON","messageArguments":[{"gymId":"58554554a719fa2ae46765f7","reputation":3}]}

