2017-01-26 12:10:57.5119|INFO|TraineeHelper.Web.Helpers.NLogger|JSON
Method: POST
URL: http://localhost:57906/get/token
Controller : TraineeHelper.Web.Controllers.AuthenticateController
Action : Authenticate
Action Parameters : {"messageFormat":"JSON","messageArguments":[{"user":{"Id":null,"UserType":null,"UserName":null,"Password":"123456","Email":"yoyo@gmail.com","Location":null,"Description":null,"PhoneNumber":null,"PhoneVisibility":false,"UserVisibility":true,"IsActive":true,"Created":"\/Date(1485425457302)\/","Modified":"\/Date(1485425457302)\/","Name":null,"Birthday":"\/Date(-62135596800000)\/"}}]}

2017-01-26 12:10:57.9250|INFO|TraineeHelper.Web.Helpers.NLogger|JSON
Method: GET
URL: http://localhost:57906/api/account/GetUserName?id=58554525a719fa2ae46765f4
Controller : TraineeHelper.Web.Controllers.AccountApiController
Action : GetUserName
Action Parameters : {"messageFormat":"JSON","messageArguments":[{"id":"58554525a719fa2ae46765f4"}]}

2017-01-26 17:59:08.4040|INFO|TraineeHelper.Web.Helpers.NLogger|JSON
Method: POST
URL: http://localhost:57906/get/token
Controller : TraineeHelper.Web.Controllers.AuthenticateController
Action : Authenticate
Action Parameters : {"messageFormat":"JSON","messageArguments":[{"user":{"Id":null,"UserType":null,"UserName":null,"Password":"123456","Email":"yoyo@gmail.com","Location":null,"Description":null,"PhoneNumber":null,"PhoneVisibility":false,"UserVisibility":true,"IsActive":true,"Created":"\/Date(1485446348194)\/","Modified":"\/Date(1485446348194)\/","Name":null,"Birthday":"\/Date(-62135596800000)\/"}}]}

2017-01-26 17:59:08.8665|INFO|TraineeHelper.Web.Helpers.NLogger|JSON
Method: GET
URL: http://localhost:57906/api/account/GetUserName?id=58554525a719fa2ae46765f4
Controller : TraineeHelper.Web.Controllers.AccountApiController
Action : GetUserName
Action Parameters : {"messageFormat":"JSON","messageArguments":[{"id":"58554525a719fa2ae46765f4"}]}

2017-01-26 17:59:09.9381|INFO|TraineeHelper.Web.Helpers.NLogger|JSON
Method: POST
URL: http://localhost:57906/get/token
Controller : TraineeHelper.Web.Controllers.AuthenticateController
Action : Authenticate
Action Parameters : {"messageFormat":"JSON","messageArguments":[{"user":{"Id":null,"UserType":null,"UserName":null,"Password":"123456","Email":"yoyo@gmail.com","Location":null,"Description":null,"PhoneNumber":null,"PhoneVisibility":false,"UserVisibility":true,"IsActive":true,"Created":"\/Date(1485446349934)\/","Modified":"\/Date(1485446349934)\/","Name":null,"Birthday":"\/Date(-62135596800000)\/"}}]}

2017-01-26 17:59:10.0156|INFO|TraineeHelper.Web.Helpers.NLogger|JSON
Method: GET
URL: http://localhost:57906/api/account/GetUserName?id=58554525a719fa2ae46765f4
Controller : TraineeHelper.Web.Controllers.AccountApiController
Action : GetUserName
Action Parameters : {"messageFormat":"JSON","messageArguments":[{"id":"58554525a719fa2ae46765f4"}]}

2017-01-26 18:02:43.1757|INFO|TraineeHelper.Web.Helpers.NLogger|JSON
Method: POST
URL: http://localhost:57906/get/token
Controller : TraineeHelper.Web.Controllers.AuthenticateController
Action : Authenticate
Action Parameters : {"messageFormat":"JSON","messageArguments":[{"user":{"Id":null,"UserType":null,"UserName":null,"Password":"123456","Email":"yoyo@gmail.com","Location":null,"Description":null,"PhoneNumber":null,"PhoneVisibility":false,"UserVisibility":true,"IsActive":true,"Created":"\/Date(1485446562991)\/","Modified":"\/Date(1485446562991)\/","Name":null,"Birthday":"\/Date(-62135596800000)\/"}}]}

2017-01-26 18:02:43.6064|INFO|TraineeHelper.Web.Helpers.NLogger|JSON
Method: GET
URL: http://localhost:57906/api/account/GetUserName?id=58554525a719fa2ae46765f4
Controller : TraineeHelper.Web.Controllers.AccountApiController
Action : GetUserName
Action Parameters : {"messageFormat":"JSON","messageArguments":[{"id":"58554525a719fa2ae46765f4"}]}

2017-01-26 18:08:52.2451|INFO|TraineeHelper.Web.Helpers.NLogger|JSON
Method: POST
URL: http://localhost:57906/get/token
Controller : TraineeHelper.Web.Controllers.AuthenticateController
Action : Authenticate
Action Parameters : {"messageFormat":"JSON","messageArguments":[{"user":{"Id":null,"UserType":null,"UserName":null,"Password":"123456","Email":"yoyo@gmail.com","Location":null,"Description":null,"PhoneNumber":null,"PhoneVisibility":false,"UserVisibility":true,"IsActive":true,"Created":"\/Date(1485446931974)\/","Modified":"\/Date(1485446931974)\/","Name":null,"Birthday":"\/Date(-62135596800000)\/"}}]}

2017-01-26 18:08:52.6788|INFO|TraineeHelper.Web.Helpers.NLogger|JSON
Method: GET
URL: http://localhost:57906/api/account/GetUserName?id=58554525a719fa2ae46765f4
Controller : TraineeHelper.Web.Controllers.AccountApiController
Action : GetUserName
Action Parameters : {"messageFormat":"JSON","messageArguments":[{"id":"58554525a719fa2ae46765f4"}]}

